[1.038s] DEBUG:colcon:Command line arguments: ['/usr/bin/colcon', 'list', '-p', '--base-paths', '/home/johan/mapping_sample_ros2']
[1.038s] DEBUG:colcon:Parsed command line arguments: Namespace(allow_overriding=[], base_paths=['/home/johan/mapping_sample_ros2'], build_base='build', ignore_user_meta=False, log_base=None, log_level=None, main=<bound method ListVerb.main of <colcon_package_information.verb.list.ListVerb object at 0x7f199c37da60>>, metas=['./colcon.meta'], names_only=False, packages_above=None, packages_above_and_dependencies=None, packages_above_depth=None, packages_end=None, packages_ignore=None, packages_ignore_regex=None, packages_select=None, packages_select_build_failed=False, packages_select_by_dep=None, packages_select_regex=None, packages_select_test_failures=False, packages_skip=None, packages_skip_build_finished=False, packages_skip_by_dep=None, packages_skip_regex=None, packages_skip_test_passed=False, packages_skip_up_to=None, packages_start=None, packages_up_to=None, packages_up_to_regex=None, paths=None, paths_only=True, topological_graph=False, topological_graph_density=False, topological_graph_dot=False, topological_graph_dot_cluster=False, topological_graph_dot_include_skipped=False, topological_graph_legend=False, topological_order=False, verb_extension=<colcon_package_information.verb.list.ListVerb object at 0x7f199c37da60>, verb_name='list', verb_parser=<colcon_defaults.argument_parser.defaults.DefaultArgumentsDecorator object at 0x7f199bfa3c70>)
[1.106s] Level 1:colcon.colcon_core.package_discovery:discover_packages(colcon_meta) check parameters
[1.106s] Level 1:colcon.colcon_core.package_discovery:discover_packages(recursive) check parameters
[1.106s] Level 1:colcon.colcon_core.package_discovery:discover_packages(ignore) check parameters
[1.106s] Level 1:colcon.colcon_core.package_discovery:discover_packages(path) check parameters
[1.106s] Level 1:colcon.colcon_core.package_discovery:discover_packages(recursive) discover
[1.106s] INFO:colcon.colcon_core.package_discovery:Crawling recursively for packages in '/home/johan/mapping_sample_ros2'
[1.106s] Level 1:colcon.colcon_core.package_identification:_identify(/home/johan/mapping_sample_ros2) by extensions ['ignore', 'ignore_ament_install']
[1.106s] Level 1:colcon.colcon_core.package_identification:_identify(/home/johan/mapping_sample_ros2) by extension 'ignore'
[1.107s] Level 1:colcon.colcon_core.package_identification:_identify(/home/johan/mapping_sample_ros2) by extension 'ignore_ament_install'
[1.107s] Level 1:colcon.colcon_core.package_identification:_identify(/home/johan/mapping_sample_ros2) by extensions ['colcon_pkg']
[1.107s] Level 1:colcon.colcon_core.package_identification:_identify(/home/johan/mapping_sample_ros2) by extension 'colcon_pkg'
[1.107s] Level 1:colcon.colcon_core.package_identification:_identify(/home/johan/mapping_sample_ros2) by extensions ['colcon_meta']
[1.107s] Level 1:colcon.colcon_core.package_identification:_identify(/home/johan/mapping_sample_ros2) by extension 'colcon_meta'
[1.107s] Level 1:colcon.colcon_core.package_identification:_identify(/home/johan/mapping_sample_ros2) by extensions ['ros']
[1.107s] Level 1:colcon.colcon_core.package_identification:_identify(/home/johan/mapping_sample_ros2) by extension 'ros'
[1.121s] Level 1:colcon.colcon_core.package_identification:_identify(/home/johan/mapping_sample_ros2) by extensions ['cmake', 'python']
[1.121s] Level 1:colcon.colcon_core.package_identification:_identify(/home/johan/mapping_sample_ros2) by extension 'cmake'
[1.121s] Level 1:colcon.colcon_core.package_identification:_identify(/home/johan/mapping_sample_ros2) by extension 'python'
[1.121s] Level 1:colcon.colcon_core.package_identification:_identify(/home/johan/mapping_sample_ros2) by extensions ['python_setup_py']
[1.121s] Level 1:colcon.colcon_core.package_identification:_identify(/home/johan/mapping_sample_ros2) by extension 'python_setup_py'
[1.122s] Level 1:colcon.colcon_core.package_identification:_identify(/home/johan/mapping_sample_ros2/log) by extensions ['ignore', 'ignore_ament_install']
[1.122s] Level 1:colcon.colcon_core.package_identification:_identify(/home/johan/mapping_sample_ros2/log) by extension 'ignore'
[1.122s] Level 1:colcon.colcon_core.package_identification:_identify(/home/johan/mapping_sample_ros2/log) ignored
[1.122s] Level 1:colcon.colcon_core.package_identification:_identify(/home/johan/mapping_sample_ros2/src) by extensions ['ignore', 'ignore_ament_install']
[1.122s] Level 1:colcon.colcon_core.package_identification:_identify(/home/johan/mapping_sample_ros2/src) by extension 'ignore'
[1.122s] Level 1:colcon.colcon_core.package_identification:_identify(/home/johan/mapping_sample_ros2/src) by extension 'ignore_ament_install'
[1.122s] Level 1:colcon.colcon_core.package_identification:_identify(/home/johan/mapping_sample_ros2/src) by extensions ['colcon_pkg']
[1.122s] Level 1:colcon.colcon_core.package_identification:_identify(/home/johan/mapping_sample_ros2/src) by extension 'colcon_pkg'
[1.122s] Level 1:colcon.colcon_core.package_identification:_identify(/home/johan/mapping_sample_ros2/src) by extensions ['colcon_meta']
[1.122s] Level 1:colcon.colcon_core.package_identification:_identify(/home/johan/mapping_sample_ros2/src) by extension 'colcon_meta'
[1.122s] Level 1:colcon.colcon_core.package_identification:_identify(/home/johan/mapping_sample_ros2/src) by extensions ['ros']
[1.122s] Level 1:colcon.colcon_core.package_identification:_identify(/home/johan/mapping_sample_ros2/src) by extension 'ros'
[1.122s] Level 1:colcon.colcon_core.package_identification:_identify(/home/johan/mapping_sample_ros2/src) by extensions ['cmake', 'python']
[1.123s] Level 1:colcon.colcon_core.package_identification:_identify(/home/johan/mapping_sample_ros2/src) by extension 'cmake'
[1.123s] Level 1:colcon.colcon_core.package_identification:_identify(/home/johan/mapping_sample_ros2/src) by extension 'python'
[1.123s] Level 1:colcon.colcon_core.package_identification:_identify(/home/johan/mapping_sample_ros2/src) by extensions ['python_setup_py']
[1.123s] Level 1:colcon.colcon_core.package_identification:_identify(/home/johan/mapping_sample_ros2/src) by extension 'python_setup_py'
[1.123s] Level 1:colcon.colcon_core.package_identification:_identify(/home/johan/mapping_sample_ros2/src/sensors) by extensions ['ignore', 'ignore_ament_install']
[1.123s] Level 1:colcon.colcon_core.package_identification:_identify(/home/johan/mapping_sample_ros2/src/sensors) by extension 'ignore'
[1.123s] Level 1:colcon.colcon_core.package_identification:_identify(/home/johan/mapping_sample_ros2/src/sensors) by extension 'ignore_ament_install'
[1.123s] Level 1:colcon.colcon_core.package_identification:_identify(/home/johan/mapping_sample_ros2/src/sensors) by extensions ['colcon_pkg']
[1.123s] Level 1:colcon.colcon_core.package_identification:_identify(/home/johan/mapping_sample_ros2/src/sensors) by extension 'colcon_pkg'
[1.123s] Level 1:colcon.colcon_core.package_identification:_identify(/home/johan/mapping_sample_ros2/src/sensors) by extensions ['colcon_meta']
[1.123s] Level 1:colcon.colcon_core.package_identification:_identify(/home/johan/mapping_sample_ros2/src/sensors) by extension 'colcon_meta'
[1.123s] Level 1:colcon.colcon_core.package_identification:_identify(/home/johan/mapping_sample_ros2/src/sensors) by extensions ['ros']
[1.123s] Level 1:colcon.colcon_core.package_identification:_identify(/home/johan/mapping_sample_ros2/src/sensors) by extension 'ros'
[1.123s] Level 1:colcon.colcon_core.package_identification:_identify(/home/johan/mapping_sample_ros2/src/sensors) by extensions ['cmake', 'python']
[1.123s] Level 1:colcon.colcon_core.package_identification:_identify(/home/johan/mapping_sample_ros2/src/sensors) by extension 'cmake'
[1.123s] Level 1:colcon.colcon_core.package_identification:_identify(/home/johan/mapping_sample_ros2/src/sensors) by extension 'python'
[1.124s] Level 1:colcon.colcon_core.package_identification:_identify(/home/johan/mapping_sample_ros2/src/sensors) by extensions ['python_setup_py']
[1.124s] Level 1:colcon.colcon_core.package_identification:_identify(/home/johan/mapping_sample_ros2/src/sensors) by extension 'python_setup_py'
[1.124s] Level 1:colcon.colcon_core.package_identification:_identify(/home/johan/mapping_sample_ros2/src/sensors/fdilink_ahrs_ROS2) by extensions ['ignore', 'ignore_ament_install']
[1.124s] Level 1:colcon.colcon_core.package_identification:_identify(/home/johan/mapping_sample_ros2/src/sensors/fdilink_ahrs_ROS2) by extension 'ignore'
[1.124s] Level 1:colcon.colcon_core.package_identification:_identify(/home/johan/mapping_sample_ros2/src/sensors/fdilink_ahrs_ROS2) by extension 'ignore_ament_install'
[1.124s] Level 1:colcon.colcon_core.package_identification:_identify(/home/johan/mapping_sample_ros2/src/sensors/fdilink_ahrs_ROS2) by extensions ['colcon_pkg']
[1.124s] Level 1:colcon.colcon_core.package_identification:_identify(/home/johan/mapping_sample_ros2/src/sensors/fdilink_ahrs_ROS2) by extension 'colcon_pkg'
[1.124s] Level 1:colcon.colcon_core.package_identification:_identify(/home/johan/mapping_sample_ros2/src/sensors/fdilink_ahrs_ROS2) by extensions ['colcon_meta']
[1.124s] Level 1:colcon.colcon_core.package_identification:_identify(/home/johan/mapping_sample_ros2/src/sensors/fdilink_ahrs_ROS2) by extension 'colcon_meta'
[1.124s] Level 1:colcon.colcon_core.package_identification:_identify(/home/johan/mapping_sample_ros2/src/sensors/fdilink_ahrs_ROS2) by extensions ['ros']
[1.124s] Level 1:colcon.colcon_core.package_identification:_identify(/home/johan/mapping_sample_ros2/src/sensors/fdilink_ahrs_ROS2) by extension 'ros'
[1.128s] DEBUG:colcon.colcon_core.package_identification:Package '/home/johan/mapping_sample_ros2/src/sensors/fdilink_ahrs_ROS2' with type 'ros.ament_cmake' and name 'fdilink_ahrs'
[1.128s] Level 1:colcon.colcon_core.package_identification:_identify(/home/johan/mapping_sample_ros2/src/sensors/rc_nav2) by extensions ['ignore', 'ignore_ament_install']
[1.128s] Level 1:colcon.colcon_core.package_identification:_identify(/home/johan/mapping_sample_ros2/src/sensors/rc_nav2) by extension 'ignore'
[1.129s] Level 1:colcon.colcon_core.package_identification:_identify(/home/johan/mapping_sample_ros2/src/sensors/rc_nav2) by extension 'ignore_ament_install'
[1.129s] Level 1:colcon.colcon_core.package_identification:_identify(/home/johan/mapping_sample_ros2/src/sensors/rc_nav2) by extensions ['colcon_pkg']
[1.129s] Level 1:colcon.colcon_core.package_identification:_identify(/home/johan/mapping_sample_ros2/src/sensors/rc_nav2) by extension 'colcon_pkg'
[1.129s] Level 1:colcon.colcon_core.package_identification:_identify(/home/johan/mapping_sample_ros2/src/sensors/rc_nav2) by extensions ['colcon_meta']
[1.129s] Level 1:colcon.colcon_core.package_identification:_identify(/home/johan/mapping_sample_ros2/src/sensors/rc_nav2) by extension 'colcon_meta'
[1.129s] Level 1:colcon.colcon_core.package_identification:_identify(/home/johan/mapping_sample_ros2/src/sensors/rc_nav2) by extensions ['ros']
[1.129s] Level 1:colcon.colcon_core.package_identification:_identify(/home/johan/mapping_sample_ros2/src/sensors/rc_nav2) by extension 'ros'
[1.129s] DEBUG:colcon.colcon_core.package_identification:Package '/home/johan/mapping_sample_ros2/src/sensors/rc_nav2' with type 'ros.ament_cmake' and name 'rc_nav2'
[1.130s] Level 1:colcon.colcon_core.package_identification:_identify(/home/johan/mapping_sample_ros2/src/sensors/sllidar_ros2) by extensions ['ignore', 'ignore_ament_install']
[1.130s] Level 1:colcon.colcon_core.package_identification:_identify(/home/johan/mapping_sample_ros2/src/sensors/sllidar_ros2) by extension 'ignore'
[1.130s] Level 1:colcon.colcon_core.package_identification:_identify(/home/johan/mapping_sample_ros2/src/sensors/sllidar_ros2) by extension 'ignore_ament_install'
[1.130s] Level 1:colcon.colcon_core.package_identification:_identify(/home/johan/mapping_sample_ros2/src/sensors/sllidar_ros2) by extensions ['colcon_pkg']
[1.130s] Level 1:colcon.colcon_core.package_identification:_identify(/home/johan/mapping_sample_ros2/src/sensors/sllidar_ros2) by extension 'colcon_pkg'
[1.130s] Level 1:colcon.colcon_core.package_identification:_identify(/home/johan/mapping_sample_ros2/src/sensors/sllidar_ros2) by extensions ['colcon_meta']
[1.130s] Level 1:colcon.colcon_core.package_identification:_identify(/home/johan/mapping_sample_ros2/src/sensors/sllidar_ros2) by extension 'colcon_meta'
[1.130s] Level 1:colcon.colcon_core.package_identification:_identify(/home/johan/mapping_sample_ros2/src/sensors/sllidar_ros2) by extensions ['ros']
[1.130s] Level 1:colcon.colcon_core.package_identification:_identify(/home/johan/mapping_sample_ros2/src/sensors/sllidar_ros2) by extension 'ros'
[1.131s] DEBUG:colcon.colcon_core.package_identification:Package '/home/johan/mapping_sample_ros2/src/sensors/sllidar_ros2' with type 'ros.ament_cmake' and name 'sllidar_ros2'
[1.131s] Level 1:colcon.colcon_core.package_discovery:discover_packages(recursive) using defaults
