[0.079s] Invoking command in '/home/johan/mapping_sample_ros2/build/sllidar_ros2': CMAKE_PREFIX_PATH=/opt/ros/foxy /usr/bin/cmake --build /home/johan/mapping_sample_ros2/build/sllidar_ros2 -- -j16 -l16
[0.121s] [ 90%] Built target sllidar_node
[0.127s] [100%] Built target sllidar_client
[0.202s] Invoked command in '/home/johan/mapping_sample_ros2/build/sllidar_ros2' returned '0': CMAKE_PREFIX_PATH=/opt/ros/foxy /usr/bin/cmake --build /home/johan/mapping_sample_ros2/build/sllidar_ros2 -- -j16 -l16
[0.308s] Invoking command in '/home/johan/mapping_sample_ros2/build/sllidar_ros2': CMAKE_PREFIX_PATH=/opt/ros/foxy /usr/bin/cmake --install /home/johan/mapping_sample_ros2/build/sllidar_ros2
[0.313s] -- Install configuration: ""
[0.313s] -- Up-to-date: /home/johan/mapping_sample_ros2/install/sllidar_ros2/share/sllidar_ros2/launch
[0.313s] -- Up-to-date: /home/johan/mapping_sample_ros2/install/sllidar_ros2/share/sllidar_ros2/launch/sllidar_s2_launch.py
[0.313s] -- Up-to-date: /home/johan/mapping_sample_ros2/install/sllidar_ros2/share/sllidar_ros2/launch/view_sllidar_s2_launch.py
[0.313s] -- Up-to-date: /home/johan/mapping_sample_ros2/install/sllidar_ros2/share/sllidar_ros2/rviz
[0.313s] -- Up-to-date: /home/johan/mapping_sample_ros2/install/sllidar_ros2/share/sllidar_ros2/rviz/sllidar_ros2.rviz
[0.313s] -- Up-to-date: /home/johan/mapping_sample_ros2/install/sllidar_ros2/lib/sllidar_ros2/sllidar_node
[0.313s] -- Up-to-date: /home/johan/mapping_sample_ros2/install/sllidar_ros2/lib/sllidar_ros2/sllidar_client
[0.313s] -- Up-to-date: /home/johan/mapping_sample_ros2/install/sllidar_ros2/share/ament_index/resource_index/package_run_dependencies/sllidar_ros2
[0.314s] -- Up-to-date: /home/johan/mapping_sample_ros2/install/sllidar_ros2/share/ament_index/resource_index/parent_prefix_path/sllidar_ros2
[0.314s] -- Up-to-date: /home/johan/mapping_sample_ros2/install/sllidar_ros2/share/sllidar_ros2/environment/ament_prefix_path.sh
[0.314s] -- Up-to-date: /home/johan/mapping_sample_ros2/install/sllidar_ros2/share/sllidar_ros2/environment/ament_prefix_path.dsv
[0.314s] -- Up-to-date: /home/johan/mapping_sample_ros2/install/sllidar_ros2/share/sllidar_ros2/environment/path.sh
[0.314s] -- Up-to-date: /home/johan/mapping_sample_ros2/install/sllidar_ros2/share/sllidar_ros2/environment/path.dsv
[0.314s] -- Up-to-date: /home/johan/mapping_sample_ros2/install/sllidar_ros2/share/sllidar_ros2/local_setup.bash
[0.314s] -- Up-to-date: /home/johan/mapping_sample_ros2/install/sllidar_ros2/share/sllidar_ros2/local_setup.sh
[0.314s] -- Up-to-date: /home/johan/mapping_sample_ros2/install/sllidar_ros2/share/sllidar_ros2/local_setup.zsh
[0.315s] -- Up-to-date: /home/johan/mapping_sample_ros2/install/sllidar_ros2/share/sllidar_ros2/local_setup.dsv
[0.315s] -- Installing: /home/johan/mapping_sample_ros2/install/sllidar_ros2/share/sllidar_ros2/package.dsv
[0.315s] -- Up-to-date: /home/johan/mapping_sample_ros2/install/sllidar_ros2/share/ament_index/resource_index/packages/sllidar_ros2
[0.315s] -- Up-to-date: /home/johan/mapping_sample_ros2/install/sllidar_ros2/share/sllidar_ros2/cmake/ament_cmake_export_dependencies-extras.cmake
[0.315s] -- Up-to-date: /home/johan/mapping_sample_ros2/install/sllidar_ros2/share/sllidar_ros2/cmake/ament_cmake_export_include_directories-extras.cmake
[0.315s] -- Up-to-date: /home/johan/mapping_sample_ros2/install/sllidar_ros2/share/sllidar_ros2/cmake/sllidar_ros2Config.cmake
[0.316s] -- Up-to-date: /home/johan/mapping_sample_ros2/install/sllidar_ros2/share/sllidar_ros2/cmake/sllidar_ros2Config-version.cmake
[0.316s] -- Up-to-date: /home/johan/mapping_sample_ros2/install/sllidar_ros2/share/sllidar_ros2/package.xml
[0.316s] Invoked command in '/home/johan/mapping_sample_ros2/build/sllidar_ros2' returned '0': CMAKE_PREFIX_PATH=/opt/ros/foxy /usr/bin/cmake --install /home/johan/mapping_sample_ros2/build/sllidar_ros2
