[35m[1mScanning dependencies of target ahrs_driver_node[0m
[ 28%] Built target imu_tf_node
[ 71%] [32mBuilding CXX object CMakeFiles/ahrs_driver_node.dir/src/ahrs_driver.cpp.o[0m
[ 71%] Built target odom_node
[01m[K/home/johan/mapping_sample_ros2/src/sensors/fdilink_ahrs_ROS2/src/ahrs_driver.cpp:[m[K In member function ‘[01m[Kvoid FDILink::ahrsBringup::processLoop()[m[K’:
[01m[K/home/johan/mapping_sample_ros2/src/sensors/fdilink_ahrs_ROS2/src/ahrs_driver.cpp:149:14:[m[K [01;35m[Kwarning: [m[Kunused variable ‘[01m[Kground_sn_s[m[K’ [[01;35m[K-Wunused-variable[m[K]
  149 |       size_t [01;35m[Kground_sn_s[m[K = serial_.read(ground_sn, 1);
      |              [01;35m[K^~~~~~~~~~~[m[K
[01m[K/home/johan/mapping_sample_ros2/src/sensors/fdilink_ahrs_ROS2/src/ahrs_driver.cpp:174:14:[m[K [01;35m[Kwarning: [m[Kunused variable ‘[01m[Kground_ignore_s[m[K’ [[01;35m[K-Wunused-variable[m[K]
  174 |       size_t [01;35m[Kground_ignore_s[m[K = serial_.read(ground_ignore, (check_len[0] + 4));
      |              [01;35m[K^~~~~~~~~~~~~~~[m[K
[01m[K/home/johan/mapping_sample_ros2/src/sensors/fdilink_ahrs_ROS2/src/ahrs_driver.cpp:225:14:[m[K [01;35m[Kwarning: [m[Kunused variable ‘[01m[Kdata_s[m[K’ [[01;35m[K-Wunused-variable[m[K]
  225 |       size_t [01;35m[Kdata_s[m[K = serial_.read(imu_frame_.read_buf.read_msg, (IMU_LEN + 1));  // 48+1
      |              [01;35m[K^~~~~~[m[K
[01m[K/home/johan/mapping_sample_ros2/src/sensors/fdilink_ahrs_ROS2/src/ahrs_driver.cpp:266:26:[m[K [01;35m[Kwarning: [m[Kvariable ‘[01m[Kq_xiao_rr[m[K’ set but not used [[01;35m[K-Wunused-but-set-variable[m[K]
  266 |       Eigen::Quaterniond [01;35m[Kq_xiao_rr[m[K = Eigen::AngleAxisd(PI / 2, Eigen::Vector3d::UnitZ()) *
      |                          [01;35m[K^~~~~~~~~[m[K
[01m[K/home/johan/mapping_sample_ros2/src/sensors/fdilink_ahrs_ROS2/src/ahrs_driver.cpp:122:12:[m[K [01;35m[Kwarning: [m[Kunused variable ‘[01m[Ktype_s[m[K’ [[01;35m[K-Wunused-variable[m[K]
  122 |     size_t [01;35m[Ktype_s[m[K = serial_.read(head_type, 1);
      |            [01;35m[K^~~~~~[m[K
[01m[K/home/johan/mapping_sample_ros2/src/sensors/fdilink_ahrs_ROS2/src/ahrs_driver.cpp:136:12:[m[K [01;35m[Kwarning: [m[Kunused variable ‘[01m[Klen_s[m[K’ [[01;35m[K-Wunused-variable[m[K]
  136 |     size_t [01;35m[Klen_s[m[K = serial_.read(check_len, 1);
      |            [01;35m[K^~~~~[m[K
[01m[K/home/johan/mapping_sample_ros2/src/sensors/fdilink_ahrs_ROS2/src/ahrs_driver.cpp:179:12:[m[K [01;35m[Kwarning: [m[Kunused variable ‘[01m[Ksn_s[m[K’ [[01;35m[K-Wunused-variable[m[K]
  179 |     size_t [01;35m[Ksn_s[m[K = serial_.read(check_sn, 1);
      |            [01;35m[K^~~~[m[K
[01m[K/home/johan/mapping_sample_ros2/src/sensors/fdilink_ahrs_ROS2/src/ahrs_driver.cpp:181:12:[m[K [01;35m[Kwarning: [m[Kunused variable ‘[01m[Kcrc8_s[m[K’ [[01;35m[K-Wunused-variable[m[K]
  181 |     size_t [01;35m[Kcrc8_s[m[K = serial_.read(head_crc8, 1);
      |            [01;35m[K^~~~~~[m[K
[01m[K/home/johan/mapping_sample_ros2/src/sensors/fdilink_ahrs_ROS2/src/ahrs_driver.cpp:184:12:[m[K [01;35m[Kwarning: [m[Kunused variable ‘[01m[Kcrc16_H_s[m[K’ [[01;35m[K-Wunused-variable[m[K]
  184 |     size_t [01;35m[Kcrc16_H_s[m[K = serial_.read(head_crc16_H, 1);
      |            [01;35m[K^~~~~~~~~[m[K
[01m[K/home/johan/mapping_sample_ros2/src/sensors/fdilink_ahrs_ROS2/src/ahrs_driver.cpp:185:12:[m[K [01;35m[Kwarning: [m[Kunused variable ‘[01m[Kcrc16_L_s[m[K’ [[01;35m[K-Wunused-variable[m[K]
  185 |     size_t [01;35m[Kcrc16_L_s[m[K = serial_.read(head_crc16_L, 1);
      |            [01;35m[K^~~~~~~~~[m[K
[ 85%] [32m[1mLinking CXX executable ahrs_driver_node[0m
[100%] Built target ahrs_driver_node
-- Install configuration: ""
-- Installing: /home/johan/mapping_sample_ros2/install/fdilink_ahrs/lib/fdilink_ahrs/ahrs_driver_node
-- Set runtime path of "/home/johan/mapping_sample_ros2/install/fdilink_ahrs/lib/fdilink_ahrs/ahrs_driver_node" to ""
-- Up-to-date: /home/johan/mapping_sample_ros2/install/fdilink_ahrs/lib/fdilink_ahrs/imu_tf_node
-- Up-to-date: /home/johan/mapping_sample_ros2/install/fdilink_ahrs/lib/fdilink_ahrs/odom_node
-- Up-to-date: /home/johan/mapping_sample_ros2/install/fdilink_ahrs/share/fdilink_ahrs/launch
-- Up-to-date: /home/johan/mapping_sample_ros2/install/fdilink_ahrs/share/fdilink_ahrs/launch/ahrs_driver.launch.py
-- Up-to-date: /home/johan/mapping_sample_ros2/install/fdilink_ahrs/share/fdilink_ahrs/config
-- Up-to-date: /home/johan/mapping_sample_ros2/install/fdilink_ahrs/share/ament_index/resource_index/package_run_dependencies/fdilink_ahrs
-- Up-to-date: /home/johan/mapping_sample_ros2/install/fdilink_ahrs/share/ament_index/resource_index/parent_prefix_path/fdilink_ahrs
-- Up-to-date: /home/johan/mapping_sample_ros2/install/fdilink_ahrs/share/fdilink_ahrs/environment/ament_prefix_path.sh
-- Up-to-date: /home/johan/mapping_sample_ros2/install/fdilink_ahrs/share/fdilink_ahrs/environment/ament_prefix_path.dsv
-- Up-to-date: /home/johan/mapping_sample_ros2/install/fdilink_ahrs/share/fdilink_ahrs/environment/path.sh
-- Up-to-date: /home/johan/mapping_sample_ros2/install/fdilink_ahrs/share/fdilink_ahrs/environment/path.dsv
-- Up-to-date: /home/johan/mapping_sample_ros2/install/fdilink_ahrs/share/fdilink_ahrs/local_setup.bash
-- Up-to-date: /home/johan/mapping_sample_ros2/install/fdilink_ahrs/share/fdilink_ahrs/local_setup.sh
-- Up-to-date: /home/johan/mapping_sample_ros2/install/fdilink_ahrs/share/fdilink_ahrs/local_setup.zsh
-- Up-to-date: /home/johan/mapping_sample_ros2/install/fdilink_ahrs/share/fdilink_ahrs/local_setup.dsv
-- Installing: /home/johan/mapping_sample_ros2/install/fdilink_ahrs/share/fdilink_ahrs/package.dsv
-- Up-to-date: /home/johan/mapping_sample_ros2/install/fdilink_ahrs/share/ament_index/resource_index/packages/fdilink_ahrs
-- Up-to-date: /home/johan/mapping_sample_ros2/install/fdilink_ahrs/share/fdilink_ahrs/cmake/fdilink_ahrsConfig.cmake
-- Up-to-date: /home/johan/mapping_sample_ros2/install/fdilink_ahrs/share/fdilink_ahrs/cmake/fdilink_ahrsConfig-version.cmake
-- Up-to-date: /home/johan/mapping_sample_ros2/install/fdilink_ahrs/share/fdilink_ahrs/package.xml
