[0.132s] Invoking command in '/home/johan/mapping_sample_ros2/build/rc_nav2': CMAKE_PREFIX_PATH=/opt/ros/foxy /usr/bin/cmake /home/johan/mapping_sample_ros2/src/rc_nav2 -DCMAKE_INSTALL_PREFIX=/home/johan/mapping_sample_ros2/install/rc_nav2
[0.185s] -- The C compiler identification is GNU 9.4.0
[0.229s] -- The CXX compiler identification is GNU 9.4.0
[0.241s] -- Check for working C compiler: /usr/bin/cc
[0.286s] -- Check for working C compiler: /usr/bin/cc -- works
[0.287s] -- Detecting C compiler ABI info
[0.332s] -- Detecting C compiler ABI info - done
[0.346s] -- Detecting C compile features
[0.346s] -- Detecting C compile features - done
[0.349s] -- Check for working CXX compiler: /usr/bin/c++
[0.401s] -- Check for working CXX compiler: /usr/bin/c++ -- works
[0.401s] -- Detecting CXX compiler ABI info
[0.453s] -- Detecting CXX compiler ABI info - done
[0.468s] -- Detecting CXX compile features
[0.468s] -- Detecting CXX compile features - done
[0.473s] -- Found ament_cmake: 0.9.12 (/opt/ros/foxy/share/ament_cmake/cmake)
[0.491s] -- Found PythonInterp: /usr/bin/python3 (found suitable version "3.8.10", minimum required is "3") 
[0.491s] -- Using PYTHON_EXECUTABLE: /usr/bin/python3
[0.616s] -- Found ament_lint_auto: 0.9.8 (/opt/ros/foxy/share/ament_lint_auto/cmake)
[0.672s] -- Added test 'copyright' to check source files copyright and LICENSE
[0.673s] -- Added test 'flake8' to check Python code syntax and style conventions
[0.673s] -- Added test 'lint_cmake' to check CMake code style
[0.673s] -- Added test 'pep257' to check Python code against some of the style conventions in PEP 257
[0.674s] -- Added test 'xmllint' to check XML markup files
[0.675s] -- Configuring done
[0.676s] -- Generating done
[0.677s] -- Build files have been written to: /home/johan/mapping_sample_ros2/build/rc_nav2
[0.679s] Invoked command in '/home/johan/mapping_sample_ros2/build/rc_nav2' returned '0': CMAKE_PREFIX_PATH=/opt/ros/foxy /usr/bin/cmake /home/johan/mapping_sample_ros2/src/rc_nav2 -DCMAKE_INSTALL_PREFIX=/home/johan/mapping_sample_ros2/install/rc_nav2
[0.682s] Invoking command in '/home/johan/mapping_sample_ros2/build/rc_nav2': CMAKE_PREFIX_PATH=/opt/ros/foxy /usr/bin/cmake --build /home/johan/mapping_sample_ros2/build/rc_nav2 -- -j16 -l16
[0.710s] Invoked command in '/home/johan/mapping_sample_ros2/build/rc_nav2' returned '0': CMAKE_PREFIX_PATH=/opt/ros/foxy /usr/bin/cmake --build /home/johan/mapping_sample_ros2/build/rc_nav2 -- -j16 -l16
[0.734s] Invoking command in '/home/johan/mapping_sample_ros2/build/rc_nav2': CMAKE_PREFIX_PATH=/opt/ros/foxy /usr/bin/cmake --install /home/johan/mapping_sample_ros2/build/rc_nav2
[0.740s] -- Install configuration: ""
[0.740s] -- Installing: /home/johan/mapping_sample_ros2/install/rc_nav2/share/rc_nav2/launch
[0.740s] -- Installing: /home/johan/mapping_sample_ros2/install/rc_nav2/share/rc_nav2/launch/online_async_launch.py
[0.740s] -- Installing: /home/johan/mapping_sample_ros2/install/rc_nav2/share/rc_nav2/config
[0.740s] -- Installing: /home/johan/mapping_sample_ros2/install/rc_nav2/share/rc_nav2/config/mapper_params_online_async.yaml
[0.740s] -- Installing: /home/johan/mapping_sample_ros2/install/rc_nav2/share/ament_index/resource_index/package_run_dependencies/rc_nav2
[0.740s] -- Installing: /home/johan/mapping_sample_ros2/install/rc_nav2/share/ament_index/resource_index/parent_prefix_path/rc_nav2
[0.740s] -- Installing: /home/johan/mapping_sample_ros2/install/rc_nav2/share/rc_nav2/environment/ament_prefix_path.sh
[0.741s] -- Installing: /home/johan/mapping_sample_ros2/install/rc_nav2/share/rc_nav2/environment/ament_prefix_path.dsv
[0.741s] -- Installing: /home/johan/mapping_sample_ros2/install/rc_nav2/share/rc_nav2/environment/path.sh
[0.741s] -- Installing: /home/johan/mapping_sample_ros2/install/rc_nav2/share/rc_nav2/environment/path.dsv
[0.741s] -- Installing: /home/johan/mapping_sample_ros2/install/rc_nav2/share/rc_nav2/local_setup.bash
[0.741s] -- Installing: /home/johan/mapping_sample_ros2/install/rc_nav2/share/rc_nav2/local_setup.sh
[0.741s] -- Installing: /home/johan/mapping_sample_ros2/install/rc_nav2/share/rc_nav2/local_setup.zsh
[0.741s] -- Installing: /home/johan/mapping_sample_ros2/install/rc_nav2/share/rc_nav2/local_setup.dsv
[0.741s] -- Installing: /home/johan/mapping_sample_ros2/install/rc_nav2/share/rc_nav2/package.dsv
[0.742s] -- Installing: /home/johan/mapping_sample_ros2/install/rc_nav2/share/ament_index/resource_index/packages/rc_nav2
[0.742s] -- Installing: /home/johan/mapping_sample_ros2/install/rc_nav2/share/rc_nav2/cmake/rc_nav2Config.cmake
[0.742s] -- Installing: /home/johan/mapping_sample_ros2/install/rc_nav2/share/rc_nav2/cmake/rc_nav2Config-version.cmake
[0.742s] -- Installing: /home/johan/mapping_sample_ros2/install/rc_nav2/share/rc_nav2/package.xml
[0.742s] Invoked command in '/home/johan/mapping_sample_ros2/build/rc_nav2' returned '0': CMAKE_PREFIX_PATH=/opt/ros/foxy /usr/bin/cmake --install /home/johan/mapping_sample_ros2/build/rc_nav2
