[0.258s] Invoking command in '/home/johan/mapping_sample_ros2/build/fdilink_ahrs': CMAKE_PREFIX_PATH=${CMAKE_PREFIX_PATH}:/opt/ros/foxy /usr/bin/cmake --build /home/johan/mapping_sample_ros2/build/fdilink_ahrs -- -j16 -l16
[0.301s] [ 28%] Built target odom_node
[0.308s] [ 71%] Built target ahrs_driver_node
[0.313s] [100%] Built target imu_tf_node
[0.324s] Invoked command in '/home/johan/mapping_sample_ros2/build/fdilink_ahrs' returned '0': CMAKE_PREFIX_PATH=${CMAKE_PREFIX_PATH}:/opt/ros/foxy /usr/bin/cmake --build /home/johan/mapping_sample_ros2/build/fdilink_ahrs -- -j16 -l16
[0.405s] Invoking command in '/home/johan/mapping_sample_ros2/build/fdilink_ahrs': CMAKE_PREFIX_PATH=${CMAKE_PREFIX_PATH}:/opt/ros/foxy /usr/bin/cmake --install /home/johan/mapping_sample_ros2/build/fdilink_ahrs
[0.411s] -- Install configuration: ""
[0.411s] -- Up-to-date: /home/johan/mapping_sample_ros2/install/fdilink_ahrs/lib/fdilink_ahrs/ahrs_driver_node
[0.411s] -- Up-to-date: /home/johan/mapping_sample_ros2/install/fdilink_ahrs/lib/fdilink_ahrs/imu_tf_node
[0.411s] -- Up-to-date: /home/johan/mapping_sample_ros2/install/fdilink_ahrs/lib/fdilink_ahrs/odom_node
[0.412s] -- Up-to-date: /home/johan/mapping_sample_ros2/install/fdilink_ahrs/share/fdilink_ahrs/launch
[0.412s] -- Up-to-date: /home/johan/mapping_sample_ros2/install/fdilink_ahrs/share/fdilink_ahrs/launch/ahrs_driver.launch.py
[0.412s] -- Up-to-date: /home/johan/mapping_sample_ros2/install/fdilink_ahrs/share/fdilink_ahrs/config
[0.412s] -- Up-to-date: /home/johan/mapping_sample_ros2/install/fdilink_ahrs/share/ament_index/resource_index/package_run_dependencies/fdilink_ahrs
[0.412s] -- Up-to-date: /home/johan/mapping_sample_ros2/install/fdilink_ahrs/share/ament_index/resource_index/parent_prefix_path/fdilink_ahrs
[0.413s] -- Up-to-date: /home/johan/mapping_sample_ros2/install/fdilink_ahrs/share/fdilink_ahrs/environment/ament_prefix_path.sh
[0.413s] -- Up-to-date: /home/johan/mapping_sample_ros2/install/fdilink_ahrs/share/fdilink_ahrs/environment/ament_prefix_path.dsv
[0.413s] -- Up-to-date: /home/johan/mapping_sample_ros2/install/fdilink_ahrs/share/fdilink_ahrs/environment/path.sh
[0.414s] -- Up-to-date: /home/johan/mapping_sample_ros2/install/fdilink_ahrs/share/fdilink_ahrs/environment/path.dsv
[0.414s] -- Up-to-date: /home/johan/mapping_sample_ros2/install/fdilink_ahrs/share/fdilink_ahrs/local_setup.bash
[0.414s] -- Up-to-date: /home/johan/mapping_sample_ros2/install/fdilink_ahrs/share/fdilink_ahrs/local_setup.sh
[0.414s] -- Up-to-date: /home/johan/mapping_sample_ros2/install/fdilink_ahrs/share/fdilink_ahrs/local_setup.zsh
[0.414s] -- Up-to-date: /home/johan/mapping_sample_ros2/install/fdilink_ahrs/share/fdilink_ahrs/local_setup.dsv
[0.414s] -- Installing: /home/johan/mapping_sample_ros2/install/fdilink_ahrs/share/fdilink_ahrs/package.dsv
[0.415s] -- Up-to-date: /home/johan/mapping_sample_ros2/install/fdilink_ahrs/share/ament_index/resource_index/packages/fdilink_ahrs
[0.415s] -- Up-to-date: /home/johan/mapping_sample_ros2/install/fdilink_ahrs/share/fdilink_ahrs/cmake/fdilink_ahrsConfig.cmake
[0.415s] -- Up-to-date: /home/johan/mapping_sample_ros2/install/fdilink_ahrs/share/fdilink_ahrs/cmake/fdilink_ahrsConfig-version.cmake
[0.415s] -- Up-to-date: /home/johan/mapping_sample_ros2/install/fdilink_ahrs/share/fdilink_ahrs/package.xml
[0.415s] Invoked command in '/home/johan/mapping_sample_ros2/build/fdilink_ahrs' returned '0': CMAKE_PREFIX_PATH=${CMAKE_PREFIX_PATH}:/opt/ros/foxy /usr/bin/cmake --install /home/johan/mapping_sample_ros2/build/fdilink_ahrs
