[1.154s] DEBUG:colcon:Command line arguments: ['/usr/bin/colcon', 'build']
[1.154s] DEBUG:colcon:Parsed command line arguments: Namespace(allow_overriding=[], ament_cmake_args=None, base_paths=['.'], build_base='build', catkin_cmake_args=None, catkin_skip_building_tests=False, cmake_args=None, cmake_clean_cache=False, cmake_clean_first=False, cmake_force_configure=False, cmake_target=None, cmake_target_skip_unavailable=False, continue_on_error=False, event_handlers=None, executor='parallel', ignore_user_meta=False, install_base='install', log_base=None, log_level=None, main=<bound method BuildVerb.main of <colcon_core.verb.build.BuildVerb object at 0x7f15118fc5b0>>, merge_install=False, metas=['./colcon.meta'], packages_above=None, packages_above_and_dependencies=None, packages_above_depth=None, packages_end=None, packages_ignore=None, packages_ignore_regex=None, packages_select=None, packages_select_build_failed=False, packages_select_by_dep=None, packages_select_regex=None, packages_select_test_failures=False, packages_skip=None, packages_skip_build_finished=False, packages_skip_by_dep=None, packages_skip_regex=None, packages_skip_test_passed=False, packages_skip_up_to=None, packages_start=None, packages_up_to=None, packages_up_to_regex=None, parallel_workers=16, paths=None, symlink_install=False, test_result_base=None, verb_extension=<colcon_core.verb.build.BuildVerb object at 0x7f15118fc5b0>, verb_name='build', verb_parser=<colcon_defaults.argument_parser.defaults.DefaultArgumentsDecorator object at 0x7f151189dd30>)
[1.205s] Level 1:colcon.colcon_core.package_discovery:discover_packages(colcon_meta) check parameters
[1.206s] Level 1:colcon.colcon_core.package_discovery:discover_packages(recursive) check parameters
[1.206s] Level 1:colcon.colcon_core.package_discovery:discover_packages(ignore) check parameters
[1.206s] Level 1:colcon.colcon_core.package_discovery:discover_packages(path) check parameters
[1.206s] Level 1:colcon.colcon_core.package_discovery:discover_packages(colcon_meta) discover
[1.206s] Level 1:colcon.colcon_core.package_discovery:discover_packages(recursive) discover
[1.206s] INFO:colcon.colcon_core.package_discovery:Crawling recursively for packages in '/home/johan/mapping_sample_ros2'
[1.206s] Level 1:colcon.colcon_core.package_identification:_identify(.) by extensions ['ignore', 'ignore_ament_install']
[1.206s] Level 1:colcon.colcon_core.package_identification:_identify(.) by extension 'ignore'
[1.206s] Level 1:colcon.colcon_core.package_identification:_identify(.) by extension 'ignore_ament_install'
[1.206s] Level 1:colcon.colcon_core.package_identification:_identify(.) by extensions ['colcon_pkg']
[1.206s] Level 1:colcon.colcon_core.package_identification:_identify(.) by extension 'colcon_pkg'
[1.206s] Level 1:colcon.colcon_core.package_identification:_identify(.) by extensions ['colcon_meta']
[1.206s] Level 1:colcon.colcon_core.package_identification:_identify(.) by extension 'colcon_meta'
[1.206s] Level 1:colcon.colcon_core.package_identification:_identify(.) by extensions ['ros']
[1.206s] Level 1:colcon.colcon_core.package_identification:_identify(.) by extension 'ros'
[1.213s] Level 1:colcon.colcon_core.package_identification:_identify(.) by extensions ['cmake', 'python']
[1.213s] Level 1:colcon.colcon_core.package_identification:_identify(.) by extension 'cmake'
[1.213s] Level 1:colcon.colcon_core.package_identification:_identify(.) by extension 'python'
[1.213s] Level 1:colcon.colcon_core.package_identification:_identify(.) by extensions ['python_setup_py']
[1.213s] Level 1:colcon.colcon_core.package_identification:_identify(.) by extension 'python_setup_py'
[1.214s] Level 1:colcon.colcon_core.package_identification:_identify(build) by extensions ['ignore', 'ignore_ament_install']
[1.214s] Level 1:colcon.colcon_core.package_identification:_identify(build) by extension 'ignore'
[1.214s] Level 1:colcon.colcon_core.package_identification:_identify(build) ignored
[1.214s] Level 1:colcon.colcon_core.package_identification:_identify(install) by extensions ['ignore', 'ignore_ament_install']
[1.214s] Level 1:colcon.colcon_core.package_identification:_identify(install) by extension 'ignore'
[1.214s] Level 1:colcon.colcon_core.package_identification:_identify(install) ignored
[1.214s] Level 1:colcon.colcon_core.package_identification:_identify(log) by extensions ['ignore', 'ignore_ament_install']
[1.214s] Level 1:colcon.colcon_core.package_identification:_identify(log) by extension 'ignore'
[1.214s] Level 1:colcon.colcon_core.package_identification:_identify(log) ignored
[1.214s] Level 1:colcon.colcon_core.package_identification:_identify(src) by extensions ['ignore', 'ignore_ament_install']
[1.214s] Level 1:colcon.colcon_core.package_identification:_identify(src) by extension 'ignore'
[1.214s] Level 1:colcon.colcon_core.package_identification:_identify(src) by extension 'ignore_ament_install'
[1.214s] Level 1:colcon.colcon_core.package_identification:_identify(src) by extensions ['colcon_pkg']
[1.214s] Level 1:colcon.colcon_core.package_identification:_identify(src) by extension 'colcon_pkg'
[1.214s] Level 1:colcon.colcon_core.package_identification:_identify(src) by extensions ['colcon_meta']
[1.214s] Level 1:colcon.colcon_core.package_identification:_identify(src) by extension 'colcon_meta'
[1.214s] Level 1:colcon.colcon_core.package_identification:_identify(src) by extensions ['ros']
[1.214s] Level 1:colcon.colcon_core.package_identification:_identify(src) by extension 'ros'
[1.214s] Level 1:colcon.colcon_core.package_identification:_identify(src) by extensions ['cmake', 'python']
[1.214s] Level 1:colcon.colcon_core.package_identification:_identify(src) by extension 'cmake'
[1.214s] Level 1:colcon.colcon_core.package_identification:_identify(src) by extension 'python'
[1.214s] Level 1:colcon.colcon_core.package_identification:_identify(src) by extensions ['python_setup_py']
[1.214s] Level 1:colcon.colcon_core.package_identification:_identify(src) by extension 'python_setup_py'
[1.214s] Level 1:colcon.colcon_core.package_identification:_identify(src/rc_nav2) by extensions ['ignore', 'ignore_ament_install']
[1.214s] Level 1:colcon.colcon_core.package_identification:_identify(src/rc_nav2) by extension 'ignore'
[1.214s] Level 1:colcon.colcon_core.package_identification:_identify(src/rc_nav2) by extension 'ignore_ament_install'
[1.214s] Level 1:colcon.colcon_core.package_identification:_identify(src/rc_nav2) by extensions ['colcon_pkg']
[1.214s] Level 1:colcon.colcon_core.package_identification:_identify(src/rc_nav2) by extension 'colcon_pkg'
[1.214s] Level 1:colcon.colcon_core.package_identification:_identify(src/rc_nav2) by extensions ['colcon_meta']
[1.214s] Level 1:colcon.colcon_core.package_identification:_identify(src/rc_nav2) by extension 'colcon_meta'
[1.215s] Level 1:colcon.colcon_core.package_identification:_identify(src/rc_nav2) by extensions ['ros']
[1.215s] Level 1:colcon.colcon_core.package_identification:_identify(src/rc_nav2) by extension 'ros'
[1.216s] DEBUG:colcon.colcon_core.package_identification:Package 'src/rc_nav2' with type 'ros.ament_cmake' and name 'rc_nav2'
[1.216s] Level 1:colcon.colcon_core.package_identification:_identify(src/sensors) by extensions ['ignore', 'ignore_ament_install']
[1.216s] Level 1:colcon.colcon_core.package_identification:_identify(src/sensors) by extension 'ignore'
[1.216s] Level 1:colcon.colcon_core.package_identification:_identify(src/sensors) by extension 'ignore_ament_install'
[1.216s] Level 1:colcon.colcon_core.package_identification:_identify(src/sensors) by extensions ['colcon_pkg']
[1.216s] Level 1:colcon.colcon_core.package_identification:_identify(src/sensors) by extension 'colcon_pkg'
[1.216s] Level 1:colcon.colcon_core.package_identification:_identify(src/sensors) by extensions ['colcon_meta']
[1.216s] Level 1:colcon.colcon_core.package_identification:_identify(src/sensors) by extension 'colcon_meta'
[1.216s] Level 1:colcon.colcon_core.package_identification:_identify(src/sensors) by extensions ['ros']
[1.216s] Level 1:colcon.colcon_core.package_identification:_identify(src/sensors) by extension 'ros'
[1.216s] Level 1:colcon.colcon_core.package_identification:_identify(src/sensors) by extensions ['cmake', 'python']
[1.216s] Level 1:colcon.colcon_core.package_identification:_identify(src/sensors) by extension 'cmake'
[1.216s] Level 1:colcon.colcon_core.package_identification:_identify(src/sensors) by extension 'python'
[1.216s] Level 1:colcon.colcon_core.package_identification:_identify(src/sensors) by extensions ['python_setup_py']
[1.216s] Level 1:colcon.colcon_core.package_identification:_identify(src/sensors) by extension 'python_setup_py'
[1.217s] Level 1:colcon.colcon_core.package_identification:_identify(src/sensors/fdilink_ahrs_ROS2) by extensions ['ignore', 'ignore_ament_install']
[1.217s] Level 1:colcon.colcon_core.package_identification:_identify(src/sensors/fdilink_ahrs_ROS2) by extension 'ignore'
[1.217s] Level 1:colcon.colcon_core.package_identification:_identify(src/sensors/fdilink_ahrs_ROS2) by extension 'ignore_ament_install'
[1.217s] Level 1:colcon.colcon_core.package_identification:_identify(src/sensors/fdilink_ahrs_ROS2) by extensions ['colcon_pkg']
[1.217s] Level 1:colcon.colcon_core.package_identification:_identify(src/sensors/fdilink_ahrs_ROS2) by extension 'colcon_pkg'
[1.217s] Level 1:colcon.colcon_core.package_identification:_identify(src/sensors/fdilink_ahrs_ROS2) by extensions ['colcon_meta']
[1.217s] Level 1:colcon.colcon_core.package_identification:_identify(src/sensors/fdilink_ahrs_ROS2) by extension 'colcon_meta'
[1.217s] Level 1:colcon.colcon_core.package_identification:_identify(src/sensors/fdilink_ahrs_ROS2) by extensions ['ros']
[1.217s] Level 1:colcon.colcon_core.package_identification:_identify(src/sensors/fdilink_ahrs_ROS2) by extension 'ros'
[1.217s] DEBUG:colcon.colcon_core.package_identification:Package 'src/sensors/fdilink_ahrs_ROS2' with type 'ros.ament_cmake' and name 'fdilink_ahrs'
[1.217s] Level 1:colcon.colcon_core.package_identification:_identify(src/sensors/sllidar_ros2) by extensions ['ignore', 'ignore_ament_install']
[1.217s] Level 1:colcon.colcon_core.package_identification:_identify(src/sensors/sllidar_ros2) by extension 'ignore'
[1.218s] Level 1:colcon.colcon_core.package_identification:_identify(src/sensors/sllidar_ros2) by extension 'ignore_ament_install'
[1.218s] Level 1:colcon.colcon_core.package_identification:_identify(src/sensors/sllidar_ros2) by extensions ['colcon_pkg']
[1.218s] Level 1:colcon.colcon_core.package_identification:_identify(src/sensors/sllidar_ros2) by extension 'colcon_pkg'
[1.218s] Level 1:colcon.colcon_core.package_identification:_identify(src/sensors/sllidar_ros2) by extensions ['colcon_meta']
[1.218s] Level 1:colcon.colcon_core.package_identification:_identify(src/sensors/sllidar_ros2) by extension 'colcon_meta'
[1.218s] Level 1:colcon.colcon_core.package_identification:_identify(src/sensors/sllidar_ros2) by extensions ['ros']
[1.218s] Level 1:colcon.colcon_core.package_identification:_identify(src/sensors/sllidar_ros2) by extension 'ros'
[1.218s] DEBUG:colcon.colcon_core.package_identification:Package 'src/sensors/sllidar_ros2' with type 'ros.ament_cmake' and name 'sllidar_ros2'
[1.218s] Level 1:colcon.colcon_core.package_discovery:discover_packages(recursive) using defaults
[1.218s] Level 1:colcon.colcon_core.package_discovery:discover_packages(ignore) discover
[1.218s] Level 1:colcon.colcon_core.package_discovery:discover_packages(ignore) using defaults
[1.218s] Level 1:colcon.colcon_core.package_discovery:discover_packages(path) discover
[1.218s] Level 1:colcon.colcon_core.package_discovery:discover_packages(path) using defaults
[1.326s] Level 1:colcon.colcon_core.package_discovery:discover_packages(prefix_path) check parameters
[1.326s] Level 1:colcon.colcon_core.package_discovery:discover_packages(prefix_path) discover
[1.373s] DEBUG:colcon.colcon_installed_package_information.package_discovery:Found 383 installed packages in /opt/ros/foxy
[1.375s] Level 1:colcon.colcon_core.package_discovery:discover_packages(prefix_path) using defaults
[1.462s] Level 5:colcon.colcon_core.verb:set package 'fdilink_ahrs' build argument 'cmake_args' from command line to 'None'
[1.462s] Level 5:colcon.colcon_core.verb:set package 'fdilink_ahrs' build argument 'cmake_target' from command line to 'None'
[1.462s] Level 5:colcon.colcon_core.verb:set package 'fdilink_ahrs' build argument 'cmake_target_skip_unavailable' from command line to 'False'
[1.462s] Level 5:colcon.colcon_core.verb:set package 'fdilink_ahrs' build argument 'cmake_clean_cache' from command line to 'False'
[1.462s] Level 5:colcon.colcon_core.verb:set package 'fdilink_ahrs' build argument 'cmake_clean_first' from command line to 'False'
[1.462s] Level 5:colcon.colcon_core.verb:set package 'fdilink_ahrs' build argument 'cmake_force_configure' from command line to 'False'
[1.462s] Level 5:colcon.colcon_core.verb:set package 'fdilink_ahrs' build argument 'ament_cmake_args' from command line to 'None'
[1.462s] Level 5:colcon.colcon_core.verb:set package 'fdilink_ahrs' build argument 'catkin_cmake_args' from command line to 'None'
[1.462s] Level 5:colcon.colcon_core.verb:set package 'fdilink_ahrs' build argument 'catkin_skip_building_tests' from command line to 'False'
[1.462s] DEBUG:colcon.colcon_core.verb:Building package 'fdilink_ahrs' with the following arguments: {'ament_cmake_args': None, 'build_base': '/home/johan/mapping_sample_ros2/build/fdilink_ahrs', 'catkin_cmake_args': None, 'catkin_skip_building_tests': False, 'cmake_args': None, 'cmake_clean_cache': False, 'cmake_clean_first': False, 'cmake_force_configure': False, 'cmake_target': None, 'cmake_target_skip_unavailable': False, 'install_base': '/home/johan/mapping_sample_ros2/install/fdilink_ahrs', 'merge_install': False, 'path': '/home/johan/mapping_sample_ros2/src/sensors/fdilink_ahrs_ROS2', 'symlink_install': False, 'test_result_base': None}
[1.482s] Level 5:colcon.colcon_core.verb:set package 'rc_nav2' build argument 'cmake_args' from command line to 'None'
[1.482s] Level 5:colcon.colcon_core.verb:set package 'rc_nav2' build argument 'cmake_target' from command line to 'None'
[1.482s] Level 5:colcon.colcon_core.verb:set package 'rc_nav2' build argument 'cmake_target_skip_unavailable' from command line to 'False'
[1.482s] Level 5:colcon.colcon_core.verb:set package 'rc_nav2' build argument 'cmake_clean_cache' from command line to 'False'
[1.482s] Level 5:colcon.colcon_core.verb:set package 'rc_nav2' build argument 'cmake_clean_first' from command line to 'False'
[1.482s] Level 5:colcon.colcon_core.verb:set package 'rc_nav2' build argument 'cmake_force_configure' from command line to 'False'
[1.482s] Level 5:colcon.colcon_core.verb:set package 'rc_nav2' build argument 'ament_cmake_args' from command line to 'None'
[1.482s] Level 5:colcon.colcon_core.verb:set package 'rc_nav2' build argument 'catkin_cmake_args' from command line to 'None'
[1.482s] Level 5:colcon.colcon_core.verb:set package 'rc_nav2' build argument 'catkin_skip_building_tests' from command line to 'False'
[1.482s] DEBUG:colcon.colcon_core.verb:Building package 'rc_nav2' with the following arguments: {'ament_cmake_args': None, 'build_base': '/home/johan/mapping_sample_ros2/build/rc_nav2', 'catkin_cmake_args': None, 'catkin_skip_building_tests': False, 'cmake_args': None, 'cmake_clean_cache': False, 'cmake_clean_first': False, 'cmake_force_configure': False, 'cmake_target': None, 'cmake_target_skip_unavailable': False, 'install_base': '/home/johan/mapping_sample_ros2/install/rc_nav2', 'merge_install': False, 'path': '/home/johan/mapping_sample_ros2/src/rc_nav2', 'symlink_install': False, 'test_result_base': None}
[1.501s] Level 5:colcon.colcon_core.verb:set package 'sllidar_ros2' build argument 'cmake_args' from command line to 'None'
[1.501s] Level 5:colcon.colcon_core.verb:set package 'sllidar_ros2' build argument 'cmake_target' from command line to 'None'
[1.501s] Level 5:colcon.colcon_core.verb:set package 'sllidar_ros2' build argument 'cmake_target_skip_unavailable' from command line to 'False'
[1.501s] Level 5:colcon.colcon_core.verb:set package 'sllidar_ros2' build argument 'cmake_clean_cache' from command line to 'False'
[1.501s] Level 5:colcon.colcon_core.verb:set package 'sllidar_ros2' build argument 'cmake_clean_first' from command line to 'False'
[1.501s] Level 5:colcon.colcon_core.verb:set package 'sllidar_ros2' build argument 'cmake_force_configure' from command line to 'False'
[1.501s] Level 5:colcon.colcon_core.verb:set package 'sllidar_ros2' build argument 'ament_cmake_args' from command line to 'None'
[1.501s] Level 5:colcon.colcon_core.verb:set package 'sllidar_ros2' build argument 'catkin_cmake_args' from command line to 'None'
[1.501s] Level 5:colcon.colcon_core.verb:set package 'sllidar_ros2' build argument 'catkin_skip_building_tests' from command line to 'False'
[1.501s] DEBUG:colcon.colcon_core.verb:Building package 'sllidar_ros2' with the following arguments: {'ament_cmake_args': None, 'build_base': '/home/johan/mapping_sample_ros2/build/sllidar_ros2', 'catkin_cmake_args': None, 'catkin_skip_building_tests': False, 'cmake_args': None, 'cmake_clean_cache': False, 'cmake_clean_first': False, 'cmake_force_configure': False, 'cmake_target': None, 'cmake_target_skip_unavailable': False, 'install_base': '/home/johan/mapping_sample_ros2/install/sllidar_ros2', 'merge_install': False, 'path': '/home/johan/mapping_sample_ros2/src/sensors/sllidar_ros2', 'symlink_install': False, 'test_result_base': None}
[1.521s] INFO:colcon.colcon_core.executor:Executing jobs using 'parallel' executor
[1.541s] DEBUG:colcon.colcon_parallel_executor.executor.parallel:run_until_complete
[1.541s] INFO:colcon.colcon_ros.task.ament_cmake.build:Building ROS package in '/home/johan/mapping_sample_ros2/src/sensors/fdilink_ahrs_ROS2' with build type 'ament_cmake'
[1.541s] INFO:colcon.colcon_cmake.task.cmake.build:Building CMake package in '/home/johan/mapping_sample_ros2/src/sensors/fdilink_ahrs_ROS2'
[1.562s] INFO:colcon.colcon_core.plugin_system:Skipping extension 'colcon_core.shell.bat': Not used on non-Windows systems
[1.562s] INFO:colcon.colcon_core.shell:Skip shell extension 'powershell' for command environment: Not usable outside of PowerShell
[1.562s] DEBUG:colcon.colcon_core.shell:Skip shell extension 'dsv' for command environment
[1.610s] INFO:colcon.colcon_ros.task.ament_cmake.build:Building ROS package in '/home/johan/mapping_sample_ros2/src/rc_nav2' with build type 'ament_cmake'
[1.610s] INFO:colcon.colcon_cmake.task.cmake.build:Building CMake package in '/home/johan/mapping_sample_ros2/src/rc_nav2'
[1.631s] INFO:colcon.colcon_core.shell:Skip shell extension 'powershell' for command environment: Not usable outside of PowerShell
[1.631s] DEBUG:colcon.colcon_core.shell:Skip shell extension 'dsv' for command environment
[1.674s] INFO:colcon.colcon_ros.task.ament_cmake.build:Building ROS package in '/home/johan/mapping_sample_ros2/src/sensors/sllidar_ros2' with build type 'ament_cmake'
[1.674s] INFO:colcon.colcon_cmake.task.cmake.build:Building CMake package in '/home/johan/mapping_sample_ros2/src/sensors/sllidar_ros2'
[1.694s] INFO:colcon.colcon_core.shell:Skip shell extension 'powershell' for command environment: Not usable outside of PowerShell
[1.695s] DEBUG:colcon.colcon_core.shell:Skip shell extension 'dsv' for command environment
[1.743s] DEBUG:colcon.colcon_core.event_handler.log_command:Invoking command in '/home/johan/mapping_sample_ros2/build/fdilink_ahrs': CMAKE_PREFIX_PATH=/opt/ros/foxy /usr/bin/cmake --build /home/johan/mapping_sample_ros2/build/fdilink_ahrs -- -j16 -l16
[1.749s] DEBUG:colcon.colcon_core.event_handler.log_command:Invoking command in '/home/johan/mapping_sample_ros2/build/rc_nav2': CMAKE_PREFIX_PATH=/opt/ros/foxy /usr/bin/cmake --build /home/johan/mapping_sample_ros2/build/rc_nav2 -- -j16 -l16
[1.753s] DEBUG:colcon.colcon_core.event_handler.log_command:Invoking command in '/home/johan/mapping_sample_ros2/build/sllidar_ros2': CMAKE_PREFIX_PATH=/opt/ros/foxy /usr/bin/cmake --build /home/johan/mapping_sample_ros2/build/sllidar_ros2 -- -j16 -l16
[1.772s] DEBUG:colcon.colcon_core.event_handler.log_command:Invoked command in '/home/johan/mapping_sample_ros2/build/rc_nav2' returned '0': CMAKE_PREFIX_PATH=/opt/ros/foxy /usr/bin/cmake --build /home/johan/mapping_sample_ros2/build/rc_nav2 -- -j16 -l16
[1.800s] DEBUG:colcon.colcon_core.event_handler.log_command:Invoking command in '/home/johan/mapping_sample_ros2/build/rc_nav2': CMAKE_PREFIX_PATH=/opt/ros/foxy /usr/bin/cmake --install /home/johan/mapping_sample_ros2/build/rc_nav2
[1.807s] Level 1:colcon.colcon_core.environment:create_environment_scripts_only(rc_nav2)
[1.807s] DEBUG:colcon.colcon_core.event_handler.log_command:Invoked command in '/home/johan/mapping_sample_ros2/build/rc_nav2' returned '0': CMAKE_PREFIX_PATH=/opt/ros/foxy /usr/bin/cmake --install /home/johan/mapping_sample_ros2/build/rc_nav2
[1.829s] Level 1:colcon.colcon_core.environment:checking '/home/johan/mapping_sample_ros2/install/rc_nav2' for CMake module files
[1.829s] Level 1:colcon.colcon_core.environment:checking '/home/johan/mapping_sample_ros2/install/rc_nav2' for CMake config files
[1.830s] Level 1:colcon.colcon_core.shell:create_environment_hook('rc_nav2', 'cmake_prefix_path')
[1.850s] INFO:colcon.colcon_core.shell:Creating environment hook '/home/johan/mapping_sample_ros2/install/rc_nav2/share/rc_nav2/hook/cmake_prefix_path.ps1'
[1.850s] INFO:colcon.colcon_core.shell:Creating environment descriptor '/home/johan/mapping_sample_ros2/install/rc_nav2/share/rc_nav2/hook/cmake_prefix_path.dsv'
[1.851s] INFO:colcon.colcon_core.shell:Creating environment hook '/home/johan/mapping_sample_ros2/install/rc_nav2/share/rc_nav2/hook/cmake_prefix_path.sh'
[1.851s] Level 1:colcon.colcon_core.environment:checking '/home/johan/mapping_sample_ros2/install/rc_nav2/bin'
[1.851s] Level 1:colcon.colcon_core.environment:checking '/home/johan/mapping_sample_ros2/install/rc_nav2/lib/pkgconfig/rc_nav2.pc'
[1.851s] Level 1:colcon.colcon_core.environment:checking '/home/johan/mapping_sample_ros2/install/rc_nav2/lib/python3.8/site-packages'
[1.851s] Level 1:colcon.colcon_core.environment:checking '/home/johan/mapping_sample_ros2/install/rc_nav2/bin'
[1.871s] INFO:colcon.colcon_core.shell:Creating package script '/home/johan/mapping_sample_ros2/install/rc_nav2/share/rc_nav2/package.ps1'
[1.872s] INFO:colcon.colcon_core.shell:Creating package descriptor '/home/johan/mapping_sample_ros2/install/rc_nav2/share/rc_nav2/package.dsv'
[1.872s] INFO:colcon.colcon_core.shell:Creating package script '/home/johan/mapping_sample_ros2/install/rc_nav2/share/rc_nav2/package.sh'
[1.873s] INFO:colcon.colcon_core.shell:Creating package script '/home/johan/mapping_sample_ros2/install/rc_nav2/share/rc_nav2/package.bash'
[1.873s] INFO:colcon.colcon_core.shell:Creating package script '/home/johan/mapping_sample_ros2/install/rc_nav2/share/rc_nav2/package.zsh'
[1.873s] Level 1:colcon.colcon_core.environment:create_file_with_runtime_dependencies(/home/johan/mapping_sample_ros2/install/rc_nav2/share/colcon-core/packages/rc_nav2)
[1.876s] DEBUG:colcon.colcon_core.event_handler.log_command:Invoked command in '/home/johan/mapping_sample_ros2/build/sllidar_ros2' returned '0': CMAKE_PREFIX_PATH=/opt/ros/foxy /usr/bin/cmake --build /home/johan/mapping_sample_ros2/build/sllidar_ros2 -- -j16 -l16
[1.915s] Level 1:colcon.colcon_core.environment:create_environment_scripts_only(rc_nav2)
[1.935s] Level 1:colcon.colcon_core.environment:checking '/home/johan/mapping_sample_ros2/install/rc_nav2' for CMake module files
[1.935s] Level 1:colcon.colcon_core.environment:checking '/home/johan/mapping_sample_ros2/install/rc_nav2' for CMake config files
[1.936s] Level 1:colcon.colcon_core.shell:create_environment_hook('rc_nav2', 'cmake_prefix_path')
[1.956s] INFO:colcon.colcon_core.shell:Creating environment hook '/home/johan/mapping_sample_ros2/install/rc_nav2/share/rc_nav2/hook/cmake_prefix_path.ps1'
[1.956s] INFO:colcon.colcon_core.shell:Creating environment descriptor '/home/johan/mapping_sample_ros2/install/rc_nav2/share/rc_nav2/hook/cmake_prefix_path.dsv'
[1.957s] INFO:colcon.colcon_core.shell:Creating environment hook '/home/johan/mapping_sample_ros2/install/rc_nav2/share/rc_nav2/hook/cmake_prefix_path.sh'
[1.957s] Level 1:colcon.colcon_core.environment:checking '/home/johan/mapping_sample_ros2/install/rc_nav2/bin'
[1.957s] Level 1:colcon.colcon_core.environment:checking '/home/johan/mapping_sample_ros2/install/rc_nav2/lib/pkgconfig/rc_nav2.pc'
[1.957s] Level 1:colcon.colcon_core.environment:checking '/home/johan/mapping_sample_ros2/install/rc_nav2/lib/python3.8/site-packages'
[1.957s] Level 1:colcon.colcon_core.environment:checking '/home/johan/mapping_sample_ros2/install/rc_nav2/bin'
[1.977s] INFO:colcon.colcon_core.shell:Creating package script '/home/johan/mapping_sample_ros2/install/rc_nav2/share/rc_nav2/package.ps1'
[1.977s] INFO:colcon.colcon_core.shell:Creating package descriptor '/home/johan/mapping_sample_ros2/install/rc_nav2/share/rc_nav2/package.dsv'
[1.978s] INFO:colcon.colcon_core.shell:Creating package script '/home/johan/mapping_sample_ros2/install/rc_nav2/share/rc_nav2/package.sh'
[1.978s] INFO:colcon.colcon_core.shell:Creating package script '/home/johan/mapping_sample_ros2/install/rc_nav2/share/rc_nav2/package.bash'
[1.978s] INFO:colcon.colcon_core.shell:Creating package script '/home/johan/mapping_sample_ros2/install/rc_nav2/share/rc_nav2/package.zsh'
[1.978s] Level 1:colcon.colcon_core.environment:create_file_with_runtime_dependencies(/home/johan/mapping_sample_ros2/install/rc_nav2/share/colcon-core/packages/rc_nav2)
[1.982s] DEBUG:colcon.colcon_core.event_handler.log_command:Invoking command in '/home/johan/mapping_sample_ros2/build/sllidar_ros2': CMAKE_PREFIX_PATH=/opt/ros/foxy /usr/bin/cmake --install /home/johan/mapping_sample_ros2/build/sllidar_ros2
[1.989s] Level 1:colcon.colcon_core.environment:create_environment_scripts_only(sllidar_ros2)
[1.990s] DEBUG:colcon.colcon_core.event_handler.log_command:Invoked command in '/home/johan/mapping_sample_ros2/build/sllidar_ros2' returned '0': CMAKE_PREFIX_PATH=/opt/ros/foxy /usr/bin/cmake --install /home/johan/mapping_sample_ros2/build/sllidar_ros2
[2.010s] Level 1:colcon.colcon_core.environment:checking '/home/johan/mapping_sample_ros2/install/sllidar_ros2' for CMake module files
[2.011s] Level 1:colcon.colcon_core.environment:checking '/home/johan/mapping_sample_ros2/install/sllidar_ros2' for CMake config files
[2.011s] Level 1:colcon.colcon_core.shell:create_environment_hook('sllidar_ros2', 'cmake_prefix_path')
[2.031s] INFO:colcon.colcon_core.shell:Creating environment hook '/home/johan/mapping_sample_ros2/install/sllidar_ros2/share/sllidar_ros2/hook/cmake_prefix_path.ps1'
[2.031s] INFO:colcon.colcon_core.shell:Creating environment descriptor '/home/johan/mapping_sample_ros2/install/sllidar_ros2/share/sllidar_ros2/hook/cmake_prefix_path.dsv'
[2.031s] INFO:colcon.colcon_core.shell:Creating environment hook '/home/johan/mapping_sample_ros2/install/sllidar_ros2/share/sllidar_ros2/hook/cmake_prefix_path.sh'
[2.031s] Level 1:colcon.colcon_core.environment:checking '/home/johan/mapping_sample_ros2/install/sllidar_ros2/lib'
[2.032s] Level 1:colcon.colcon_core.environment:checking '/home/johan/mapping_sample_ros2/install/sllidar_ros2/bin'
[2.032s] Level 1:colcon.colcon_core.environment:checking '/home/johan/mapping_sample_ros2/install/sllidar_ros2/lib/pkgconfig/sllidar_ros2.pc'
[2.032s] Level 1:colcon.colcon_core.environment:checking '/home/johan/mapping_sample_ros2/install/sllidar_ros2/lib/python3.8/site-packages'
[2.032s] Level 1:colcon.colcon_core.environment:checking '/home/johan/mapping_sample_ros2/install/sllidar_ros2/bin'
[2.052s] INFO:colcon.colcon_core.shell:Creating package script '/home/johan/mapping_sample_ros2/install/sllidar_ros2/share/sllidar_ros2/package.ps1'
[2.052s] INFO:colcon.colcon_core.shell:Creating package descriptor '/home/johan/mapping_sample_ros2/install/sllidar_ros2/share/sllidar_ros2/package.dsv'
[2.053s] INFO:colcon.colcon_core.shell:Creating package script '/home/johan/mapping_sample_ros2/install/sllidar_ros2/share/sllidar_ros2/package.sh'
[2.053s] INFO:colcon.colcon_core.shell:Creating package script '/home/johan/mapping_sample_ros2/install/sllidar_ros2/share/sllidar_ros2/package.bash'
[2.053s] INFO:colcon.colcon_core.shell:Creating package script '/home/johan/mapping_sample_ros2/install/sllidar_ros2/share/sllidar_ros2/package.zsh'
[2.053s] Level 1:colcon.colcon_core.environment:create_file_with_runtime_dependencies(/home/johan/mapping_sample_ros2/install/sllidar_ros2/share/colcon-core/packages/sllidar_ros2)
[2.108s] Level 1:colcon.colcon_core.environment:create_environment_scripts_only(sllidar_ros2)
[2.128s] Level 1:colcon.colcon_core.environment:checking '/home/johan/mapping_sample_ros2/install/sllidar_ros2' for CMake module files
[2.128s] Level 1:colcon.colcon_core.environment:checking '/home/johan/mapping_sample_ros2/install/sllidar_ros2' for CMake config files
[2.128s] Level 1:colcon.colcon_core.shell:create_environment_hook('sllidar_ros2', 'cmake_prefix_path')
[2.148s] INFO:colcon.colcon_core.shell:Creating environment hook '/home/johan/mapping_sample_ros2/install/sllidar_ros2/share/sllidar_ros2/hook/cmake_prefix_path.ps1'
[2.149s] INFO:colcon.colcon_core.shell:Creating environment descriptor '/home/johan/mapping_sample_ros2/install/sllidar_ros2/share/sllidar_ros2/hook/cmake_prefix_path.dsv'
[2.149s] INFO:colcon.colcon_core.shell:Creating environment hook '/home/johan/mapping_sample_ros2/install/sllidar_ros2/share/sllidar_ros2/hook/cmake_prefix_path.sh'
[2.149s] Level 1:colcon.colcon_core.environment:checking '/home/johan/mapping_sample_ros2/install/sllidar_ros2/lib'
[2.149s] Level 1:colcon.colcon_core.environment:checking '/home/johan/mapping_sample_ros2/install/sllidar_ros2/bin'
[2.149s] Level 1:colcon.colcon_core.environment:checking '/home/johan/mapping_sample_ros2/install/sllidar_ros2/lib/pkgconfig/sllidar_ros2.pc'
[2.149s] Level 1:colcon.colcon_core.environment:checking '/home/johan/mapping_sample_ros2/install/sllidar_ros2/lib/python3.8/site-packages'
[2.149s] Level 1:colcon.colcon_core.environment:checking '/home/johan/mapping_sample_ros2/install/sllidar_ros2/bin'
[2.170s] INFO:colcon.colcon_core.shell:Creating package script '/home/johan/mapping_sample_ros2/install/sllidar_ros2/share/sllidar_ros2/package.ps1'
[2.170s] INFO:colcon.colcon_core.shell:Creating package descriptor '/home/johan/mapping_sample_ros2/install/sllidar_ros2/share/sllidar_ros2/package.dsv'
[2.170s] INFO:colcon.colcon_core.shell:Creating package script '/home/johan/mapping_sample_ros2/install/sllidar_ros2/share/sllidar_ros2/package.sh'
[2.170s] INFO:colcon.colcon_core.shell:Creating package script '/home/johan/mapping_sample_ros2/install/sllidar_ros2/share/sllidar_ros2/package.bash'
[2.171s] INFO:colcon.colcon_core.shell:Creating package script '/home/johan/mapping_sample_ros2/install/sllidar_ros2/share/sllidar_ros2/package.zsh'
[2.171s] Level 1:colcon.colcon_core.environment:create_file_with_runtime_dependencies(/home/johan/mapping_sample_ros2/install/sllidar_ros2/share/colcon-core/packages/sllidar_ros2)
[4.248s] DEBUG:colcon.colcon_core.event_handler.log_command:Invoked command in '/home/johan/mapping_sample_ros2/build/fdilink_ahrs' returned '0': CMAKE_PREFIX_PATH=/opt/ros/foxy /usr/bin/cmake --build /home/johan/mapping_sample_ros2/build/fdilink_ahrs -- -j16 -l16
[4.273s] DEBUG:colcon.colcon_core.event_handler.log_command:Invoking command in '/home/johan/mapping_sample_ros2/build/fdilink_ahrs': CMAKE_PREFIX_PATH=/opt/ros/foxy /usr/bin/cmake --install /home/johan/mapping_sample_ros2/build/fdilink_ahrs
[4.286s] Level 1:colcon.colcon_core.environment:create_environment_scripts_only(fdilink_ahrs)
[4.287s] DEBUG:colcon.colcon_core.event_handler.log_command:Invoked command in '/home/johan/mapping_sample_ros2/build/fdilink_ahrs' returned '0': CMAKE_PREFIX_PATH=/opt/ros/foxy /usr/bin/cmake --install /home/johan/mapping_sample_ros2/build/fdilink_ahrs
[4.312s] Level 1:colcon.colcon_core.environment:checking '/home/johan/mapping_sample_ros2/install/fdilink_ahrs' for CMake module files
[4.313s] Level 1:colcon.colcon_core.environment:checking '/home/johan/mapping_sample_ros2/install/fdilink_ahrs' for CMake config files
[4.313s] Level 1:colcon.colcon_core.shell:create_environment_hook('fdilink_ahrs', 'cmake_prefix_path')
[4.332s] INFO:colcon.colcon_core.shell:Creating environment hook '/home/johan/mapping_sample_ros2/install/fdilink_ahrs/share/fdilink_ahrs/hook/cmake_prefix_path.ps1'
[4.333s] INFO:colcon.colcon_core.shell:Creating environment descriptor '/home/johan/mapping_sample_ros2/install/fdilink_ahrs/share/fdilink_ahrs/hook/cmake_prefix_path.dsv'
[4.333s] INFO:colcon.colcon_core.shell:Creating environment hook '/home/johan/mapping_sample_ros2/install/fdilink_ahrs/share/fdilink_ahrs/hook/cmake_prefix_path.sh'
[4.333s] Level 1:colcon.colcon_core.environment:checking '/home/johan/mapping_sample_ros2/install/fdilink_ahrs/lib'
[4.333s] Level 1:colcon.colcon_core.environment:checking '/home/johan/mapping_sample_ros2/install/fdilink_ahrs/bin'
[4.333s] Level 1:colcon.colcon_core.environment:checking '/home/johan/mapping_sample_ros2/install/fdilink_ahrs/lib/pkgconfig/fdilink_ahrs.pc'
[4.333s] Level 1:colcon.colcon_core.environment:checking '/home/johan/mapping_sample_ros2/install/fdilink_ahrs/lib/python3.8/site-packages'
[4.333s] Level 1:colcon.colcon_core.environment:checking '/home/johan/mapping_sample_ros2/install/fdilink_ahrs/bin'
[4.354s] INFO:colcon.colcon_core.shell:Creating package script '/home/johan/mapping_sample_ros2/install/fdilink_ahrs/share/fdilink_ahrs/package.ps1'
[4.354s] INFO:colcon.colcon_core.shell:Creating package descriptor '/home/johan/mapping_sample_ros2/install/fdilink_ahrs/share/fdilink_ahrs/package.dsv'
[4.354s] INFO:colcon.colcon_core.shell:Creating package script '/home/johan/mapping_sample_ros2/install/fdilink_ahrs/share/fdilink_ahrs/package.sh'
[4.354s] INFO:colcon.colcon_core.shell:Creating package script '/home/johan/mapping_sample_ros2/install/fdilink_ahrs/share/fdilink_ahrs/package.bash'
[4.354s] INFO:colcon.colcon_core.shell:Creating package script '/home/johan/mapping_sample_ros2/install/fdilink_ahrs/share/fdilink_ahrs/package.zsh'
[4.355s] Level 1:colcon.colcon_core.environment:create_file_with_runtime_dependencies(/home/johan/mapping_sample_ros2/install/fdilink_ahrs/share/colcon-core/packages/fdilink_ahrs)
[4.406s] Level 1:colcon.colcon_core.environment:create_environment_scripts_only(fdilink_ahrs)
[4.425s] Level 1:colcon.colcon_core.environment:checking '/home/johan/mapping_sample_ros2/install/fdilink_ahrs' for CMake module files
[4.426s] Level 1:colcon.colcon_core.environment:checking '/home/johan/mapping_sample_ros2/install/fdilink_ahrs' for CMake config files
[4.426s] Level 1:colcon.colcon_core.shell:create_environment_hook('fdilink_ahrs', 'cmake_prefix_path')
[4.445s] INFO:colcon.colcon_core.shell:Creating environment hook '/home/johan/mapping_sample_ros2/install/fdilink_ahrs/share/fdilink_ahrs/hook/cmake_prefix_path.ps1'
[4.445s] INFO:colcon.colcon_core.shell:Creating environment descriptor '/home/johan/mapping_sample_ros2/install/fdilink_ahrs/share/fdilink_ahrs/hook/cmake_prefix_path.dsv'
[4.445s] INFO:colcon.colcon_core.shell:Creating environment hook '/home/johan/mapping_sample_ros2/install/fdilink_ahrs/share/fdilink_ahrs/hook/cmake_prefix_path.sh'
[4.446s] Level 1:colcon.colcon_core.environment:checking '/home/johan/mapping_sample_ros2/install/fdilink_ahrs/lib'
[4.446s] Level 1:colcon.colcon_core.environment:checking '/home/johan/mapping_sample_ros2/install/fdilink_ahrs/bin'
[4.446s] Level 1:colcon.colcon_core.environment:checking '/home/johan/mapping_sample_ros2/install/fdilink_ahrs/lib/pkgconfig/fdilink_ahrs.pc'
[4.446s] Level 1:colcon.colcon_core.environment:checking '/home/johan/mapping_sample_ros2/install/fdilink_ahrs/lib/python3.8/site-packages'
[4.446s] Level 1:colcon.colcon_core.environment:checking '/home/johan/mapping_sample_ros2/install/fdilink_ahrs/bin'
[4.474s] INFO:colcon.colcon_core.shell:Creating package script '/home/johan/mapping_sample_ros2/install/fdilink_ahrs/share/fdilink_ahrs/package.ps1'
[4.475s] INFO:colcon.colcon_core.shell:Creating package descriptor '/home/johan/mapping_sample_ros2/install/fdilink_ahrs/share/fdilink_ahrs/package.dsv'
[4.475s] INFO:colcon.colcon_core.shell:Creating package script '/home/johan/mapping_sample_ros2/install/fdilink_ahrs/share/fdilink_ahrs/package.sh'
[4.475s] INFO:colcon.colcon_core.shell:Creating package script '/home/johan/mapping_sample_ros2/install/fdilink_ahrs/share/fdilink_ahrs/package.bash'
[4.475s] INFO:colcon.colcon_core.shell:Creating package script '/home/johan/mapping_sample_ros2/install/fdilink_ahrs/share/fdilink_ahrs/package.zsh'
[4.475s] Level 1:colcon.colcon_core.environment:create_file_with_runtime_dependencies(/home/johan/mapping_sample_ros2/install/fdilink_ahrs/share/colcon-core/packages/fdilink_ahrs)
[4.476s] DEBUG:colcon.colcon_parallel_executor.executor.parallel:closing loop
[4.476s] DEBUG:colcon.colcon_parallel_executor.executor.parallel:loop closed
[4.476s] DEBUG:colcon.colcon_parallel_executor.executor.parallel:run_until_complete finished with '0'
[4.476s] DEBUG:colcon.colcon_core.event_reactor:joining thread
[4.515s] INFO:colcon.colcon_core.plugin_system:Skipping extension 'colcon_notification.desktop_notification.terminal_notifier': Not used on non-Darwin systems
[4.515s] INFO:colcon.colcon_core.plugin_system:Skipping extension 'colcon_notification.desktop_notification.win32': Not used on non-Windows systems
[4.515s] INFO:colcon.colcon_notification.desktop_notification:Sending desktop notification using 'notify2'
[4.532s] DEBUG:colcon.colcon_core.event_reactor:joined thread
[4.559s] INFO:colcon.colcon_core.shell:Creating prefix script '/home/johan/mapping_sample_ros2/install/local_setup.ps1'
[4.559s] INFO:colcon.colcon_core.shell:Creating prefix util module '/home/johan/mapping_sample_ros2/install/_local_setup_util_ps1.py'
[4.560s] INFO:colcon.colcon_core.shell:Creating prefix chain script '/home/johan/mapping_sample_ros2/install/setup.ps1'
[4.580s] INFO:colcon.colcon_core.shell:Creating prefix script '/home/johan/mapping_sample_ros2/install/local_setup.sh'
[4.580s] INFO:colcon.colcon_core.shell:Creating prefix util module '/home/johan/mapping_sample_ros2/install/_local_setup_util_sh.py'
[4.580s] INFO:colcon.colcon_core.shell:Creating prefix chain script '/home/johan/mapping_sample_ros2/install/setup.sh'
[4.600s] INFO:colcon.colcon_core.shell:Creating prefix script '/home/johan/mapping_sample_ros2/install/local_setup.bash'
[4.601s] INFO:colcon.colcon_core.shell:Creating prefix chain script '/home/johan/mapping_sample_ros2/install/setup.bash'
[4.621s] INFO:colcon.colcon_core.shell:Creating prefix script '/home/johan/mapping_sample_ros2/install/local_setup.zsh'
[4.621s] INFO:colcon.colcon_core.shell:Creating prefix chain script '/home/johan/mapping_sample_ros2/install/setup.zsh'
