[1.149s] DEBUG:colcon:Command line arguments: ['/usr/bin/colcon', 'build']
[1.149s] DEBUG:colcon:Parsed command line arguments: Namespace(allow_overriding=[], ament_cmake_args=None, base_paths=['.'], build_base='build', catkin_cmake_args=None, catkin_skip_building_tests=False, cmake_args=None, cmake_clean_cache=False, cmake_clean_first=False, cmake_force_configure=False, cmake_target=None, cmake_target_skip_unavailable=False, continue_on_error=False, event_handlers=None, executor='parallel', ignore_user_meta=False, install_base='install', log_base=None, log_level=None, main=<bound method BuildVerb.main of <colcon_core.verb.build.BuildVerb object at 0x7f6972682910>>, merge_install=False, metas=['./colcon.meta'], packages_above=None, packages_above_and_dependencies=None, packages_above_depth=None, packages_end=None, packages_ignore=None, packages_ignore_regex=None, packages_select=None, packages_select_build_failed=False, packages_select_by_dep=None, packages_select_regex=None, packages_select_test_failures=False, packages_skip=None, packages_skip_build_finished=False, packages_skip_by_dep=None, packages_skip_regex=None, packages_skip_test_passed=False, packages_skip_up_to=None, packages_start=None, packages_up_to=None, packages_up_to_regex=None, parallel_workers=16, paths=None, symlink_install=False, test_result_base=None, verb_extension=<colcon_core.verb.build.BuildVerb object at 0x7f6972682910>, verb_name='build', verb_parser=<colcon_defaults.argument_parser.defaults.DefaultArgumentsDecorator object at 0x7f69726824f0>)
[1.200s] Level 1:colcon.colcon_core.package_discovery:discover_packages(colcon_meta) check parameters
[1.200s] Level 1:colcon.colcon_core.package_discovery:discover_packages(recursive) check parameters
[1.200s] Level 1:colcon.colcon_core.package_discovery:discover_packages(ignore) check parameters
[1.200s] Level 1:colcon.colcon_core.package_discovery:discover_packages(path) check parameters
[1.200s] Level 1:colcon.colcon_core.package_discovery:discover_packages(colcon_meta) discover
[1.200s] Level 1:colcon.colcon_core.package_discovery:discover_packages(recursive) discover
[1.200s] INFO:colcon.colcon_core.package_discovery:Crawling recursively for packages in '/home/johan/mapping_sample_ros2'
[1.200s] Level 1:colcon.colcon_core.package_identification:_identify(.) by extensions ['ignore', 'ignore_ament_install']
[1.200s] Level 1:colcon.colcon_core.package_identification:_identify(.) by extension 'ignore'
[1.200s] Level 1:colcon.colcon_core.package_identification:_identify(.) by extension 'ignore_ament_install'
[1.200s] Level 1:colcon.colcon_core.package_identification:_identify(.) by extensions ['colcon_pkg']
[1.200s] Level 1:colcon.colcon_core.package_identification:_identify(.) by extension 'colcon_pkg'
[1.200s] Level 1:colcon.colcon_core.package_identification:_identify(.) by extensions ['colcon_meta']
[1.200s] Level 1:colcon.colcon_core.package_identification:_identify(.) by extension 'colcon_meta'
[1.200s] Level 1:colcon.colcon_core.package_identification:_identify(.) by extensions ['ros']
[1.200s] Level 1:colcon.colcon_core.package_identification:_identify(.) by extension 'ros'
[1.207s] Level 1:colcon.colcon_core.package_identification:_identify(.) by extensions ['cmake', 'python']
[1.207s] Level 1:colcon.colcon_core.package_identification:_identify(.) by extension 'cmake'
[1.207s] Level 1:colcon.colcon_core.package_identification:_identify(.) by extension 'python'
[1.207s] Level 1:colcon.colcon_core.package_identification:_identify(.) by extensions ['python_setup_py']
[1.207s] Level 1:colcon.colcon_core.package_identification:_identify(.) by extension 'python_setup_py'
[1.207s] Level 1:colcon.colcon_core.package_identification:_identify(build) by extensions ['ignore', 'ignore_ament_install']
[1.207s] Level 1:colcon.colcon_core.package_identification:_identify(build) by extension 'ignore'
[1.207s] Level 1:colcon.colcon_core.package_identification:_identify(build) ignored
[1.207s] Level 1:colcon.colcon_core.package_identification:_identify(install) by extensions ['ignore', 'ignore_ament_install']
[1.208s] Level 1:colcon.colcon_core.package_identification:_identify(install) by extension 'ignore'
[1.208s] Level 1:colcon.colcon_core.package_identification:_identify(install) ignored
[1.208s] Level 1:colcon.colcon_core.package_identification:_identify(log) by extensions ['ignore', 'ignore_ament_install']
[1.208s] Level 1:colcon.colcon_core.package_identification:_identify(log) by extension 'ignore'
[1.208s] Level 1:colcon.colcon_core.package_identification:_identify(log) ignored
[1.208s] Level 1:colcon.colcon_core.package_identification:_identify(src) by extensions ['ignore', 'ignore_ament_install']
[1.208s] Level 1:colcon.colcon_core.package_identification:_identify(src) by extension 'ignore'
[1.208s] Level 1:colcon.colcon_core.package_identification:_identify(src) by extension 'ignore_ament_install'
[1.208s] Level 1:colcon.colcon_core.package_identification:_identify(src) by extensions ['colcon_pkg']
[1.208s] Level 1:colcon.colcon_core.package_identification:_identify(src) by extension 'colcon_pkg'
[1.208s] Level 1:colcon.colcon_core.package_identification:_identify(src) by extensions ['colcon_meta']
[1.208s] Level 1:colcon.colcon_core.package_identification:_identify(src) by extension 'colcon_meta'
[1.208s] Level 1:colcon.colcon_core.package_identification:_identify(src) by extensions ['ros']
[1.208s] Level 1:colcon.colcon_core.package_identification:_identify(src) by extension 'ros'
[1.208s] Level 1:colcon.colcon_core.package_identification:_identify(src) by extensions ['cmake', 'python']
[1.208s] Level 1:colcon.colcon_core.package_identification:_identify(src) by extension 'cmake'
[1.208s] Level 1:colcon.colcon_core.package_identification:_identify(src) by extension 'python'
[1.208s] Level 1:colcon.colcon_core.package_identification:_identify(src) by extensions ['python_setup_py']
[1.208s] Level 1:colcon.colcon_core.package_identification:_identify(src) by extension 'python_setup_py'
[1.208s] Level 1:colcon.colcon_core.package_identification:_identify(src/rc_nav2) by extensions ['ignore', 'ignore_ament_install']
[1.208s] Level 1:colcon.colcon_core.package_identification:_identify(src/rc_nav2) by extension 'ignore'
[1.208s] Level 1:colcon.colcon_core.package_identification:_identify(src/rc_nav2) by extension 'ignore_ament_install'
[1.208s] Level 1:colcon.colcon_core.package_identification:_identify(src/rc_nav2) by extensions ['colcon_pkg']
[1.208s] Level 1:colcon.colcon_core.package_identification:_identify(src/rc_nav2) by extension 'colcon_pkg'
[1.208s] Level 1:colcon.colcon_core.package_identification:_identify(src/rc_nav2) by extensions ['colcon_meta']
[1.208s] Level 1:colcon.colcon_core.package_identification:_identify(src/rc_nav2) by extension 'colcon_meta'
[1.208s] Level 1:colcon.colcon_core.package_identification:_identify(src/rc_nav2) by extensions ['ros']
[1.208s] Level 1:colcon.colcon_core.package_identification:_identify(src/rc_nav2) by extension 'ros'
[1.210s] DEBUG:colcon.colcon_core.package_identification:Package 'src/rc_nav2' with type 'ros.ament_cmake' and name 'rc_nav2'
[1.210s] Level 1:colcon.colcon_core.package_identification:_identify(src/sensors) by extensions ['ignore', 'ignore_ament_install']
[1.210s] Level 1:colcon.colcon_core.package_identification:_identify(src/sensors) by extension 'ignore'
[1.210s] Level 1:colcon.colcon_core.package_identification:_identify(src/sensors) by extension 'ignore_ament_install'
[1.210s] Level 1:colcon.colcon_core.package_identification:_identify(src/sensors) by extensions ['colcon_pkg']
[1.210s] Level 1:colcon.colcon_core.package_identification:_identify(src/sensors) by extension 'colcon_pkg'
[1.210s] Level 1:colcon.colcon_core.package_identification:_identify(src/sensors) by extensions ['colcon_meta']
[1.210s] Level 1:colcon.colcon_core.package_identification:_identify(src/sensors) by extension 'colcon_meta'
[1.210s] Level 1:colcon.colcon_core.package_identification:_identify(src/sensors) by extensions ['ros']
[1.210s] Level 1:colcon.colcon_core.package_identification:_identify(src/sensors) by extension 'ros'
[1.210s] Level 1:colcon.colcon_core.package_identification:_identify(src/sensors) by extensions ['cmake', 'python']
[1.210s] Level 1:colcon.colcon_core.package_identification:_identify(src/sensors) by extension 'cmake'
[1.210s] Level 1:colcon.colcon_core.package_identification:_identify(src/sensors) by extension 'python'
[1.210s] Level 1:colcon.colcon_core.package_identification:_identify(src/sensors) by extensions ['python_setup_py']
[1.210s] Level 1:colcon.colcon_core.package_identification:_identify(src/sensors) by extension 'python_setup_py'
[1.210s] Level 1:colcon.colcon_core.package_identification:_identify(src/sensors/fdilink_ahrs_ROS2) by extensions ['ignore', 'ignore_ament_install']
[1.210s] Level 1:colcon.colcon_core.package_identification:_identify(src/sensors/fdilink_ahrs_ROS2) by extension 'ignore'
[1.210s] Level 1:colcon.colcon_core.package_identification:_identify(src/sensors/fdilink_ahrs_ROS2) by extension 'ignore_ament_install'
[1.210s] Level 1:colcon.colcon_core.package_identification:_identify(src/sensors/fdilink_ahrs_ROS2) by extensions ['colcon_pkg']
[1.210s] Level 1:colcon.colcon_core.package_identification:_identify(src/sensors/fdilink_ahrs_ROS2) by extension 'colcon_pkg'
[1.210s] Level 1:colcon.colcon_core.package_identification:_identify(src/sensors/fdilink_ahrs_ROS2) by extensions ['colcon_meta']
[1.210s] Level 1:colcon.colcon_core.package_identification:_identify(src/sensors/fdilink_ahrs_ROS2) by extension 'colcon_meta'
[1.211s] Level 1:colcon.colcon_core.package_identification:_identify(src/sensors/fdilink_ahrs_ROS2) by extensions ['ros']
[1.211s] Level 1:colcon.colcon_core.package_identification:_identify(src/sensors/fdilink_ahrs_ROS2) by extension 'ros'
[1.211s] DEBUG:colcon.colcon_core.package_identification:Package 'src/sensors/fdilink_ahrs_ROS2' with type 'ros.ament_cmake' and name 'fdilink_ahrs'
[1.211s] Level 1:colcon.colcon_core.package_identification:_identify(src/sensors/sllidar_ros2) by extensions ['ignore', 'ignore_ament_install']
[1.211s] Level 1:colcon.colcon_core.package_identification:_identify(src/sensors/sllidar_ros2) by extension 'ignore'
[1.211s] Level 1:colcon.colcon_core.package_identification:_identify(src/sensors/sllidar_ros2) by extension 'ignore_ament_install'
[1.211s] Level 1:colcon.colcon_core.package_identification:_identify(src/sensors/sllidar_ros2) by extensions ['colcon_pkg']
[1.211s] Level 1:colcon.colcon_core.package_identification:_identify(src/sensors/sllidar_ros2) by extension 'colcon_pkg'
[1.211s] Level 1:colcon.colcon_core.package_identification:_identify(src/sensors/sllidar_ros2) by extensions ['colcon_meta']
[1.211s] Level 1:colcon.colcon_core.package_identification:_identify(src/sensors/sllidar_ros2) by extension 'colcon_meta'
[1.211s] Level 1:colcon.colcon_core.package_identification:_identify(src/sensors/sllidar_ros2) by extensions ['ros']
[1.211s] Level 1:colcon.colcon_core.package_identification:_identify(src/sensors/sllidar_ros2) by extension 'ros'
[1.212s] DEBUG:colcon.colcon_core.package_identification:Package 'src/sensors/sllidar_ros2' with type 'ros.ament_cmake' and name 'sllidar_ros2'
[1.212s] Level 1:colcon.colcon_core.package_discovery:discover_packages(recursive) using defaults
[1.212s] Level 1:colcon.colcon_core.package_discovery:discover_packages(ignore) discover
[1.212s] Level 1:colcon.colcon_core.package_discovery:discover_packages(ignore) using defaults
[1.212s] Level 1:colcon.colcon_core.package_discovery:discover_packages(path) discover
[1.212s] Level 1:colcon.colcon_core.package_discovery:discover_packages(path) using defaults
[1.318s] Level 1:colcon.colcon_core.package_discovery:discover_packages(prefix_path) check parameters
[1.318s] Level 1:colcon.colcon_core.package_discovery:discover_packages(prefix_path) discover
[1.364s] DEBUG:colcon.colcon_installed_package_information.package_discovery:Found 3 installed packages in /home/johan/mapping_sample_ros2/install
[1.384s] DEBUG:colcon.colcon_installed_package_information.package_discovery:Found 383 installed packages in /opt/ros/foxy
[1.386s] Level 1:colcon.colcon_core.package_discovery:discover_packages(prefix_path) using defaults
[1.472s] Level 5:colcon.colcon_core.verb:set package 'fdilink_ahrs' build argument 'cmake_args' from command line to 'None'
[1.472s] Level 5:colcon.colcon_core.verb:set package 'fdilink_ahrs' build argument 'cmake_target' from command line to 'None'
[1.472s] Level 5:colcon.colcon_core.verb:set package 'fdilink_ahrs' build argument 'cmake_target_skip_unavailable' from command line to 'False'
[1.472s] Level 5:colcon.colcon_core.verb:set package 'fdilink_ahrs' build argument 'cmake_clean_cache' from command line to 'False'
[1.472s] Level 5:colcon.colcon_core.verb:set package 'fdilink_ahrs' build argument 'cmake_clean_first' from command line to 'False'
[1.472s] Level 5:colcon.colcon_core.verb:set package 'fdilink_ahrs' build argument 'cmake_force_configure' from command line to 'False'
[1.472s] Level 5:colcon.colcon_core.verb:set package 'fdilink_ahrs' build argument 'ament_cmake_args' from command line to 'None'
[1.472s] Level 5:colcon.colcon_core.verb:set package 'fdilink_ahrs' build argument 'catkin_cmake_args' from command line to 'None'
[1.472s] Level 5:colcon.colcon_core.verb:set package 'fdilink_ahrs' build argument 'catkin_skip_building_tests' from command line to 'False'
[1.472s] DEBUG:colcon.colcon_core.verb:Building package 'fdilink_ahrs' with the following arguments: {'ament_cmake_args': None, 'build_base': '/home/johan/mapping_sample_ros2/build/fdilink_ahrs', 'catkin_cmake_args': None, 'catkin_skip_building_tests': False, 'cmake_args': None, 'cmake_clean_cache': False, 'cmake_clean_first': False, 'cmake_force_configure': False, 'cmake_target': None, 'cmake_target_skip_unavailable': False, 'install_base': '/home/johan/mapping_sample_ros2/install/fdilink_ahrs', 'merge_install': False, 'path': '/home/johan/mapping_sample_ros2/src/sensors/fdilink_ahrs_ROS2', 'symlink_install': False, 'test_result_base': None}
[1.491s] Level 5:colcon.colcon_core.verb:set package 'rc_nav2' build argument 'cmake_args' from command line to 'None'
[1.491s] Level 5:colcon.colcon_core.verb:set package 'rc_nav2' build argument 'cmake_target' from command line to 'None'
[1.491s] Level 5:colcon.colcon_core.verb:set package 'rc_nav2' build argument 'cmake_target_skip_unavailable' from command line to 'False'
[1.491s] Level 5:colcon.colcon_core.verb:set package 'rc_nav2' build argument 'cmake_clean_cache' from command line to 'False'
[1.491s] Level 5:colcon.colcon_core.verb:set package 'rc_nav2' build argument 'cmake_clean_first' from command line to 'False'
[1.491s] Level 5:colcon.colcon_core.verb:set package 'rc_nav2' build argument 'cmake_force_configure' from command line to 'False'
[1.491s] Level 5:colcon.colcon_core.verb:set package 'rc_nav2' build argument 'ament_cmake_args' from command line to 'None'
[1.491s] Level 5:colcon.colcon_core.verb:set package 'rc_nav2' build argument 'catkin_cmake_args' from command line to 'None'
[1.491s] Level 5:colcon.colcon_core.verb:set package 'rc_nav2' build argument 'catkin_skip_building_tests' from command line to 'False'
[1.491s] DEBUG:colcon.colcon_core.verb:Building package 'rc_nav2' with the following arguments: {'ament_cmake_args': None, 'build_base': '/home/johan/mapping_sample_ros2/build/rc_nav2', 'catkin_cmake_args': None, 'catkin_skip_building_tests': False, 'cmake_args': None, 'cmake_clean_cache': False, 'cmake_clean_first': False, 'cmake_force_configure': False, 'cmake_target': None, 'cmake_target_skip_unavailable': False, 'install_base': '/home/johan/mapping_sample_ros2/install/rc_nav2', 'merge_install': False, 'path': '/home/johan/mapping_sample_ros2/src/rc_nav2', 'symlink_install': False, 'test_result_base': None}
[1.510s] Level 5:colcon.colcon_core.verb:set package 'sllidar_ros2' build argument 'cmake_args' from command line to 'None'
[1.510s] Level 5:colcon.colcon_core.verb:set package 'sllidar_ros2' build argument 'cmake_target' from command line to 'None'
[1.510s] Level 5:colcon.colcon_core.verb:set package 'sllidar_ros2' build argument 'cmake_target_skip_unavailable' from command line to 'False'
[1.510s] Level 5:colcon.colcon_core.verb:set package 'sllidar_ros2' build argument 'cmake_clean_cache' from command line to 'False'
[1.510s] Level 5:colcon.colcon_core.verb:set package 'sllidar_ros2' build argument 'cmake_clean_first' from command line to 'False'
[1.510s] Level 5:colcon.colcon_core.verb:set package 'sllidar_ros2' build argument 'cmake_force_configure' from command line to 'False'
[1.510s] Level 5:colcon.colcon_core.verb:set package 'sllidar_ros2' build argument 'ament_cmake_args' from command line to 'None'
[1.510s] Level 5:colcon.colcon_core.verb:set package 'sllidar_ros2' build argument 'catkin_cmake_args' from command line to 'None'
[1.510s] Level 5:colcon.colcon_core.verb:set package 'sllidar_ros2' build argument 'catkin_skip_building_tests' from command line to 'False'
[1.510s] DEBUG:colcon.colcon_core.verb:Building package 'sllidar_ros2' with the following arguments: {'ament_cmake_args': None, 'build_base': '/home/johan/mapping_sample_ros2/build/sllidar_ros2', 'catkin_cmake_args': None, 'catkin_skip_building_tests': False, 'cmake_args': None, 'cmake_clean_cache': False, 'cmake_clean_first': False, 'cmake_force_configure': False, 'cmake_target': None, 'cmake_target_skip_unavailable': False, 'install_base': '/home/johan/mapping_sample_ros2/install/sllidar_ros2', 'merge_install': False, 'path': '/home/johan/mapping_sample_ros2/src/sensors/sllidar_ros2', 'symlink_install': False, 'test_result_base': None}
[1.529s] INFO:colcon.colcon_core.executor:Executing jobs using 'parallel' executor
[1.549s] DEBUG:colcon.colcon_parallel_executor.executor.parallel:run_until_complete
[1.549s] INFO:colcon.colcon_ros.task.ament_cmake.build:Building ROS package in '/home/johan/mapping_sample_ros2/src/sensors/fdilink_ahrs_ROS2' with build type 'ament_cmake'
[1.549s] INFO:colcon.colcon_cmake.task.cmake.build:Building CMake package in '/home/johan/mapping_sample_ros2/src/sensors/fdilink_ahrs_ROS2'
[1.570s] INFO:colcon.colcon_core.plugin_system:Skipping extension 'colcon_core.shell.bat': Not used on non-Windows systems
[1.570s] INFO:colcon.colcon_core.shell:Skip shell extension 'powershell' for command environment: Not usable outside of PowerShell
[1.570s] DEBUG:colcon.colcon_core.shell:Skip shell extension 'dsv' for command environment
[1.638s] INFO:colcon.colcon_ros.task.ament_cmake.build:Building ROS package in '/home/johan/mapping_sample_ros2/src/rc_nav2' with build type 'ament_cmake'
[1.638s] INFO:colcon.colcon_cmake.task.cmake.build:Building CMake package in '/home/johan/mapping_sample_ros2/src/rc_nav2'
[1.659s] INFO:colcon.colcon_core.shell:Skip shell extension 'powershell' for command environment: Not usable outside of PowerShell
[1.659s] DEBUG:colcon.colcon_core.shell:Skip shell extension 'dsv' for command environment
[1.721s] INFO:colcon.colcon_ros.task.ament_cmake.build:Building ROS package in '/home/johan/mapping_sample_ros2/src/sensors/sllidar_ros2' with build type 'ament_cmake'
[1.721s] INFO:colcon.colcon_cmake.task.cmake.build:Building CMake package in '/home/johan/mapping_sample_ros2/src/sensors/sllidar_ros2'
[1.741s] INFO:colcon.colcon_core.shell:Skip shell extension 'powershell' for command environment: Not usable outside of PowerShell
[1.741s] DEBUG:colcon.colcon_core.shell:Skip shell extension 'dsv' for command environment
[1.808s] DEBUG:colcon.colcon_core.event_handler.log_command:Invoking command in '/home/johan/mapping_sample_ros2/build/fdilink_ahrs': CMAKE_PREFIX_PATH=${CMAKE_PREFIX_PATH}:/opt/ros/foxy /usr/bin/cmake --build /home/johan/mapping_sample_ros2/build/fdilink_ahrs -- -j16 -l16
[1.813s] DEBUG:colcon.colcon_core.event_handler.log_command:Invoking command in '/home/johan/mapping_sample_ros2/build/rc_nav2': CMAKE_PREFIX_PATH=${CMAKE_PREFIX_PATH}:/opt/ros/foxy /usr/bin/cmake --build /home/johan/mapping_sample_ros2/build/rc_nav2 -- -j16 -l16
[1.818s] DEBUG:colcon.colcon_core.event_handler.log_command:Invoking command in '/home/johan/mapping_sample_ros2/build/sllidar_ros2': CMAKE_PREFIX_PATH=${CMAKE_PREFIX_PATH}:/opt/ros/foxy /usr/bin/cmake --build /home/johan/mapping_sample_ros2/build/sllidar_ros2 -- -j16 -l16
[1.838s] DEBUG:colcon.colcon_core.event_handler.log_command:Invoked command in '/home/johan/mapping_sample_ros2/build/rc_nav2' returned '0': CMAKE_PREFIX_PATH=${CMAKE_PREFIX_PATH}:/opt/ros/foxy /usr/bin/cmake --build /home/johan/mapping_sample_ros2/build/rc_nav2 -- -j16 -l16
[1.871s] DEBUG:colcon.colcon_core.event_handler.log_command:Invoking command in '/home/johan/mapping_sample_ros2/build/rc_nav2': CMAKE_PREFIX_PATH=${CMAKE_PREFIX_PATH}:/opt/ros/foxy /usr/bin/cmake --install /home/johan/mapping_sample_ros2/build/rc_nav2
[1.874s] DEBUG:colcon.colcon_core.event_handler.log_command:Invoked command in '/home/johan/mapping_sample_ros2/build/fdilink_ahrs' returned '0': CMAKE_PREFIX_PATH=${CMAKE_PREFIX_PATH}:/opt/ros/foxy /usr/bin/cmake --build /home/johan/mapping_sample_ros2/build/fdilink_ahrs -- -j16 -l16
[1.881s] Level 1:colcon.colcon_core.environment:create_environment_scripts_only(rc_nav2)
[1.883s] DEBUG:colcon.colcon_core.event_handler.log_command:Invoked command in '/home/johan/mapping_sample_ros2/build/sllidar_ros2' returned '0': CMAKE_PREFIX_PATH=${CMAKE_PREFIX_PATH}:/opt/ros/foxy /usr/bin/cmake --build /home/johan/mapping_sample_ros2/build/sllidar_ros2 -- -j16 -l16
[1.883s] DEBUG:colcon.colcon_core.event_handler.log_command:Invoked command in '/home/johan/mapping_sample_ros2/build/rc_nav2' returned '0': CMAKE_PREFIX_PATH=${CMAKE_PREFIX_PATH}:/opt/ros/foxy /usr/bin/cmake --install /home/johan/mapping_sample_ros2/build/rc_nav2
[1.906s] Level 1:colcon.colcon_core.environment:checking '/home/johan/mapping_sample_ros2/install/rc_nav2' for CMake module files
[1.906s] Level 1:colcon.colcon_core.environment:checking '/home/johan/mapping_sample_ros2/install/rc_nav2' for CMake config files
[1.907s] Level 1:colcon.colcon_core.shell:create_environment_hook('rc_nav2', 'cmake_prefix_path')
[1.927s] INFO:colcon.colcon_core.shell:Creating environment hook '/home/johan/mapping_sample_ros2/install/rc_nav2/share/rc_nav2/hook/cmake_prefix_path.ps1'
[1.927s] INFO:colcon.colcon_core.shell:Creating environment descriptor '/home/johan/mapping_sample_ros2/install/rc_nav2/share/rc_nav2/hook/cmake_prefix_path.dsv'
[1.927s] INFO:colcon.colcon_core.shell:Creating environment hook '/home/johan/mapping_sample_ros2/install/rc_nav2/share/rc_nav2/hook/cmake_prefix_path.sh'
[1.928s] Level 1:colcon.colcon_core.environment:checking '/home/johan/mapping_sample_ros2/install/rc_nav2/bin'
[1.928s] Level 1:colcon.colcon_core.environment:checking '/home/johan/mapping_sample_ros2/install/rc_nav2/lib/pkgconfig/rc_nav2.pc'
[1.928s] Level 1:colcon.colcon_core.environment:checking '/home/johan/mapping_sample_ros2/install/rc_nav2/lib/python3.8/site-packages'
[1.928s] Level 1:colcon.colcon_core.environment:checking '/home/johan/mapping_sample_ros2/install/rc_nav2/bin'
[1.948s] INFO:colcon.colcon_core.shell:Creating package script '/home/johan/mapping_sample_ros2/install/rc_nav2/share/rc_nav2/package.ps1'
[1.948s] INFO:colcon.colcon_core.shell:Creating package descriptor '/home/johan/mapping_sample_ros2/install/rc_nav2/share/rc_nav2/package.dsv'
[1.949s] INFO:colcon.colcon_core.shell:Creating package script '/home/johan/mapping_sample_ros2/install/rc_nav2/share/rc_nav2/package.sh'
[1.949s] INFO:colcon.colcon_core.shell:Creating package script '/home/johan/mapping_sample_ros2/install/rc_nav2/share/rc_nav2/package.bash'
[1.949s] INFO:colcon.colcon_core.shell:Creating package script '/home/johan/mapping_sample_ros2/install/rc_nav2/share/rc_nav2/package.zsh'
[1.950s] Level 1:colcon.colcon_core.environment:create_file_with_runtime_dependencies(/home/johan/mapping_sample_ros2/install/rc_nav2/share/colcon-core/packages/rc_nav2)
[1.955s] DEBUG:colcon.colcon_core.event_handler.log_command:Invoking command in '/home/johan/mapping_sample_ros2/build/fdilink_ahrs': CMAKE_PREFIX_PATH=${CMAKE_PREFIX_PATH}:/opt/ros/foxy /usr/bin/cmake --install /home/johan/mapping_sample_ros2/build/fdilink_ahrs
[1.958s] DEBUG:colcon.colcon_core.event_handler.log_command:Invoking command in '/home/johan/mapping_sample_ros2/build/sllidar_ros2': CMAKE_PREFIX_PATH=${CMAKE_PREFIX_PATH}:/opt/ros/foxy /usr/bin/cmake --install /home/johan/mapping_sample_ros2/build/sllidar_ros2
[1.962s] Level 1:colcon.colcon_core.environment:create_environment_scripts_only(fdilink_ahrs)
[1.964s] DEBUG:colcon.colcon_core.event_handler.log_command:Invoked command in '/home/johan/mapping_sample_ros2/build/fdilink_ahrs' returned '0': CMAKE_PREFIX_PATH=${CMAKE_PREFIX_PATH}:/opt/ros/foxy /usr/bin/cmake --install /home/johan/mapping_sample_ros2/build/fdilink_ahrs
[1.985s] Level 1:colcon.colcon_core.environment:checking '/home/johan/mapping_sample_ros2/install/fdilink_ahrs' for CMake module files
[1.986s] Level 1:colcon.colcon_core.environment:checking '/home/johan/mapping_sample_ros2/install/fdilink_ahrs' for CMake config files
[1.986s] Level 1:colcon.colcon_core.shell:create_environment_hook('fdilink_ahrs', 'cmake_prefix_path')
[2.005s] INFO:colcon.colcon_core.shell:Creating environment hook '/home/johan/mapping_sample_ros2/install/fdilink_ahrs/share/fdilink_ahrs/hook/cmake_prefix_path.ps1'
[2.006s] INFO:colcon.colcon_core.shell:Creating environment descriptor '/home/johan/mapping_sample_ros2/install/fdilink_ahrs/share/fdilink_ahrs/hook/cmake_prefix_path.dsv'
[2.006s] INFO:colcon.colcon_core.shell:Creating environment hook '/home/johan/mapping_sample_ros2/install/fdilink_ahrs/share/fdilink_ahrs/hook/cmake_prefix_path.sh'
[2.006s] Level 1:colcon.colcon_core.environment:checking '/home/johan/mapping_sample_ros2/install/fdilink_ahrs/lib'
[2.006s] Level 1:colcon.colcon_core.environment:checking '/home/johan/mapping_sample_ros2/install/fdilink_ahrs/bin'
[2.006s] Level 1:colcon.colcon_core.environment:checking '/home/johan/mapping_sample_ros2/install/fdilink_ahrs/lib/pkgconfig/fdilink_ahrs.pc'
[2.007s] Level 1:colcon.colcon_core.environment:checking '/home/johan/mapping_sample_ros2/install/fdilink_ahrs/lib/python3.8/site-packages'
[2.007s] Level 1:colcon.colcon_core.environment:checking '/home/johan/mapping_sample_ros2/install/fdilink_ahrs/bin'
[2.026s] INFO:colcon.colcon_core.shell:Creating package script '/home/johan/mapping_sample_ros2/install/fdilink_ahrs/share/fdilink_ahrs/package.ps1'
[2.027s] INFO:colcon.colcon_core.shell:Creating package descriptor '/home/johan/mapping_sample_ros2/install/fdilink_ahrs/share/fdilink_ahrs/package.dsv'
[2.027s] INFO:colcon.colcon_core.shell:Creating package script '/home/johan/mapping_sample_ros2/install/fdilink_ahrs/share/fdilink_ahrs/package.sh'
[2.027s] INFO:colcon.colcon_core.shell:Creating package script '/home/johan/mapping_sample_ros2/install/fdilink_ahrs/share/fdilink_ahrs/package.bash'
[2.027s] INFO:colcon.colcon_core.shell:Creating package script '/home/johan/mapping_sample_ros2/install/fdilink_ahrs/share/fdilink_ahrs/package.zsh'
[2.027s] Level 1:colcon.colcon_core.environment:create_file_with_runtime_dependencies(/home/johan/mapping_sample_ros2/install/fdilink_ahrs/share/colcon-core/packages/fdilink_ahrs)
[2.051s] Level 1:colcon.colcon_core.environment:create_environment_scripts_only(rc_nav2)
[2.070s] Level 1:colcon.colcon_core.environment:checking '/home/johan/mapping_sample_ros2/install/rc_nav2' for CMake module files
[2.071s] Level 1:colcon.colcon_core.environment:checking '/home/johan/mapping_sample_ros2/install/rc_nav2' for CMake config files
[2.071s] Level 1:colcon.colcon_core.shell:create_environment_hook('rc_nav2', 'cmake_prefix_path')
[2.090s] INFO:colcon.colcon_core.shell:Creating environment hook '/home/johan/mapping_sample_ros2/install/rc_nav2/share/rc_nav2/hook/cmake_prefix_path.ps1'
[2.091s] INFO:colcon.colcon_core.shell:Creating environment descriptor '/home/johan/mapping_sample_ros2/install/rc_nav2/share/rc_nav2/hook/cmake_prefix_path.dsv'
[2.091s] INFO:colcon.colcon_core.shell:Creating environment hook '/home/johan/mapping_sample_ros2/install/rc_nav2/share/rc_nav2/hook/cmake_prefix_path.sh'
[2.091s] Level 1:colcon.colcon_core.environment:checking '/home/johan/mapping_sample_ros2/install/rc_nav2/bin'
[2.091s] Level 1:colcon.colcon_core.environment:checking '/home/johan/mapping_sample_ros2/install/rc_nav2/lib/pkgconfig/rc_nav2.pc'
[2.091s] Level 1:colcon.colcon_core.environment:checking '/home/johan/mapping_sample_ros2/install/rc_nav2/lib/python3.8/site-packages'
[2.091s] Level 1:colcon.colcon_core.environment:checking '/home/johan/mapping_sample_ros2/install/rc_nav2/bin'
[2.111s] INFO:colcon.colcon_core.shell:Creating package script '/home/johan/mapping_sample_ros2/install/rc_nav2/share/rc_nav2/package.ps1'
[2.111s] INFO:colcon.colcon_core.shell:Creating package descriptor '/home/johan/mapping_sample_ros2/install/rc_nav2/share/rc_nav2/package.dsv'
[2.112s] INFO:colcon.colcon_core.shell:Creating package script '/home/johan/mapping_sample_ros2/install/rc_nav2/share/rc_nav2/package.sh'
[2.112s] INFO:colcon.colcon_core.shell:Creating package script '/home/johan/mapping_sample_ros2/install/rc_nav2/share/rc_nav2/package.bash'
[2.112s] INFO:colcon.colcon_core.shell:Creating package script '/home/johan/mapping_sample_ros2/install/rc_nav2/share/rc_nav2/package.zsh'
[2.112s] Level 1:colcon.colcon_core.environment:create_file_with_runtime_dependencies(/home/johan/mapping_sample_ros2/install/rc_nav2/share/colcon-core/packages/rc_nav2)
[2.113s] Level 1:colcon.colcon_core.environment:create_environment_scripts_only(sllidar_ros2)
[2.114s] DEBUG:colcon.colcon_core.event_handler.log_command:Invoked command in '/home/johan/mapping_sample_ros2/build/sllidar_ros2' returned '0': CMAKE_PREFIX_PATH=${CMAKE_PREFIX_PATH}:/opt/ros/foxy /usr/bin/cmake --install /home/johan/mapping_sample_ros2/build/sllidar_ros2
[2.134s] Level 1:colcon.colcon_core.environment:checking '/home/johan/mapping_sample_ros2/install/sllidar_ros2' for CMake module files
[2.135s] Level 1:colcon.colcon_core.environment:checking '/home/johan/mapping_sample_ros2/install/sllidar_ros2' for CMake config files
[2.136s] Level 1:colcon.colcon_core.shell:create_environment_hook('sllidar_ros2', 'cmake_prefix_path')
[2.156s] INFO:colcon.colcon_core.shell:Creating environment hook '/home/johan/mapping_sample_ros2/install/sllidar_ros2/share/sllidar_ros2/hook/cmake_prefix_path.ps1'
[2.156s] INFO:colcon.colcon_core.shell:Creating environment descriptor '/home/johan/mapping_sample_ros2/install/sllidar_ros2/share/sllidar_ros2/hook/cmake_prefix_path.dsv'
[2.157s] INFO:colcon.colcon_core.shell:Creating environment hook '/home/johan/mapping_sample_ros2/install/sllidar_ros2/share/sllidar_ros2/hook/cmake_prefix_path.sh'
[2.157s] Level 1:colcon.colcon_core.environment:checking '/home/johan/mapping_sample_ros2/install/sllidar_ros2/lib'
[2.157s] Level 1:colcon.colcon_core.environment:checking '/home/johan/mapping_sample_ros2/install/sllidar_ros2/bin'
[2.157s] Level 1:colcon.colcon_core.environment:checking '/home/johan/mapping_sample_ros2/install/sllidar_ros2/lib/pkgconfig/sllidar_ros2.pc'
[2.157s] Level 1:colcon.colcon_core.environment:checking '/home/johan/mapping_sample_ros2/install/sllidar_ros2/lib/python3.8/site-packages'
[2.157s] Level 1:colcon.colcon_core.environment:checking '/home/johan/mapping_sample_ros2/install/sllidar_ros2/bin'
[2.177s] INFO:colcon.colcon_core.shell:Creating package script '/home/johan/mapping_sample_ros2/install/sllidar_ros2/share/sllidar_ros2/package.ps1'
[2.177s] INFO:colcon.colcon_core.shell:Creating package descriptor '/home/johan/mapping_sample_ros2/install/sllidar_ros2/share/sllidar_ros2/package.dsv'
[2.177s] INFO:colcon.colcon_core.shell:Creating package script '/home/johan/mapping_sample_ros2/install/sllidar_ros2/share/sllidar_ros2/package.sh'
[2.178s] INFO:colcon.colcon_core.shell:Creating package script '/home/johan/mapping_sample_ros2/install/sllidar_ros2/share/sllidar_ros2/package.bash'
[2.178s] INFO:colcon.colcon_core.shell:Creating package script '/home/johan/mapping_sample_ros2/install/sllidar_ros2/share/sllidar_ros2/package.zsh'
[2.178s] Level 1:colcon.colcon_core.environment:create_file_with_runtime_dependencies(/home/johan/mapping_sample_ros2/install/sllidar_ros2/share/colcon-core/packages/sllidar_ros2)
[2.200s] Level 1:colcon.colcon_core.environment:create_environment_scripts_only(fdilink_ahrs)
[2.220s] Level 1:colcon.colcon_core.environment:checking '/home/johan/mapping_sample_ros2/install/fdilink_ahrs' for CMake module files
[2.220s] Level 1:colcon.colcon_core.environment:checking '/home/johan/mapping_sample_ros2/install/fdilink_ahrs' for CMake config files
[2.220s] Level 1:colcon.colcon_core.shell:create_environment_hook('fdilink_ahrs', 'cmake_prefix_path')
[2.240s] INFO:colcon.colcon_core.shell:Creating environment hook '/home/johan/mapping_sample_ros2/install/fdilink_ahrs/share/fdilink_ahrs/hook/cmake_prefix_path.ps1'
[2.240s] INFO:colcon.colcon_core.shell:Creating environment descriptor '/home/johan/mapping_sample_ros2/install/fdilink_ahrs/share/fdilink_ahrs/hook/cmake_prefix_path.dsv'
[2.240s] INFO:colcon.colcon_core.shell:Creating environment hook '/home/johan/mapping_sample_ros2/install/fdilink_ahrs/share/fdilink_ahrs/hook/cmake_prefix_path.sh'
[2.241s] Level 1:colcon.colcon_core.environment:checking '/home/johan/mapping_sample_ros2/install/fdilink_ahrs/lib'
[2.241s] Level 1:colcon.colcon_core.environment:checking '/home/johan/mapping_sample_ros2/install/fdilink_ahrs/bin'
[2.241s] Level 1:colcon.colcon_core.environment:checking '/home/johan/mapping_sample_ros2/install/fdilink_ahrs/lib/pkgconfig/fdilink_ahrs.pc'
[2.241s] Level 1:colcon.colcon_core.environment:checking '/home/johan/mapping_sample_ros2/install/fdilink_ahrs/lib/python3.8/site-packages'
[2.241s] Level 1:colcon.colcon_core.environment:checking '/home/johan/mapping_sample_ros2/install/fdilink_ahrs/bin'
[2.261s] INFO:colcon.colcon_core.shell:Creating package script '/home/johan/mapping_sample_ros2/install/fdilink_ahrs/share/fdilink_ahrs/package.ps1'
[2.261s] INFO:colcon.colcon_core.shell:Creating package descriptor '/home/johan/mapping_sample_ros2/install/fdilink_ahrs/share/fdilink_ahrs/package.dsv'
[2.261s] INFO:colcon.colcon_core.shell:Creating package script '/home/johan/mapping_sample_ros2/install/fdilink_ahrs/share/fdilink_ahrs/package.sh'
[2.262s] INFO:colcon.colcon_core.shell:Creating package script '/home/johan/mapping_sample_ros2/install/fdilink_ahrs/share/fdilink_ahrs/package.bash'
[2.262s] INFO:colcon.colcon_core.shell:Creating package script '/home/johan/mapping_sample_ros2/install/fdilink_ahrs/share/fdilink_ahrs/package.zsh'
[2.262s] Level 1:colcon.colcon_core.environment:create_file_with_runtime_dependencies(/home/johan/mapping_sample_ros2/install/fdilink_ahrs/share/colcon-core/packages/fdilink_ahrs)
[2.282s] Level 1:colcon.colcon_core.environment:create_environment_scripts_only(sllidar_ros2)
[2.309s] Level 1:colcon.colcon_core.environment:checking '/home/johan/mapping_sample_ros2/install/sllidar_ros2' for CMake module files
[2.309s] Level 1:colcon.colcon_core.environment:checking '/home/johan/mapping_sample_ros2/install/sllidar_ros2' for CMake config files
[2.309s] Level 1:colcon.colcon_core.shell:create_environment_hook('sllidar_ros2', 'cmake_prefix_path')
[2.329s] INFO:colcon.colcon_core.shell:Creating environment hook '/home/johan/mapping_sample_ros2/install/sllidar_ros2/share/sllidar_ros2/hook/cmake_prefix_path.ps1'
[2.329s] INFO:colcon.colcon_core.shell:Creating environment descriptor '/home/johan/mapping_sample_ros2/install/sllidar_ros2/share/sllidar_ros2/hook/cmake_prefix_path.dsv'
[2.329s] INFO:colcon.colcon_core.shell:Creating environment hook '/home/johan/mapping_sample_ros2/install/sllidar_ros2/share/sllidar_ros2/hook/cmake_prefix_path.sh'
[2.330s] Level 1:colcon.colcon_core.environment:checking '/home/johan/mapping_sample_ros2/install/sllidar_ros2/lib'
[2.330s] Level 1:colcon.colcon_core.environment:checking '/home/johan/mapping_sample_ros2/install/sllidar_ros2/bin'
[2.330s] Level 1:colcon.colcon_core.environment:checking '/home/johan/mapping_sample_ros2/install/sllidar_ros2/lib/pkgconfig/sllidar_ros2.pc'
[2.330s] Level 1:colcon.colcon_core.environment:checking '/home/johan/mapping_sample_ros2/install/sllidar_ros2/lib/python3.8/site-packages'
[2.330s] Level 1:colcon.colcon_core.environment:checking '/home/johan/mapping_sample_ros2/install/sllidar_ros2/bin'
[2.349s] INFO:colcon.colcon_core.shell:Creating package script '/home/johan/mapping_sample_ros2/install/sllidar_ros2/share/sllidar_ros2/package.ps1'
[2.350s] INFO:colcon.colcon_core.shell:Creating package descriptor '/home/johan/mapping_sample_ros2/install/sllidar_ros2/share/sllidar_ros2/package.dsv'
[2.350s] INFO:colcon.colcon_core.shell:Creating package script '/home/johan/mapping_sample_ros2/install/sllidar_ros2/share/sllidar_ros2/package.sh'
[2.350s] INFO:colcon.colcon_core.shell:Creating package script '/home/johan/mapping_sample_ros2/install/sllidar_ros2/share/sllidar_ros2/package.bash'
[2.350s] INFO:colcon.colcon_core.shell:Creating package script '/home/johan/mapping_sample_ros2/install/sllidar_ros2/share/sllidar_ros2/package.zsh'
[2.350s] Level 1:colcon.colcon_core.environment:create_file_with_runtime_dependencies(/home/johan/mapping_sample_ros2/install/sllidar_ros2/share/colcon-core/packages/sllidar_ros2)
[2.351s] DEBUG:colcon.colcon_parallel_executor.executor.parallel:closing loop
[2.351s] DEBUG:colcon.colcon_parallel_executor.executor.parallel:loop closed
[2.351s] DEBUG:colcon.colcon_parallel_executor.executor.parallel:run_until_complete finished with '0'
[2.351s] DEBUG:colcon.colcon_core.event_reactor:joining thread
[2.374s] INFO:colcon.colcon_core.plugin_system:Skipping extension 'colcon_notification.desktop_notification.terminal_notifier': Not used on non-Darwin systems
[2.374s] INFO:colcon.colcon_core.plugin_system:Skipping extension 'colcon_notification.desktop_notification.win32': Not used on non-Windows systems
[2.374s] INFO:colcon.colcon_notification.desktop_notification:Sending desktop notification using 'notify2'
[2.387s] DEBUG:colcon.colcon_core.event_reactor:joined thread
[2.406s] INFO:colcon.colcon_core.shell:Creating prefix script '/home/johan/mapping_sample_ros2/install/local_setup.ps1'
[2.407s] INFO:colcon.colcon_core.shell:Creating prefix util module '/home/johan/mapping_sample_ros2/install/_local_setup_util_ps1.py'
[2.408s] INFO:colcon.colcon_core.shell:Creating prefix chain script '/home/johan/mapping_sample_ros2/install/setup.ps1'
[2.427s] INFO:colcon.colcon_core.shell:Creating prefix script '/home/johan/mapping_sample_ros2/install/local_setup.sh'
[2.427s] INFO:colcon.colcon_core.shell:Creating prefix util module '/home/johan/mapping_sample_ros2/install/_local_setup_util_sh.py'
[2.428s] INFO:colcon.colcon_core.shell:Creating prefix chain script '/home/johan/mapping_sample_ros2/install/setup.sh'
[2.448s] INFO:colcon.colcon_core.shell:Creating prefix script '/home/johan/mapping_sample_ros2/install/local_setup.bash'
[2.448s] INFO:colcon.colcon_core.shell:Creating prefix chain script '/home/johan/mapping_sample_ros2/install/setup.bash'
[2.468s] INFO:colcon.colcon_core.shell:Creating prefix script '/home/johan/mapping_sample_ros2/install/local_setup.zsh'
[2.468s] INFO:colcon.colcon_core.shell:Creating prefix chain script '/home/johan/mapping_sample_ros2/install/setup.zsh'
