[1.149s] DEBUG:colcon:Command line arguments: ['/usr/bin/colcon', 'build']
[1.149s] DEBUG:colcon:Parsed command line arguments: Namespace(allow_overriding=[], ament_cmake_args=None, base_paths=['.'], build_base='build', catkin_cmake_args=None, catkin_skip_building_tests=False, cmake_args=None, cmake_clean_cache=False, cmake_clean_first=False, cmake_force_configure=False, cmake_target=None, cmake_target_skip_unavailable=False, continue_on_error=False, event_handlers=None, executor='parallel', ignore_user_meta=False, install_base='install', log_base=None, log_level=None, main=<bound method BuildVerb.main of <colcon_core.verb.build.BuildVerb object at 0x7f9a4c5aaf70>>, merge_install=False, metas=['./colcon.meta'], packages_above=None, packages_above_and_dependencies=None, packages_above_depth=None, packages_end=None, packages_ignore=None, packages_ignore_regex=None, packages_select=None, packages_select_build_failed=False, packages_select_by_dep=None, packages_select_regex=None, packages_select_test_failures=False, packages_skip=None, packages_skip_build_finished=False, packages_skip_by_dep=None, packages_skip_regex=None, packages_skip_test_passed=False, packages_skip_up_to=None, packages_start=None, packages_up_to=None, packages_up_to_regex=None, parallel_workers=16, paths=None, symlink_install=False, test_result_base=None, verb_extension=<colcon_core.verb.build.BuildVerb object at 0x7f9a4c5aaf70>, verb_name='build', verb_parser=<colcon_defaults.argument_parser.defaults.DefaultArgumentsDecorator object at 0x7f9a4c5aa3d0>)
[1.200s] Level 1:colcon.colcon_core.package_discovery:discover_packages(colcon_meta) check parameters
[1.200s] Level 1:colcon.colcon_core.package_discovery:discover_packages(recursive) check parameters
[1.200s] Level 1:colcon.colcon_core.package_discovery:discover_packages(ignore) check parameters
[1.200s] Level 1:colcon.colcon_core.package_discovery:discover_packages(path) check parameters
[1.200s] Level 1:colcon.colcon_core.package_discovery:discover_packages(colcon_meta) discover
[1.200s] Level 1:colcon.colcon_core.package_discovery:discover_packages(recursive) discover
[1.200s] INFO:colcon.colcon_core.package_discovery:Crawling recursively for packages in '/home/johan/mapping_sample_ros2'
[1.200s] Level 1:colcon.colcon_core.package_identification:_identify(.) by extensions ['ignore', 'ignore_ament_install']
[1.200s] Level 1:colcon.colcon_core.package_identification:_identify(.) by extension 'ignore'
[1.200s] Level 1:colcon.colcon_core.package_identification:_identify(.) by extension 'ignore_ament_install'
[1.200s] Level 1:colcon.colcon_core.package_identification:_identify(.) by extensions ['colcon_pkg']
[1.200s] Level 1:colcon.colcon_core.package_identification:_identify(.) by extension 'colcon_pkg'
[1.200s] Level 1:colcon.colcon_core.package_identification:_identify(.) by extensions ['colcon_meta']
[1.200s] Level 1:colcon.colcon_core.package_identification:_identify(.) by extension 'colcon_meta'
[1.200s] Level 1:colcon.colcon_core.package_identification:_identify(.) by extensions ['ros']
[1.200s] Level 1:colcon.colcon_core.package_identification:_identify(.) by extension 'ros'
[1.208s] Level 1:colcon.colcon_core.package_identification:_identify(.) by extensions ['cmake', 'python']
[1.208s] Level 1:colcon.colcon_core.package_identification:_identify(.) by extension 'cmake'
[1.208s] Level 1:colcon.colcon_core.package_identification:_identify(.) by extension 'python'
[1.208s] Level 1:colcon.colcon_core.package_identification:_identify(.) by extensions ['python_setup_py']
[1.208s] Level 1:colcon.colcon_core.package_identification:_identify(.) by extension 'python_setup_py'
[1.208s] Level 1:colcon.colcon_core.package_identification:_identify(build) by extensions ['ignore', 'ignore_ament_install']
[1.208s] Level 1:colcon.colcon_core.package_identification:_identify(build) by extension 'ignore'
[1.208s] Level 1:colcon.colcon_core.package_identification:_identify(build) ignored
[1.208s] Level 1:colcon.colcon_core.package_identification:_identify(install) by extensions ['ignore', 'ignore_ament_install']
[1.208s] Level 1:colcon.colcon_core.package_identification:_identify(install) by extension 'ignore'
[1.208s] Level 1:colcon.colcon_core.package_identification:_identify(install) ignored
[1.208s] Level 1:colcon.colcon_core.package_identification:_identify(log) by extensions ['ignore', 'ignore_ament_install']
[1.208s] Level 1:colcon.colcon_core.package_identification:_identify(log) by extension 'ignore'
[1.208s] Level 1:colcon.colcon_core.package_identification:_identify(log) ignored
[1.208s] Level 1:colcon.colcon_core.package_identification:_identify(src) by extensions ['ignore', 'ignore_ament_install']
[1.208s] Level 1:colcon.colcon_core.package_identification:_identify(src) by extension 'ignore'
[1.208s] Level 1:colcon.colcon_core.package_identification:_identify(src) by extension 'ignore_ament_install'
[1.208s] Level 1:colcon.colcon_core.package_identification:_identify(src) by extensions ['colcon_pkg']
[1.208s] Level 1:colcon.colcon_core.package_identification:_identify(src) by extension 'colcon_pkg'
[1.208s] Level 1:colcon.colcon_core.package_identification:_identify(src) by extensions ['colcon_meta']
[1.208s] Level 1:colcon.colcon_core.package_identification:_identify(src) by extension 'colcon_meta'
[1.208s] Level 1:colcon.colcon_core.package_identification:_identify(src) by extensions ['ros']
[1.208s] Level 1:colcon.colcon_core.package_identification:_identify(src) by extension 'ros'
[1.208s] Level 1:colcon.colcon_core.package_identification:_identify(src) by extensions ['cmake', 'python']
[1.208s] Level 1:colcon.colcon_core.package_identification:_identify(src) by extension 'cmake'
[1.208s] Level 1:colcon.colcon_core.package_identification:_identify(src) by extension 'python'
[1.208s] Level 1:colcon.colcon_core.package_identification:_identify(src) by extensions ['python_setup_py']
[1.208s] Level 1:colcon.colcon_core.package_identification:_identify(src) by extension 'python_setup_py'
[1.209s] Level 1:colcon.colcon_core.package_identification:_identify(src/rc_nav2) by extensions ['ignore', 'ignore_ament_install']
[1.209s] Level 1:colcon.colcon_core.package_identification:_identify(src/rc_nav2) by extension 'ignore'
[1.209s] Level 1:colcon.colcon_core.package_identification:_identify(src/rc_nav2) by extension 'ignore_ament_install'
[1.209s] Level 1:colcon.colcon_core.package_identification:_identify(src/rc_nav2) by extensions ['colcon_pkg']
[1.209s] Level 1:colcon.colcon_core.package_identification:_identify(src/rc_nav2) by extension 'colcon_pkg'
[1.209s] Level 1:colcon.colcon_core.package_identification:_identify(src/rc_nav2) by extensions ['colcon_meta']
[1.209s] Level 1:colcon.colcon_core.package_identification:_identify(src/rc_nav2) by extension 'colcon_meta'
[1.209s] Level 1:colcon.colcon_core.package_identification:_identify(src/rc_nav2) by extensions ['ros']
[1.209s] Level 1:colcon.colcon_core.package_identification:_identify(src/rc_nav2) by extension 'ros'
[1.210s] DEBUG:colcon.colcon_core.package_identification:Package 'src/rc_nav2' with type 'ros.ament_cmake' and name 'rc_nav2'
[1.210s] Level 1:colcon.colcon_core.package_identification:_identify(src/sensors) by extensions ['ignore', 'ignore_ament_install']
[1.210s] Level 1:colcon.colcon_core.package_identification:_identify(src/sensors) by extension 'ignore'
[1.210s] Level 1:colcon.colcon_core.package_identification:_identify(src/sensors) by extension 'ignore_ament_install'
[1.210s] Level 1:colcon.colcon_core.package_identification:_identify(src/sensors) by extensions ['colcon_pkg']
[1.210s] Level 1:colcon.colcon_core.package_identification:_identify(src/sensors) by extension 'colcon_pkg'
[1.210s] Level 1:colcon.colcon_core.package_identification:_identify(src/sensors) by extensions ['colcon_meta']
[1.210s] Level 1:colcon.colcon_core.package_identification:_identify(src/sensors) by extension 'colcon_meta'
[1.210s] Level 1:colcon.colcon_core.package_identification:_identify(src/sensors) by extensions ['ros']
[1.210s] Level 1:colcon.colcon_core.package_identification:_identify(src/sensors) by extension 'ros'
[1.211s] Level 1:colcon.colcon_core.package_identification:_identify(src/sensors) by extensions ['cmake', 'python']
[1.211s] Level 1:colcon.colcon_core.package_identification:_identify(src/sensors) by extension 'cmake'
[1.211s] Level 1:colcon.colcon_core.package_identification:_identify(src/sensors) by extension 'python'
[1.211s] Level 1:colcon.colcon_core.package_identification:_identify(src/sensors) by extensions ['python_setup_py']
[1.211s] Level 1:colcon.colcon_core.package_identification:_identify(src/sensors) by extension 'python_setup_py'
[1.211s] Level 1:colcon.colcon_core.package_identification:_identify(src/sensors/fdilink_ahrs_ROS2) by extensions ['ignore', 'ignore_ament_install']
[1.211s] Level 1:colcon.colcon_core.package_identification:_identify(src/sensors/fdilink_ahrs_ROS2) by extension 'ignore'
[1.211s] Level 1:colcon.colcon_core.package_identification:_identify(src/sensors/fdilink_ahrs_ROS2) by extension 'ignore_ament_install'
[1.211s] Level 1:colcon.colcon_core.package_identification:_identify(src/sensors/fdilink_ahrs_ROS2) by extensions ['colcon_pkg']
[1.211s] Level 1:colcon.colcon_core.package_identification:_identify(src/sensors/fdilink_ahrs_ROS2) by extension 'colcon_pkg'
[1.211s] Level 1:colcon.colcon_core.package_identification:_identify(src/sensors/fdilink_ahrs_ROS2) by extensions ['colcon_meta']
[1.211s] Level 1:colcon.colcon_core.package_identification:_identify(src/sensors/fdilink_ahrs_ROS2) by extension 'colcon_meta'
[1.211s] Level 1:colcon.colcon_core.package_identification:_identify(src/sensors/fdilink_ahrs_ROS2) by extensions ['ros']
[1.211s] Level 1:colcon.colcon_core.package_identification:_identify(src/sensors/fdilink_ahrs_ROS2) by extension 'ros'
[1.211s] DEBUG:colcon.colcon_core.package_identification:Package 'src/sensors/fdilink_ahrs_ROS2' with type 'ros.ament_cmake' and name 'fdilink_ahrs'
[1.212s] Level 1:colcon.colcon_core.package_identification:_identify(src/sensors/sllidar_ros2) by extensions ['ignore', 'ignore_ament_install']
[1.212s] Level 1:colcon.colcon_core.package_identification:_identify(src/sensors/sllidar_ros2) by extension 'ignore'
[1.212s] Level 1:colcon.colcon_core.package_identification:_identify(src/sensors/sllidar_ros2) by extension 'ignore_ament_install'
[1.212s] Level 1:colcon.colcon_core.package_identification:_identify(src/sensors/sllidar_ros2) by extensions ['colcon_pkg']
[1.212s] Level 1:colcon.colcon_core.package_identification:_identify(src/sensors/sllidar_ros2) by extension 'colcon_pkg'
[1.212s] Level 1:colcon.colcon_core.package_identification:_identify(src/sensors/sllidar_ros2) by extensions ['colcon_meta']
[1.212s] Level 1:colcon.colcon_core.package_identification:_identify(src/sensors/sllidar_ros2) by extension 'colcon_meta'
[1.212s] Level 1:colcon.colcon_core.package_identification:_identify(src/sensors/sllidar_ros2) by extensions ['ros']
[1.212s] Level 1:colcon.colcon_core.package_identification:_identify(src/sensors/sllidar_ros2) by extension 'ros'
[1.212s] DEBUG:colcon.colcon_core.package_identification:Package 'src/sensors/sllidar_ros2' with type 'ros.ament_cmake' and name 'sllidar_ros2'
[1.212s] Level 1:colcon.colcon_core.package_discovery:discover_packages(recursive) using defaults
[1.212s] Level 1:colcon.colcon_core.package_discovery:discover_packages(ignore) discover
[1.212s] Level 1:colcon.colcon_core.package_discovery:discover_packages(ignore) using defaults
[1.212s] Level 1:colcon.colcon_core.package_discovery:discover_packages(path) discover
[1.212s] Level 1:colcon.colcon_core.package_discovery:discover_packages(path) using defaults
[1.319s] Level 1:colcon.colcon_core.package_discovery:discover_packages(prefix_path) check parameters
[1.319s] Level 1:colcon.colcon_core.package_discovery:discover_packages(prefix_path) discover
[1.365s] DEBUG:colcon.colcon_installed_package_information.package_discovery:Found 3 installed packages in /home/johan/mapping_sample_ros2/install
[1.386s] DEBUG:colcon.colcon_installed_package_information.package_discovery:Found 383 installed packages in /opt/ros/foxy
[1.387s] Level 1:colcon.colcon_core.package_discovery:discover_packages(prefix_path) using defaults
[1.474s] Level 5:colcon.colcon_core.verb:set package 'fdilink_ahrs' build argument 'cmake_args' from command line to 'None'
[1.474s] Level 5:colcon.colcon_core.verb:set package 'fdilink_ahrs' build argument 'cmake_target' from command line to 'None'
[1.474s] Level 5:colcon.colcon_core.verb:set package 'fdilink_ahrs' build argument 'cmake_target_skip_unavailable' from command line to 'False'
[1.474s] Level 5:colcon.colcon_core.verb:set package 'fdilink_ahrs' build argument 'cmake_clean_cache' from command line to 'False'
[1.474s] Level 5:colcon.colcon_core.verb:set package 'fdilink_ahrs' build argument 'cmake_clean_first' from command line to 'False'
[1.474s] Level 5:colcon.colcon_core.verb:set package 'fdilink_ahrs' build argument 'cmake_force_configure' from command line to 'False'
[1.474s] Level 5:colcon.colcon_core.verb:set package 'fdilink_ahrs' build argument 'ament_cmake_args' from command line to 'None'
[1.474s] Level 5:colcon.colcon_core.verb:set package 'fdilink_ahrs' build argument 'catkin_cmake_args' from command line to 'None'
[1.474s] Level 5:colcon.colcon_core.verb:set package 'fdilink_ahrs' build argument 'catkin_skip_building_tests' from command line to 'False'
[1.474s] DEBUG:colcon.colcon_core.verb:Building package 'fdilink_ahrs' with the following arguments: {'ament_cmake_args': None, 'build_base': '/home/johan/mapping_sample_ros2/build/fdilink_ahrs', 'catkin_cmake_args': None, 'catkin_skip_building_tests': False, 'cmake_args': None, 'cmake_clean_cache': False, 'cmake_clean_first': False, 'cmake_force_configure': False, 'cmake_target': None, 'cmake_target_skip_unavailable': False, 'install_base': '/home/johan/mapping_sample_ros2/install/fdilink_ahrs', 'merge_install': False, 'path': '/home/johan/mapping_sample_ros2/src/sensors/fdilink_ahrs_ROS2', 'symlink_install': False, 'test_result_base': None}
[1.493s] Level 5:colcon.colcon_core.verb:set package 'rc_nav2' build argument 'cmake_args' from command line to 'None'
[1.493s] Level 5:colcon.colcon_core.verb:set package 'rc_nav2' build argument 'cmake_target' from command line to 'None'
[1.493s] Level 5:colcon.colcon_core.verb:set package 'rc_nav2' build argument 'cmake_target_skip_unavailable' from command line to 'False'
[1.493s] Level 5:colcon.colcon_core.verb:set package 'rc_nav2' build argument 'cmake_clean_cache' from command line to 'False'
[1.493s] Level 5:colcon.colcon_core.verb:set package 'rc_nav2' build argument 'cmake_clean_first' from command line to 'False'
[1.493s] Level 5:colcon.colcon_core.verb:set package 'rc_nav2' build argument 'cmake_force_configure' from command line to 'False'
[1.493s] Level 5:colcon.colcon_core.verb:set package 'rc_nav2' build argument 'ament_cmake_args' from command line to 'None'
[1.493s] Level 5:colcon.colcon_core.verb:set package 'rc_nav2' build argument 'catkin_cmake_args' from command line to 'None'
[1.493s] Level 5:colcon.colcon_core.verb:set package 'rc_nav2' build argument 'catkin_skip_building_tests' from command line to 'False'
[1.493s] DEBUG:colcon.colcon_core.verb:Building package 'rc_nav2' with the following arguments: {'ament_cmake_args': None, 'build_base': '/home/johan/mapping_sample_ros2/build/rc_nav2', 'catkin_cmake_args': None, 'catkin_skip_building_tests': False, 'cmake_args': None, 'cmake_clean_cache': False, 'cmake_clean_first': False, 'cmake_force_configure': False, 'cmake_target': None, 'cmake_target_skip_unavailable': False, 'install_base': '/home/johan/mapping_sample_ros2/install/rc_nav2', 'merge_install': False, 'path': '/home/johan/mapping_sample_ros2/src/rc_nav2', 'symlink_install': False, 'test_result_base': None}
[1.512s] Level 5:colcon.colcon_core.verb:set package 'sllidar_ros2' build argument 'cmake_args' from command line to 'None'
[1.512s] Level 5:colcon.colcon_core.verb:set package 'sllidar_ros2' build argument 'cmake_target' from command line to 'None'
[1.513s] Level 5:colcon.colcon_core.verb:set package 'sllidar_ros2' build argument 'cmake_target_skip_unavailable' from command line to 'False'
[1.513s] Level 5:colcon.colcon_core.verb:set package 'sllidar_ros2' build argument 'cmake_clean_cache' from command line to 'False'
[1.513s] Level 5:colcon.colcon_core.verb:set package 'sllidar_ros2' build argument 'cmake_clean_first' from command line to 'False'
[1.513s] Level 5:colcon.colcon_core.verb:set package 'sllidar_ros2' build argument 'cmake_force_configure' from command line to 'False'
[1.513s] Level 5:colcon.colcon_core.verb:set package 'sllidar_ros2' build argument 'ament_cmake_args' from command line to 'None'
[1.513s] Level 5:colcon.colcon_core.verb:set package 'sllidar_ros2' build argument 'catkin_cmake_args' from command line to 'None'
[1.513s] Level 5:colcon.colcon_core.verb:set package 'sllidar_ros2' build argument 'catkin_skip_building_tests' from command line to 'False'
[1.513s] DEBUG:colcon.colcon_core.verb:Building package 'sllidar_ros2' with the following arguments: {'ament_cmake_args': None, 'build_base': '/home/johan/mapping_sample_ros2/build/sllidar_ros2', 'catkin_cmake_args': None, 'catkin_skip_building_tests': False, 'cmake_args': None, 'cmake_clean_cache': False, 'cmake_clean_first': False, 'cmake_force_configure': False, 'cmake_target': None, 'cmake_target_skip_unavailable': False, 'install_base': '/home/johan/mapping_sample_ros2/install/sllidar_ros2', 'merge_install': False, 'path': '/home/johan/mapping_sample_ros2/src/sensors/sllidar_ros2', 'symlink_install': False, 'test_result_base': None}
[1.532s] INFO:colcon.colcon_core.executor:Executing jobs using 'parallel' executor
[1.551s] DEBUG:colcon.colcon_parallel_executor.executor.parallel:run_until_complete
[1.551s] INFO:colcon.colcon_ros.task.ament_cmake.build:Building ROS package in '/home/johan/mapping_sample_ros2/src/sensors/fdilink_ahrs_ROS2' with build type 'ament_cmake'
[1.551s] INFO:colcon.colcon_cmake.task.cmake.build:Building CMake package in '/home/johan/mapping_sample_ros2/src/sensors/fdilink_ahrs_ROS2'
[1.572s] INFO:colcon.colcon_core.plugin_system:Skipping extension 'colcon_core.shell.bat': Not used on non-Windows systems
[1.572s] INFO:colcon.colcon_core.shell:Skip shell extension 'powershell' for command environment: Not usable outside of PowerShell
[1.572s] DEBUG:colcon.colcon_core.shell:Skip shell extension 'dsv' for command environment
[1.640s] INFO:colcon.colcon_ros.task.ament_cmake.build:Building ROS package in '/home/johan/mapping_sample_ros2/src/rc_nav2' with build type 'ament_cmake'
[1.640s] INFO:colcon.colcon_cmake.task.cmake.build:Building CMake package in '/home/johan/mapping_sample_ros2/src/rc_nav2'
[1.661s] INFO:colcon.colcon_core.shell:Skip shell extension 'powershell' for command environment: Not usable outside of PowerShell
[1.661s] DEBUG:colcon.colcon_core.shell:Skip shell extension 'dsv' for command environment
[1.723s] INFO:colcon.colcon_ros.task.ament_cmake.build:Building ROS package in '/home/johan/mapping_sample_ros2/src/sensors/sllidar_ros2' with build type 'ament_cmake'
[1.723s] INFO:colcon.colcon_cmake.task.cmake.build:Building CMake package in '/home/johan/mapping_sample_ros2/src/sensors/sllidar_ros2'
[1.743s] INFO:colcon.colcon_core.shell:Skip shell extension 'powershell' for command environment: Not usable outside of PowerShell
[1.743s] DEBUG:colcon.colcon_core.shell:Skip shell extension 'dsv' for command environment
[1.810s] DEBUG:colcon.colcon_core.event_handler.log_command:Invoking command in '/home/johan/mapping_sample_ros2/build/fdilink_ahrs': CMAKE_PREFIX_PATH=${CMAKE_PREFIX_PATH}:/opt/ros/foxy /usr/bin/cmake --build /home/johan/mapping_sample_ros2/build/fdilink_ahrs -- -j16 -l16
[1.815s] DEBUG:colcon.colcon_core.event_handler.log_command:Invoking command in '/home/johan/mapping_sample_ros2/build/rc_nav2': CMAKE_PREFIX_PATH=${CMAKE_PREFIX_PATH}:/opt/ros/foxy /usr/bin/cmake --build /home/johan/mapping_sample_ros2/build/rc_nav2 -- -j16 -l16
[1.819s] DEBUG:colcon.colcon_core.event_handler.log_command:Invoking command in '/home/johan/mapping_sample_ros2/build/sllidar_ros2': CMAKE_PREFIX_PATH=${CMAKE_PREFIX_PATH}:/opt/ros/foxy /usr/bin/cmake --build /home/johan/mapping_sample_ros2/build/sllidar_ros2 -- -j16 -l16
[1.840s] DEBUG:colcon.colcon_core.event_handler.log_command:Invoked command in '/home/johan/mapping_sample_ros2/build/rc_nav2' returned '0': CMAKE_PREFIX_PATH=${CMAKE_PREFIX_PATH}:/opt/ros/foxy /usr/bin/cmake --build /home/johan/mapping_sample_ros2/build/rc_nav2 -- -j16 -l16
[1.872s] DEBUG:colcon.colcon_core.event_handler.log_command:Invoking command in '/home/johan/mapping_sample_ros2/build/rc_nav2': CMAKE_PREFIX_PATH=${CMAKE_PREFIX_PATH}:/opt/ros/foxy /usr/bin/cmake --install /home/johan/mapping_sample_ros2/build/rc_nav2
[1.874s] DEBUG:colcon.colcon_core.event_handler.log_command:Invoked command in '/home/johan/mapping_sample_ros2/build/sllidar_ros2' returned '0': CMAKE_PREFIX_PATH=${CMAKE_PREFIX_PATH}:/opt/ros/foxy /usr/bin/cmake --build /home/johan/mapping_sample_ros2/build/sllidar_ros2 -- -j16 -l16
[1.880s] Level 1:colcon.colcon_core.environment:create_environment_scripts_only(rc_nav2)
[1.881s] DEBUG:colcon.colcon_core.event_handler.log_command:Invoked command in '/home/johan/mapping_sample_ros2/build/rc_nav2' returned '0': CMAKE_PREFIX_PATH=${CMAKE_PREFIX_PATH}:/opt/ros/foxy /usr/bin/cmake --install /home/johan/mapping_sample_ros2/build/rc_nav2
[1.904s] Level 1:colcon.colcon_core.environment:checking '/home/johan/mapping_sample_ros2/install/rc_nav2' for CMake module files
[1.904s] Level 1:colcon.colcon_core.environment:checking '/home/johan/mapping_sample_ros2/install/rc_nav2' for CMake config files
[1.905s] Level 1:colcon.colcon_core.shell:create_environment_hook('rc_nav2', 'cmake_prefix_path')
[1.925s] INFO:colcon.colcon_core.shell:Creating environment hook '/home/johan/mapping_sample_ros2/install/rc_nav2/share/rc_nav2/hook/cmake_prefix_path.ps1'
[1.925s] INFO:colcon.colcon_core.shell:Creating environment descriptor '/home/johan/mapping_sample_ros2/install/rc_nav2/share/rc_nav2/hook/cmake_prefix_path.dsv'
[1.925s] INFO:colcon.colcon_core.shell:Creating environment hook '/home/johan/mapping_sample_ros2/install/rc_nav2/share/rc_nav2/hook/cmake_prefix_path.sh'
[1.926s] Level 1:colcon.colcon_core.environment:checking '/home/johan/mapping_sample_ros2/install/rc_nav2/bin'
[1.926s] Level 1:colcon.colcon_core.environment:checking '/home/johan/mapping_sample_ros2/install/rc_nav2/lib/pkgconfig/rc_nav2.pc'
[1.926s] Level 1:colcon.colcon_core.environment:checking '/home/johan/mapping_sample_ros2/install/rc_nav2/lib/python3.8/site-packages'
[1.926s] Level 1:colcon.colcon_core.environment:checking '/home/johan/mapping_sample_ros2/install/rc_nav2/bin'
[1.946s] INFO:colcon.colcon_core.shell:Creating package script '/home/johan/mapping_sample_ros2/install/rc_nav2/share/rc_nav2/package.ps1'
[1.947s] INFO:colcon.colcon_core.shell:Creating package descriptor '/home/johan/mapping_sample_ros2/install/rc_nav2/share/rc_nav2/package.dsv'
[1.947s] INFO:colcon.colcon_core.shell:Creating package script '/home/johan/mapping_sample_ros2/install/rc_nav2/share/rc_nav2/package.sh'
[1.947s] INFO:colcon.colcon_core.shell:Creating package script '/home/johan/mapping_sample_ros2/install/rc_nav2/share/rc_nav2/package.bash'
[1.948s] INFO:colcon.colcon_core.shell:Creating package script '/home/johan/mapping_sample_ros2/install/rc_nav2/share/rc_nav2/package.zsh'
[1.948s] Level 1:colcon.colcon_core.environment:create_file_with_runtime_dependencies(/home/johan/mapping_sample_ros2/install/rc_nav2/share/colcon-core/packages/rc_nav2)
[1.953s] DEBUG:colcon.colcon_core.event_handler.log_command:Invoking command in '/home/johan/mapping_sample_ros2/build/sllidar_ros2': CMAKE_PREFIX_PATH=${CMAKE_PREFIX_PATH}:/opt/ros/foxy /usr/bin/cmake --install /home/johan/mapping_sample_ros2/build/sllidar_ros2
[1.961s] Level 1:colcon.colcon_core.environment:create_environment_scripts_only(sllidar_ros2)
[1.963s] DEBUG:colcon.colcon_core.event_handler.log_command:Invoked command in '/home/johan/mapping_sample_ros2/build/sllidar_ros2' returned '0': CMAKE_PREFIX_PATH=${CMAKE_PREFIX_PATH}:/opt/ros/foxy /usr/bin/cmake --install /home/johan/mapping_sample_ros2/build/sllidar_ros2
[1.983s] Level 1:colcon.colcon_core.environment:checking '/home/johan/mapping_sample_ros2/install/sllidar_ros2' for CMake module files
[1.983s] Level 1:colcon.colcon_core.environment:checking '/home/johan/mapping_sample_ros2/install/sllidar_ros2' for CMake config files
[1.983s] Level 1:colcon.colcon_core.shell:create_environment_hook('sllidar_ros2', 'cmake_prefix_path')
[2.003s] INFO:colcon.colcon_core.shell:Creating environment hook '/home/johan/mapping_sample_ros2/install/sllidar_ros2/share/sllidar_ros2/hook/cmake_prefix_path.ps1'
[2.004s] INFO:colcon.colcon_core.shell:Creating environment descriptor '/home/johan/mapping_sample_ros2/install/sllidar_ros2/share/sllidar_ros2/hook/cmake_prefix_path.dsv'
[2.004s] INFO:colcon.colcon_core.shell:Creating environment hook '/home/johan/mapping_sample_ros2/install/sllidar_ros2/share/sllidar_ros2/hook/cmake_prefix_path.sh'
[2.004s] Level 1:colcon.colcon_core.environment:checking '/home/johan/mapping_sample_ros2/install/sllidar_ros2/lib'
[2.004s] Level 1:colcon.colcon_core.environment:checking '/home/johan/mapping_sample_ros2/install/sllidar_ros2/bin'
[2.004s] Level 1:colcon.colcon_core.environment:checking '/home/johan/mapping_sample_ros2/install/sllidar_ros2/lib/pkgconfig/sllidar_ros2.pc'
[2.004s] Level 1:colcon.colcon_core.environment:checking '/home/johan/mapping_sample_ros2/install/sllidar_ros2/lib/python3.8/site-packages'
[2.005s] Level 1:colcon.colcon_core.environment:checking '/home/johan/mapping_sample_ros2/install/sllidar_ros2/bin'
[2.024s] INFO:colcon.colcon_core.shell:Creating package script '/home/johan/mapping_sample_ros2/install/sllidar_ros2/share/sllidar_ros2/package.ps1'
[2.025s] INFO:colcon.colcon_core.shell:Creating package descriptor '/home/johan/mapping_sample_ros2/install/sllidar_ros2/share/sllidar_ros2/package.dsv'
[2.025s] INFO:colcon.colcon_core.shell:Creating package script '/home/johan/mapping_sample_ros2/install/sllidar_ros2/share/sllidar_ros2/package.sh'
[2.025s] INFO:colcon.colcon_core.shell:Creating package script '/home/johan/mapping_sample_ros2/install/sllidar_ros2/share/sllidar_ros2/package.bash'
[2.025s] INFO:colcon.colcon_core.shell:Creating package script '/home/johan/mapping_sample_ros2/install/sllidar_ros2/share/sllidar_ros2/package.zsh'
[2.025s] Level 1:colcon.colcon_core.environment:create_file_with_runtime_dependencies(/home/johan/mapping_sample_ros2/install/sllidar_ros2/share/colcon-core/packages/sllidar_ros2)
[2.048s] Level 1:colcon.colcon_core.environment:create_environment_scripts_only(rc_nav2)
[2.068s] Level 1:colcon.colcon_core.environment:checking '/home/johan/mapping_sample_ros2/install/rc_nav2' for CMake module files
[2.069s] Level 1:colcon.colcon_core.environment:checking '/home/johan/mapping_sample_ros2/install/rc_nav2' for CMake config files
[2.069s] Level 1:colcon.colcon_core.shell:create_environment_hook('rc_nav2', 'cmake_prefix_path')
[2.089s] INFO:colcon.colcon_core.shell:Creating environment hook '/home/johan/mapping_sample_ros2/install/rc_nav2/share/rc_nav2/hook/cmake_prefix_path.ps1'
[2.089s] INFO:colcon.colcon_core.shell:Creating environment descriptor '/home/johan/mapping_sample_ros2/install/rc_nav2/share/rc_nav2/hook/cmake_prefix_path.dsv'
[2.089s] INFO:colcon.colcon_core.shell:Creating environment hook '/home/johan/mapping_sample_ros2/install/rc_nav2/share/rc_nav2/hook/cmake_prefix_path.sh'
[2.089s] Level 1:colcon.colcon_core.environment:checking '/home/johan/mapping_sample_ros2/install/rc_nav2/bin'
[2.089s] Level 1:colcon.colcon_core.environment:checking '/home/johan/mapping_sample_ros2/install/rc_nav2/lib/pkgconfig/rc_nav2.pc'
[2.090s] Level 1:colcon.colcon_core.environment:checking '/home/johan/mapping_sample_ros2/install/rc_nav2/lib/python3.8/site-packages'
[2.090s] Level 1:colcon.colcon_core.environment:checking '/home/johan/mapping_sample_ros2/install/rc_nav2/bin'
[2.109s] INFO:colcon.colcon_core.shell:Creating package script '/home/johan/mapping_sample_ros2/install/rc_nav2/share/rc_nav2/package.ps1'
[2.110s] INFO:colcon.colcon_core.shell:Creating package descriptor '/home/johan/mapping_sample_ros2/install/rc_nav2/share/rc_nav2/package.dsv'
[2.110s] INFO:colcon.colcon_core.shell:Creating package script '/home/johan/mapping_sample_ros2/install/rc_nav2/share/rc_nav2/package.sh'
[2.110s] INFO:colcon.colcon_core.shell:Creating package script '/home/johan/mapping_sample_ros2/install/rc_nav2/share/rc_nav2/package.bash'
[2.110s] INFO:colcon.colcon_core.shell:Creating package script '/home/johan/mapping_sample_ros2/install/rc_nav2/share/rc_nav2/package.zsh'
[2.110s] Level 1:colcon.colcon_core.environment:create_file_with_runtime_dependencies(/home/johan/mapping_sample_ros2/install/rc_nav2/share/colcon-core/packages/rc_nav2)
[2.131s] Level 1:colcon.colcon_core.environment:create_environment_scripts_only(sllidar_ros2)
[2.151s] Level 1:colcon.colcon_core.environment:checking '/home/johan/mapping_sample_ros2/install/sllidar_ros2' for CMake module files
[2.151s] Level 1:colcon.colcon_core.environment:checking '/home/johan/mapping_sample_ros2/install/sllidar_ros2' for CMake config files
[2.151s] Level 1:colcon.colcon_core.shell:create_environment_hook('sllidar_ros2', 'cmake_prefix_path')
[2.171s] INFO:colcon.colcon_core.shell:Creating environment hook '/home/johan/mapping_sample_ros2/install/sllidar_ros2/share/sllidar_ros2/hook/cmake_prefix_path.ps1'
[2.172s] INFO:colcon.colcon_core.shell:Creating environment descriptor '/home/johan/mapping_sample_ros2/install/sllidar_ros2/share/sllidar_ros2/hook/cmake_prefix_path.dsv'
[2.172s] INFO:colcon.colcon_core.shell:Creating environment hook '/home/johan/mapping_sample_ros2/install/sllidar_ros2/share/sllidar_ros2/hook/cmake_prefix_path.sh'
[2.172s] Level 1:colcon.colcon_core.environment:checking '/home/johan/mapping_sample_ros2/install/sllidar_ros2/lib'
[2.172s] Level 1:colcon.colcon_core.environment:checking '/home/johan/mapping_sample_ros2/install/sllidar_ros2/bin'
[2.172s] Level 1:colcon.colcon_core.environment:checking '/home/johan/mapping_sample_ros2/install/sllidar_ros2/lib/pkgconfig/sllidar_ros2.pc'
[2.172s] Level 1:colcon.colcon_core.environment:checking '/home/johan/mapping_sample_ros2/install/sllidar_ros2/lib/python3.8/site-packages'
[2.172s] Level 1:colcon.colcon_core.environment:checking '/home/johan/mapping_sample_ros2/install/sllidar_ros2/bin'
[2.195s] INFO:colcon.colcon_core.shell:Creating package script '/home/johan/mapping_sample_ros2/install/sllidar_ros2/share/sllidar_ros2/package.ps1'
[2.195s] INFO:colcon.colcon_core.shell:Creating package descriptor '/home/johan/mapping_sample_ros2/install/sllidar_ros2/share/sllidar_ros2/package.dsv'
[2.195s] INFO:colcon.colcon_core.shell:Creating package script '/home/johan/mapping_sample_ros2/install/sllidar_ros2/share/sllidar_ros2/package.sh'
[2.196s] INFO:colcon.colcon_core.shell:Creating package script '/home/johan/mapping_sample_ros2/install/sllidar_ros2/share/sllidar_ros2/package.bash'
[2.196s] INFO:colcon.colcon_core.shell:Creating package script '/home/johan/mapping_sample_ros2/install/sllidar_ros2/share/sllidar_ros2/package.zsh'
[2.196s] Level 1:colcon.colcon_core.environment:create_file_with_runtime_dependencies(/home/johan/mapping_sample_ros2/install/sllidar_ros2/share/colcon-core/packages/sllidar_ros2)
[4.360s] DEBUG:colcon.colcon_core.event_handler.log_command:Invoked command in '/home/johan/mapping_sample_ros2/build/fdilink_ahrs' returned '0': CMAKE_PREFIX_PATH=${CMAKE_PREFIX_PATH}:/opt/ros/foxy /usr/bin/cmake --build /home/johan/mapping_sample_ros2/build/fdilink_ahrs -- -j16 -l16
[4.401s] DEBUG:colcon.colcon_core.event_handler.log_command:Invoking command in '/home/johan/mapping_sample_ros2/build/fdilink_ahrs': CMAKE_PREFIX_PATH=${CMAKE_PREFIX_PATH}:/opt/ros/foxy /usr/bin/cmake --install /home/johan/mapping_sample_ros2/build/fdilink_ahrs
[4.415s] Level 1:colcon.colcon_core.environment:create_environment_scripts_only(fdilink_ahrs)
[4.415s] DEBUG:colcon.colcon_core.event_handler.log_command:Invoked command in '/home/johan/mapping_sample_ros2/build/fdilink_ahrs' returned '0': CMAKE_PREFIX_PATH=${CMAKE_PREFIX_PATH}:/opt/ros/foxy /usr/bin/cmake --install /home/johan/mapping_sample_ros2/build/fdilink_ahrs
[4.442s] Level 1:colcon.colcon_core.environment:checking '/home/johan/mapping_sample_ros2/install/fdilink_ahrs' for CMake module files
[4.443s] Level 1:colcon.colcon_core.environment:checking '/home/johan/mapping_sample_ros2/install/fdilink_ahrs' for CMake config files
[4.443s] Level 1:colcon.colcon_core.shell:create_environment_hook('fdilink_ahrs', 'cmake_prefix_path')
[4.462s] INFO:colcon.colcon_core.shell:Creating environment hook '/home/johan/mapping_sample_ros2/install/fdilink_ahrs/share/fdilink_ahrs/hook/cmake_prefix_path.ps1'
[4.463s] INFO:colcon.colcon_core.shell:Creating environment descriptor '/home/johan/mapping_sample_ros2/install/fdilink_ahrs/share/fdilink_ahrs/hook/cmake_prefix_path.dsv'
[4.463s] INFO:colcon.colcon_core.shell:Creating environment hook '/home/johan/mapping_sample_ros2/install/fdilink_ahrs/share/fdilink_ahrs/hook/cmake_prefix_path.sh'
[4.463s] Level 1:colcon.colcon_core.environment:checking '/home/johan/mapping_sample_ros2/install/fdilink_ahrs/lib'
[4.463s] Level 1:colcon.colcon_core.environment:checking '/home/johan/mapping_sample_ros2/install/fdilink_ahrs/bin'
[4.463s] Level 1:colcon.colcon_core.environment:checking '/home/johan/mapping_sample_ros2/install/fdilink_ahrs/lib/pkgconfig/fdilink_ahrs.pc'
[4.463s] Level 1:colcon.colcon_core.environment:checking '/home/johan/mapping_sample_ros2/install/fdilink_ahrs/lib/python3.8/site-packages'
[4.464s] Level 1:colcon.colcon_core.environment:checking '/home/johan/mapping_sample_ros2/install/fdilink_ahrs/bin'
[4.483s] INFO:colcon.colcon_core.shell:Creating package script '/home/johan/mapping_sample_ros2/install/fdilink_ahrs/share/fdilink_ahrs/package.ps1'
[4.483s] INFO:colcon.colcon_core.shell:Creating package descriptor '/home/johan/mapping_sample_ros2/install/fdilink_ahrs/share/fdilink_ahrs/package.dsv'
[4.484s] INFO:colcon.colcon_core.shell:Creating package script '/home/johan/mapping_sample_ros2/install/fdilink_ahrs/share/fdilink_ahrs/package.sh'
[4.484s] INFO:colcon.colcon_core.shell:Creating package script '/home/johan/mapping_sample_ros2/install/fdilink_ahrs/share/fdilink_ahrs/package.bash'
[4.484s] INFO:colcon.colcon_core.shell:Creating package script '/home/johan/mapping_sample_ros2/install/fdilink_ahrs/share/fdilink_ahrs/package.zsh'
[4.484s] Level 1:colcon.colcon_core.environment:create_file_with_runtime_dependencies(/home/johan/mapping_sample_ros2/install/fdilink_ahrs/share/colcon-core/packages/fdilink_ahrs)
[4.539s] Level 1:colcon.colcon_core.environment:create_environment_scripts_only(fdilink_ahrs)
[4.559s] Level 1:colcon.colcon_core.environment:checking '/home/johan/mapping_sample_ros2/install/fdilink_ahrs' for CMake module files
[4.559s] Level 1:colcon.colcon_core.environment:checking '/home/johan/mapping_sample_ros2/install/fdilink_ahrs' for CMake config files
[4.560s] Level 1:colcon.colcon_core.shell:create_environment_hook('fdilink_ahrs', 'cmake_prefix_path')
[4.579s] INFO:colcon.colcon_core.shell:Creating environment hook '/home/johan/mapping_sample_ros2/install/fdilink_ahrs/share/fdilink_ahrs/hook/cmake_prefix_path.ps1'
[4.580s] INFO:colcon.colcon_core.shell:Creating environment descriptor '/home/johan/mapping_sample_ros2/install/fdilink_ahrs/share/fdilink_ahrs/hook/cmake_prefix_path.dsv'
[4.580s] INFO:colcon.colcon_core.shell:Creating environment hook '/home/johan/mapping_sample_ros2/install/fdilink_ahrs/share/fdilink_ahrs/hook/cmake_prefix_path.sh'
[4.580s] Level 1:colcon.colcon_core.environment:checking '/home/johan/mapping_sample_ros2/install/fdilink_ahrs/lib'
[4.580s] Level 1:colcon.colcon_core.environment:checking '/home/johan/mapping_sample_ros2/install/fdilink_ahrs/bin'
[4.580s] Level 1:colcon.colcon_core.environment:checking '/home/johan/mapping_sample_ros2/install/fdilink_ahrs/lib/pkgconfig/fdilink_ahrs.pc'
[4.581s] Level 1:colcon.colcon_core.environment:checking '/home/johan/mapping_sample_ros2/install/fdilink_ahrs/lib/python3.8/site-packages'
[4.581s] Level 1:colcon.colcon_core.environment:checking '/home/johan/mapping_sample_ros2/install/fdilink_ahrs/bin'
[4.600s] INFO:colcon.colcon_core.shell:Creating package script '/home/johan/mapping_sample_ros2/install/fdilink_ahrs/share/fdilink_ahrs/package.ps1'
[4.601s] INFO:colcon.colcon_core.shell:Creating package descriptor '/home/johan/mapping_sample_ros2/install/fdilink_ahrs/share/fdilink_ahrs/package.dsv'
[4.601s] INFO:colcon.colcon_core.shell:Creating package script '/home/johan/mapping_sample_ros2/install/fdilink_ahrs/share/fdilink_ahrs/package.sh'
[4.601s] INFO:colcon.colcon_core.shell:Creating package script '/home/johan/mapping_sample_ros2/install/fdilink_ahrs/share/fdilink_ahrs/package.bash'
[4.601s] INFO:colcon.colcon_core.shell:Creating package script '/home/johan/mapping_sample_ros2/install/fdilink_ahrs/share/fdilink_ahrs/package.zsh'
[4.601s] Level 1:colcon.colcon_core.environment:create_file_with_runtime_dependencies(/home/johan/mapping_sample_ros2/install/fdilink_ahrs/share/colcon-core/packages/fdilink_ahrs)
[4.602s] DEBUG:colcon.colcon_parallel_executor.executor.parallel:closing loop
[4.602s] DEBUG:colcon.colcon_parallel_executor.executor.parallel:loop closed
[4.602s] DEBUG:colcon.colcon_parallel_executor.executor.parallel:run_until_complete finished with '0'
[4.602s] DEBUG:colcon.colcon_core.event_reactor:joining thread
[4.627s] INFO:colcon.colcon_core.plugin_system:Skipping extension 'colcon_notification.desktop_notification.terminal_notifier': Not used on non-Darwin systems
[4.627s] INFO:colcon.colcon_core.plugin_system:Skipping extension 'colcon_notification.desktop_notification.win32': Not used on non-Windows systems
[4.627s] INFO:colcon.colcon_notification.desktop_notification:Sending desktop notification using 'notify2'
[4.648s] DEBUG:colcon.colcon_core.event_reactor:joined thread
[4.670s] INFO:colcon.colcon_core.shell:Creating prefix script '/home/johan/mapping_sample_ros2/install/local_setup.ps1'
[4.671s] INFO:colcon.colcon_core.shell:Creating prefix util module '/home/johan/mapping_sample_ros2/install/_local_setup_util_ps1.py'
[4.671s] INFO:colcon.colcon_core.shell:Creating prefix chain script '/home/johan/mapping_sample_ros2/install/setup.ps1'
[4.691s] INFO:colcon.colcon_core.shell:Creating prefix script '/home/johan/mapping_sample_ros2/install/local_setup.sh'
[4.691s] INFO:colcon.colcon_core.shell:Creating prefix util module '/home/johan/mapping_sample_ros2/install/_local_setup_util_sh.py'
[4.692s] INFO:colcon.colcon_core.shell:Creating prefix chain script '/home/johan/mapping_sample_ros2/install/setup.sh'
[4.712s] INFO:colcon.colcon_core.shell:Creating prefix script '/home/johan/mapping_sample_ros2/install/local_setup.bash'
[4.712s] INFO:colcon.colcon_core.shell:Creating prefix chain script '/home/johan/mapping_sample_ros2/install/setup.bash'
[4.732s] INFO:colcon.colcon_core.shell:Creating prefix script '/home/johan/mapping_sample_ros2/install/local_setup.zsh'
[4.732s] INFO:colcon.colcon_core.shell:Creating prefix chain script '/home/johan/mapping_sample_ros2/install/setup.zsh'
