[0.077s] Invoking command in '/home/johan/mapping_sample_ros2/build/sllidar_ros2': CMAKE_PREFIX_PATH=/opt/ros/foxy /usr/bin/cmake --build /home/johan/mapping_sample_ros2/build/sllidar_ros2 -- -j16 -l16
[0.120s] [ 10%] Built target sllidar_client
[0.129s] [100%] Built target sllidar_node
[0.208s] Invoked command in '/home/johan/mapping_sample_ros2/build/sllidar_ros2' returned '0': CMAKE_PREFIX_PATH=/opt/ros/foxy /usr/bin/cmake --build /home/johan/mapping_sample_ros2/build/sllidar_ros2 -- -j16 -l16
[0.371s] Invoking command in '/home/johan/mapping_sample_ros2/build/sllidar_ros2': CMAKE_PREFIX_PATH=/opt/ros/foxy /usr/bin/cmake --install /home/johan/mapping_sample_ros2/build/sllidar_ros2
[0.376s] -- Install configuration: ""
[0.377s] -- Up-to-date: /home/johan/mapping_sample_ros2/install/sllidar_ros2/share/sllidar_ros2/launch
[0.378s] -- Up-to-date: /home/johan/mapping_sample_ros2/install/sllidar_ros2/share/sllidar_ros2/launch/sllidar_s2_launch.py
[0.378s] -- Up-to-date: /home/johan/mapping_sample_ros2/install/sllidar_ros2/share/sllidar_ros2/launch/view_sllidar_s2_launch.py
[0.378s] -- Up-to-date: /home/johan/mapping_sample_ros2/install/sllidar_ros2/share/sllidar_ros2/rviz
[0.379s] -- Up-to-date: /home/johan/mapping_sample_ros2/install/sllidar_ros2/share/sllidar_ros2/rviz/sllidar_ros2.rviz
[0.379s] -- Up-to-date: /home/johan/mapping_sample_ros2/install/sllidar_ros2/lib/sllidar_ros2/sllidar_node
[0.379s] -- Up-to-date: /home/johan/mapping_sample_ros2/install/sllidar_ros2/lib/sllidar_ros2/sllidar_client
[0.380s] -- Up-to-date: /home/johan/mapping_sample_ros2/install/sllidar_ros2/share/ament_index/resource_index/package_run_dependencies/sllidar_ros2
[0.380s] -- Up-to-date: /home/johan/mapping_sample_ros2/install/sllidar_ros2/share/ament_index/resource_index/parent_prefix_path/sllidar_ros2
[0.381s] -- Up-to-date: /home/johan/mapping_sample_ros2/install/sllidar_ros2/share/sllidar_ros2/environment/ament_prefix_path.sh
[0.381s] -- Up-to-date: /home/johan/mapping_sample_ros2/install/sllidar_ros2/share/sllidar_ros2/environment/ament_prefix_path.dsv
[0.382s] -- Up-to-date: /home/johan/mapping_sample_ros2/install/sllidar_ros2/share/sllidar_ros2/environment/path.sh
[0.382s] -- Up-to-date: /home/johan/mapping_sample_ros2/install/sllidar_ros2/share/sllidar_ros2/environment/path.dsv
[0.382s] -- Up-to-date: /home/johan/mapping_sample_ros2/install/sllidar_ros2/share/sllidar_ros2/local_setup.bash
[0.382s] -- Up-to-date: /home/johan/mapping_sample_ros2/install/sllidar_ros2/share/sllidar_ros2/local_setup.sh
[0.382s] -- Up-to-date: /home/johan/mapping_sample_ros2/install/sllidar_ros2/share/sllidar_ros2/local_setup.zsh
[0.382s] -- Up-to-date: /home/johan/mapping_sample_ros2/install/sllidar_ros2/share/sllidar_ros2/local_setup.dsv
[0.382s] -- Installing: /home/johan/mapping_sample_ros2/install/sllidar_ros2/share/sllidar_ros2/package.dsv
[0.383s] -- Up-to-date: /home/johan/mapping_sample_ros2/install/sllidar_ros2/share/ament_index/resource_index/packages/sllidar_ros2
[0.383s] -- Up-to-date: /home/johan/mapping_sample_ros2/install/sllidar_ros2/share/sllidar_ros2/cmake/ament_cmake_export_dependencies-extras.cmake
[0.383s] -- Up-to-date: /home/johan/mapping_sample_ros2/install/sllidar_ros2/share/sllidar_ros2/cmake/ament_cmake_export_include_directories-extras.cmake
[0.383s] -- Up-to-date: /home/johan/mapping_sample_ros2/install/sllidar_ros2/share/sllidar_ros2/cmake/sllidar_ros2Config.cmake
[0.384s] -- Up-to-date: /home/johan/mapping_sample_ros2/install/sllidar_ros2/share/sllidar_ros2/cmake/sllidar_ros2Config-version.cmake
[0.385s] -- Up-to-date: /home/johan/mapping_sample_ros2/install/sllidar_ros2/share/sllidar_ros2/package.xml
[0.458s] Invoked command in '/home/johan/mapping_sample_ros2/build/sllidar_ros2' returned '0': CMAKE_PREFIX_PATH=/opt/ros/foxy /usr/bin/cmake --install /home/johan/mapping_sample_ros2/build/sllidar_ros2
