-- Install configuration: ""
-- Up-to-date: /home/johan/mapping_sample_ros2/install/rc_nav2/share/rc_nav2/launch
-- Up-to-date: /home/johan/mapping_sample_ros2/install/rc_nav2/share/rc_nav2/launch/online_async_launch.py
-- Up-to-date: /home/johan/mapping_sample_ros2/install/rc_nav2/share/rc_nav2/launch/bringup_no_amcl_launch.py
-- Up-to-date: /home/johan/mapping_sample_ros2/install/rc_nav2/share/rc_nav2/launch/robot_localization.launch.py
-- Installing: /home/johan/mapping_sample_ros2/install/rc_nav2/share/rc_nav2/launch/navigation_launch.py
-- Up-to-date: /home/johan/mapping_sample_ros2/install/rc_nav2/share/rc_nav2/params
-- Up-to-date: /home/johan/mapping_sample_ros2/install/rc_nav2/share/rc_nav2/params/nav2_params_md.yaml
-- Up-to-date: /home/johan/mapping_sample_ros2/install/rc_nav2/share/rc_nav2/params/ekf.yaml
-- Up-to-date: /home/johan/mapping_sample_ros2/install/rc_nav2/share/rc_nav2/params/mapper_params_online_async.yaml
-- Up-to-date: /home/johan/mapping_sample_ros2/install/rc_nav2/share/rc_nav2/params/nav2_params.yaml
-- Up-to-date: /home/johan/mapping_sample_ros2/install/rc_nav2/share/ament_index/resource_index/package_run_dependencies/rc_nav2
-- Up-to-date: /home/johan/mapping_sample_ros2/install/rc_nav2/share/ament_index/resource_index/parent_prefix_path/rc_nav2
-- Up-to-date: /home/johan/mapping_sample_ros2/install/rc_nav2/share/rc_nav2/environment/ament_prefix_path.sh
-- Up-to-date: /home/johan/mapping_sample_ros2/install/rc_nav2/share/rc_nav2/environment/ament_prefix_path.dsv
-- Up-to-date: /home/johan/mapping_sample_ros2/install/rc_nav2/share/rc_nav2/environment/path.sh
-- Up-to-date: /home/johan/mapping_sample_ros2/install/rc_nav2/share/rc_nav2/environment/path.dsv
-- Up-to-date: /home/johan/mapping_sample_ros2/install/rc_nav2/share/rc_nav2/local_setup.bash
-- Up-to-date: /home/johan/mapping_sample_ros2/install/rc_nav2/share/rc_nav2/local_setup.sh
-- Up-to-date: /home/johan/mapping_sample_ros2/install/rc_nav2/share/rc_nav2/local_setup.zsh
-- Up-to-date: /home/johan/mapping_sample_ros2/install/rc_nav2/share/rc_nav2/local_setup.dsv
-- Up-to-date: /home/johan/mapping_sample_ros2/install/rc_nav2/share/rc_nav2/package.dsv
-- Up-to-date: /home/johan/mapping_sample_ros2/install/rc_nav2/share/ament_index/resource_index/packages/rc_nav2
-- Up-to-date: /home/johan/mapping_sample_ros2/install/rc_nav2/share/rc_nav2/cmake/rc_nav2Config.cmake
-- Up-to-date: /home/johan/mapping_sample_ros2/install/rc_nav2/share/rc_nav2/cmake/rc_nav2Config-version.cmake
-- Up-to-date: /home/johan/mapping_sample_ros2/install/rc_nav2/share/rc_nav2/package.xml
