[0.170s] Invoking command in '/home/johan/mapping_sample_ros2/build/rc_nav2': CMAKE_PREFIX_PATH=${CMAKE_PREFIX_PATH}:/opt/ros/foxy /usr/bin/cmake --build /home/johan/mapping_sample_ros2/build/rc_nav2 -- -j16 -l16
[0.195s] Invoked command in '/home/johan/mapping_sample_ros2/build/rc_nav2' returned '0': CMAKE_PREFIX_PATH=${CMAKE_PREFIX_PATH}:/opt/ros/foxy /usr/bin/cmake --build /home/johan/mapping_sample_ros2/build/rc_nav2 -- -j16 -l16
[0.218s] Invoking command in '/home/johan/mapping_sample_ros2/build/rc_nav2': CMAKE_PREFIX_PATH=${CMAKE_PREFIX_PATH}:/opt/ros/foxy /usr/bin/cmake --install /home/johan/mapping_sample_ros2/build/rc_nav2
[0.225s] -- Install configuration: ""
[0.226s] -- Up-to-date: /home/johan/mapping_sample_ros2/install/rc_nav2/share/rc_nav2/launch
[0.226s] -- Up-to-date: /home/johan/mapping_sample_ros2/install/rc_nav2/share/rc_nav2/launch/online_async_launch.py
[0.227s] -- Up-to-date: /home/johan/mapping_sample_ros2/install/rc_nav2/share/rc_nav2/launch/bringup_no_amcl_launch.py
[0.227s] -- Up-to-date: /home/johan/mapping_sample_ros2/install/rc_nav2/share/rc_nav2/launch/robot_localization.launch.py
[0.227s] -- Installing: /home/johan/mapping_sample_ros2/install/rc_nav2/share/rc_nav2/launch/navigation_launch.py
[0.227s] -- Up-to-date: /home/johan/mapping_sample_ros2/install/rc_nav2/share/rc_nav2/params
[0.227s] -- Up-to-date: /home/johan/mapping_sample_ros2/install/rc_nav2/share/rc_nav2/params/nav2_params_md.yaml
[0.227s] -- Up-to-date: /home/johan/mapping_sample_ros2/install/rc_nav2/share/rc_nav2/params/ekf.yaml
[0.227s] -- Up-to-date: /home/johan/mapping_sample_ros2/install/rc_nav2/share/rc_nav2/params/mapper_params_online_async.yaml
[0.227s] -- Up-to-date: /home/johan/mapping_sample_ros2/install/rc_nav2/share/rc_nav2/params/nav2_params.yaml
[0.228s] -- Up-to-date: /home/johan/mapping_sample_ros2/install/rc_nav2/share/ament_index/resource_index/package_run_dependencies/rc_nav2
[0.228s] -- Up-to-date: /home/johan/mapping_sample_ros2/install/rc_nav2/share/ament_index/resource_index/parent_prefix_path/rc_nav2
[0.228s] -- Up-to-date: /home/johan/mapping_sample_ros2/install/rc_nav2/share/rc_nav2/environment/ament_prefix_path.sh
[0.228s] -- Up-to-date: /home/johan/mapping_sample_ros2/install/rc_nav2/share/rc_nav2/environment/ament_prefix_path.dsv
[0.228s] -- Up-to-date: /home/johan/mapping_sample_ros2/install/rc_nav2/share/rc_nav2/environment/path.sh
[0.228s] -- Up-to-date: /home/johan/mapping_sample_ros2/install/rc_nav2/share/rc_nav2/environment/path.dsv
[0.228s] -- Up-to-date: /home/johan/mapping_sample_ros2/install/rc_nav2/share/rc_nav2/local_setup.bash
[0.228s] -- Up-to-date: /home/johan/mapping_sample_ros2/install/rc_nav2/share/rc_nav2/local_setup.sh
[0.228s] -- Up-to-date: /home/johan/mapping_sample_ros2/install/rc_nav2/share/rc_nav2/local_setup.zsh
[0.228s] -- Up-to-date: /home/johan/mapping_sample_ros2/install/rc_nav2/share/rc_nav2/local_setup.dsv
[0.228s] -- Up-to-date: /home/johan/mapping_sample_ros2/install/rc_nav2/share/rc_nav2/package.dsv
[0.229s] -- Up-to-date: /home/johan/mapping_sample_ros2/install/rc_nav2/share/ament_index/resource_index/packages/rc_nav2
[0.229s] -- Up-to-date: /home/johan/mapping_sample_ros2/install/rc_nav2/share/rc_nav2/cmake/rc_nav2Config.cmake
[0.229s] -- Up-to-date: /home/johan/mapping_sample_ros2/install/rc_nav2/share/rc_nav2/cmake/rc_nav2Config-version.cmake
[0.229s] -- Up-to-date: /home/johan/mapping_sample_ros2/install/rc_nav2/share/rc_nav2/package.xml
[0.229s] Invoked command in '/home/johan/mapping_sample_ros2/build/rc_nav2' returned '0': CMAKE_PREFIX_PATH=${CMAKE_PREFIX_PATH}:/opt/ros/foxy /usr/bin/cmake --install /home/johan/mapping_sample_ros2/build/rc_nav2
