[0.175s] Invoking command in '/home/johan/mapping_sample_ros2/build/rc_nav2': CMAKE_PREFIX_PATH=${CMAKE_PREFIX_PATH}:/opt/ros/foxy /usr/bin/cmake --build /home/johan/mapping_sample_ros2/build/rc_nav2 -- -j16 -l16
[0.199s] Invoked command in '/home/johan/mapping_sample_ros2/build/rc_nav2' returned '0': CMAKE_PREFIX_PATH=${CMAKE_PREFIX_PATH}:/opt/ros/foxy /usr/bin/cmake --build /home/johan/mapping_sample_ros2/build/rc_nav2 -- -j16 -l16
[0.233s] Invoking command in '/home/johan/mapping_sample_ros2/build/rc_nav2': CMAKE_PREFIX_PATH=${CMAKE_PREFIX_PATH}:/opt/ros/foxy /usr/bin/cmake --install /home/johan/mapping_sample_ros2/build/rc_nav2
[0.238s] -- Install configuration: ""
[0.239s] -- Up-to-date: /home/johan/mapping_sample_ros2/install/rc_nav2/share/rc_nav2/launch
[0.240s] -- Up-to-date: /home/johan/mapping_sample_ros2/install/rc_nav2/share/rc_nav2/launch/online_async_launch.py
[0.240s] -- Up-to-date: /home/johan/mapping_sample_ros2/install/rc_nav2/share/rc_nav2/launch/robot_localization.launch.py
[0.242s] -- Up-to-date: /home/johan/mapping_sample_ros2/install/rc_nav2/share/rc_nav2/config
[0.243s] -- Up-to-date: /home/johan/mapping_sample_ros2/install/rc_nav2/share/rc_nav2/config/ekf.yaml
[0.243s] -- Up-to-date: /home/johan/mapping_sample_ros2/install/rc_nav2/share/rc_nav2/config/mapper_params_online_async.yaml
[0.243s] -- Up-to-date: /home/johan/mapping_sample_ros2/install/rc_nav2/share/ament_index/resource_index/package_run_dependencies/rc_nav2
[0.243s] -- Up-to-date: /home/johan/mapping_sample_ros2/install/rc_nav2/share/ament_index/resource_index/parent_prefix_path/rc_nav2
[0.243s] -- Up-to-date: /home/johan/mapping_sample_ros2/install/rc_nav2/share/rc_nav2/environment/ament_prefix_path.sh
[0.243s] -- Up-to-date: /home/johan/mapping_sample_ros2/install/rc_nav2/share/rc_nav2/environment/ament_prefix_path.dsv
[0.243s] -- Up-to-date: /home/johan/mapping_sample_ros2/install/rc_nav2/share/rc_nav2/environment/path.sh
[0.243s] -- Up-to-date: /home/johan/mapping_sample_ros2/install/rc_nav2/share/rc_nav2/environment/path.dsv
[0.243s] -- Up-to-date: /home/johan/mapping_sample_ros2/install/rc_nav2/share/rc_nav2/local_setup.bash
[0.243s] -- Up-to-date: /home/johan/mapping_sample_ros2/install/rc_nav2/share/rc_nav2/local_setup.sh
[0.243s] -- Up-to-date: /home/johan/mapping_sample_ros2/install/rc_nav2/share/rc_nav2/local_setup.zsh
[0.244s] -- Up-to-date: /home/johan/mapping_sample_ros2/install/rc_nav2/share/rc_nav2/local_setup.dsv
[0.244s] -- Installing: /home/johan/mapping_sample_ros2/install/rc_nav2/share/rc_nav2/package.dsv
[0.244s] -- Up-to-date: /home/johan/mapping_sample_ros2/install/rc_nav2/share/ament_index/resource_index/packages/rc_nav2
[0.244s] -- Up-to-date: /home/johan/mapping_sample_ros2/install/rc_nav2/share/rc_nav2/cmake/rc_nav2Config.cmake
[0.244s] -- Up-to-date: /home/johan/mapping_sample_ros2/install/rc_nav2/share/rc_nav2/cmake/rc_nav2Config-version.cmake
[0.244s] -- Up-to-date: /home/johan/mapping_sample_ros2/install/rc_nav2/share/rc_nav2/package.xml
[0.245s] Invoked command in '/home/johan/mapping_sample_ros2/build/rc_nav2' returned '0': CMAKE_PREFIX_PATH=${CMAKE_PREFIX_PATH}:/opt/ros/foxy /usr/bin/cmake --install /home/johan/mapping_sample_ros2/build/rc_nav2
