[0.095s] Invoking command in '/home/johan/mapping_sample_ros2/build/sllidar_ros2': CMAKE_PREFIX_PATH=${CMAKE_PREFIX_PATH}:/opt/ros/foxy /usr/bin/cmake /home/johan/mapping_sample_ros2/src/sensors/sllidar_ros2 -DCMAKE_INSTALL_PREFIX=/home/johan/mapping_sample_ros2/install/sllidar_ros2
[0.133s] -- The C compiler identification is GNU 9.4.0
[0.169s] -- The CXX compiler identification is GNU 9.4.0
[0.172s] -- Check for working C compiler: /usr/bin/cc
[0.218s] -- Check for working C compiler: /usr/bin/cc -- works
[0.218s] -- Detecting C compiler ABI info
[0.263s] -- Detecting C compiler ABI info - done
[0.270s] -- Detecting C compile features
[0.270s] -- Detecting C compile features - done
[0.271s] -- Check for working CXX compiler: /usr/bin/c++
[0.322s] -- Check for working CXX compiler: /usr/bin/c++ -- works
[0.323s] -- Detecting CXX compiler ABI info
[0.377s] -- Detecting CXX compiler ABI info - done
[0.385s] -- Detecting CXX compile features
[0.385s] -- Detecting CXX compile features - done
[0.387s] -- Found ament_cmake: 0.9.12 (/opt/ros/foxy/share/ament_cmake/cmake)
[0.403s] -- Found PythonInterp: /usr/bin/python3 (found suitable version "3.8.10", minimum required is "3") 
[0.403s] -- Using PYTHON_EXECUTABLE: /usr/bin/python3
[0.518s] -- Found rclcpp: 2.4.3 (/opt/ros/foxy/share/rclcpp/cmake)
[0.549s] -- Using all available rosidl_typesupport_c: rosidl_typesupport_fastrtps_c;rosidl_typesupport_introspection_c
[0.554s] -- Found rosidl_adapter: 1.3.1 (/opt/ros/foxy/share/rosidl_adapter/cmake)
[0.620s] -- Found OpenSSL: /usr/lib/x86_64-linux-gnu/libcrypto.so (found version "1.1.1f")  
[0.648s] -- Found FastRTPS: /opt/ros/foxy/include  
[0.703s] -- Using all available rosidl_typesupport_cpp: rosidl_typesupport_fastrtps_cpp;rosidl_typesupport_introspection_cpp
[0.740s] -- Found rmw_implementation_cmake: 1.0.4 (/opt/ros/foxy/share/rmw_implementation_cmake/cmake)
[0.741s] -- Using RMW implementation 'rmw_fastrtps_cpp' as default
[0.741s] -- Looking for pthread.h
[0.789s] -- Looking for pthread.h - found
[0.789s] -- Performing Test CMAKE_HAVE_LIBC_PTHREAD
[0.837s] -- Performing Test CMAKE_HAVE_LIBC_PTHREAD - Failed
[0.837s] -- Looking for pthread_create in pthreads
[0.877s] -- Looking for pthread_create in pthreads - not found
[0.877s] -- Looking for pthread_create in pthread
[0.925s] -- Looking for pthread_create in pthread - found
[0.927s] -- Found Threads: TRUE  
[1.033s] -- Found sensor_msgs: 2.0.5 (/opt/ros/foxy/share/sensor_msgs/cmake)
[1.111s] -- Found std_srvs: 2.0.5 (/opt/ros/foxy/share/std_srvs/cmake)
[1.159s] -- Configuring done
[1.168s] -- Generating done
[1.168s] -- Build files have been written to: /home/johan/mapping_sample_ros2/build/sllidar_ros2
[1.176s] Invoked command in '/home/johan/mapping_sample_ros2/build/sllidar_ros2' returned '0': CMAKE_PREFIX_PATH=${CMAKE_PREFIX_PATH}:/opt/ros/foxy /usr/bin/cmake /home/johan/mapping_sample_ros2/src/sensors/sllidar_ros2 -DCMAKE_INSTALL_PREFIX=/home/johan/mapping_sample_ros2/install/sllidar_ros2
[1.177s] Invoking command in '/home/johan/mapping_sample_ros2/build/sllidar_ros2': CMAKE_PREFIX_PATH=${CMAKE_PREFIX_PATH}:/opt/ros/foxy /usr/bin/cmake --build /home/johan/mapping_sample_ros2/build/sllidar_ros2 -- -j16 -l16
[1.204s] [35m[1mScanning dependencies of target sllidar_client[0m
[1.205s] [35m[1mScanning dependencies of target sllidar_node[0m
[1.228s] [  5%] [32mBuilding CXX object CMakeFiles/sllidar_client.dir/src/sllidar_client.cpp.o[0m
[1.248s] [ 10%] [32mBuilding CXX object CMakeFiles/sllidar_node.dir/src/sllidar_node.cpp.o[0m
[1.250s] [ 15%] [32mBuilding CXX object CMakeFiles/sllidar_node.dir/sdk/src/dataunpacker/unpacker/handler_capsules.cpp.o[0m
[1.251s] [ 20%] [32mBuilding CXX object CMakeFiles/sllidar_node.dir/sdk/src/sl_lidar_driver.cpp.o[0m
[1.251s] [ 25%] [32mBuilding CXX object CMakeFiles/sllidar_node.dir/sdk/src/rplidar_driver.cpp.o[0m
[1.252s] [ 30%] [32mBuilding CXX object CMakeFiles/sllidar_node.dir/sdk/src/arch/linux/timer.cpp.o[0m
[1.252s] [ 35%] [32mBuilding CXX object CMakeFiles/sllidar_node.dir/sdk/src/arch/linux/net_serial.cpp.o[0m
[1.252s] [ 40%] [32mBuilding CXX object CMakeFiles/sllidar_node.dir/sdk/src/arch/linux/net_socket.cpp.o[0m
[1.252s] [ 45%] [32mBuilding CXX object CMakeFiles/sllidar_node.dir/sdk/src/dataunpacker/unpacker/handler_hqnode.cpp.o[0m
[1.253s] [ 50%] [32mBuilding CXX object CMakeFiles/sllidar_node.dir/sdk/src/dataunpacker/dataunpacker.cpp.o[0m
[1.253s] [ 55%] [32mBuilding CXX object CMakeFiles/sllidar_node.dir/sdk/src/hal/thread.cpp.o[0m
[1.253s] [ 60%] [32mBuilding CXX object CMakeFiles/sllidar_node.dir/sdk/src/sl_lidarprotocol_codec.cpp.o[0m
[1.253s] [ 65%] [32mBuilding CXX object CMakeFiles/sllidar_node.dir/sdk/src/dataunpacker/unpacker/handler_normalnode.cpp.o[0m
[1.254s] [ 70%] [32mBuilding CXX object CMakeFiles/sllidar_node.dir/sdk/src/sl_crc.cpp.o[0m
[1.262s] [ 75%] [32mBuilding CXX object CMakeFiles/sllidar_node.dir/sdk/src/sl_async_transceiver.cpp.o[0m
[1.262s] [ 80%] [32mBuilding CXX object CMakeFiles/sllidar_node.dir/sdk/src/sl_serial_channel.cpp.o[0m
[1.292s] In file included from [01m[K/home/johan/mapping_sample_ros2/src/sensors/sllidar_ros2/./sdk/include/sl_lidar_cmd.h:41[m[K,
[1.292s]                  from [01m[K/home/johan/mapping_sample_ros2/src/sensors/sllidar_ros2/./sdk/include/sl_crc.h:36[m[K,
[1.293s]                  from [01m[K/home/johan/mapping_sample_ros2/src/sensors/sllidar_ros2/sdk/src/sl_crc.cpp:33[m[K:
[1.293s] [01m[K/home/johan/mapping_sample_ros2/src/sensors/sllidar_ros2/./sdk/include/sl_lidar_protocol.h:66:16:[m[K [01;35m[Kwarning: [m[KISO C++ forbids zero-size array ‘[01m[Kdata[m[K’ [[01;35m[K-Wpedantic[m[K]
[1.293s]    66 |     sl_u8 data[[01;35m[K0[m[K];
[1.293s]       |                [01;35m[K^[m[K
[1.302s] In file included from [01m[K/home/johan/mapping_sample_ros2/src/sensors/sllidar_ros2/./sdk/include/sl_crc.h:36[m[K,
[1.303s]                  from [01m[K/home/johan/mapping_sample_ros2/src/sensors/sllidar_ros2/sdk/src/sl_crc.cpp:33[m[K:
[1.303s] [01m[K/home/johan/mapping_sample_ros2/src/sensors/sllidar_ros2/./sdk/include/sl_lidar_cmd.h:324:20:[m[K [01;35m[Kwarning: [m[KISO C++ forbids zero-size array ‘[01m[Kpayload[m[K’ [[01;35m[K-Wpedantic[m[K]
[1.303s]   324 |     sl_u8  payload[[01;35m[K0[m[K];
[1.303s]       |                    [01;35m[K^[m[K
[1.394s] [ 85%] [32mBuilding CXX object CMakeFiles/sllidar_node.dir/sdk/src/sl_tcp_channel.cpp.o[0m
[1.475s] In file included from [01m[K/home/johan/mapping_sample_ros2/src/sensors/sllidar_ros2/./sdk/include/sl_lidar_cmd.h:41[m[K,
[1.475s]                  from [01m[K/home/johan/mapping_sample_ros2/src/sensors/sllidar_ros2/./sdk/include/sl_lidar_driver.h:54[m[K,
[1.475s]                  from [01m[K/home/johan/mapping_sample_ros2/src/sensors/sllidar_ros2/sdk/src/sl_serial_channel.cpp:33[m[K:
[1.475s] [01m[K/home/johan/mapping_sample_ros2/src/sensors/sllidar_ros2/./sdk/include/sl_lidar_protocol.h:66:16:[m[K [01;35m[Kwarning: [m[KISO C++ forbids zero-size array ‘[01m[Kdata[m[K’ [[01;35m[K-Wpedantic[m[K]
[1.475s]    66 |     sl_u8 data[[01;35m[K0[m[K];
[1.476s]       |                [01;35m[K^[m[K
[1.476s] In file included from [01m[K/home/johan/mapping_sample_ros2/src/sensors/sllidar_ros2/./sdk/include/sl_lidar_driver.h:54[m[K,
[1.476s]                  from [01m[K/home/johan/mapping_sample_ros2/src/sensors/sllidar_ros2/sdk/src/sl_serial_channel.cpp:33[m[K:
[1.476s] [01m[K/home/johan/mapping_sample_ros2/src/sensors/sllidar_ros2/./sdk/include/sl_lidar_cmd.h:324:20:[m[K [01;35m[Kwarning: [m[KISO C++ forbids zero-size array ‘[01m[Kpayload[m[K’ [[01;35m[K-Wpedantic[m[K]
[1.476s]   324 |     sl_u8  payload[[01;35m[K0[m[K];
[1.476s]       |                    [01;35m[K^[m[K
[1.507s] In file included from [01m[K/home/johan/mapping_sample_ros2/src/sensors/sllidar_ros2/./sdk/include/rplidar_protocol.h:36[m[K,
[1.507s]                  from [01m[K/home/johan/mapping_sample_ros2/src/sensors/sllidar_ros2/./sdk/include/rplidar.h:39[m[K,
[1.507s]                  from [01m[K/home/johan/mapping_sample_ros2/src/sensors/sllidar_ros2/./sdk/src/sdkcommon.h:49[m[K,
[1.508s]                  from [01m[K/home/johan/mapping_sample_ros2/src/sensors/sllidar_ros2/sdk/src/arch/linux/net_socket.cpp:10[m[K:
[1.508s] [01m[K/home/johan/mapping_sample_ros2/src/sensors/sllidar_ros2/./sdk/include/sl_lidar_protocol.h:66:16:[m[K [01;35m[Kwarning: [m[KISO C++ forbids zero-size array ‘[01m[Kdata[m[K’ [[01;35m[K-Wpedantic[m[K]
[1.508s]    66 |     sl_u8 data[[01;35m[K0[m[K];
[1.508s]       |                [01;35m[K^[m[K
[1.508s] In file included from [01m[K/home/johan/mapping_sample_ros2/src/sensors/sllidar_ros2/./sdk/include/rplidar_cmd.h:36[m[K,
[1.508s]                  from [01m[K/home/johan/mapping_sample_ros2/src/sensors/sllidar_ros2/./sdk/include/rplidar.h:40[m[K,
[1.508s]                  from [01m[K/home/johan/mapping_sample_ros2/src/sensors/sllidar_ros2/./sdk/src/sdkcommon.h:49[m[K,
[1.508s]                  from [01m[K/home/johan/mapping_sample_ros2/src/sensors/sllidar_ros2/sdk/src/arch/linux/net_socket.cpp:10[m[K:
[1.508s] [01m[K/home/johan/mapping_sample_ros2/src/sensors/sllidar_ros2/./sdk/include/sl_lidar_cmd.h:324:20:[m[K [01;35m[Kwarning: [m[KISO C++ forbids zero-size array ‘[01m[Kpayload[m[K’ [[01;35m[K-Wpedantic[m[K]
[1.508s]   324 |     sl_u8  payload[[01;35m[K0[m[K];
[1.508s]       |                    [01;35m[K^[m[K
[1.533s] In file included from [01m[K/home/johan/mapping_sample_ros2/src/sensors/sllidar_ros2/./sdk/include/rplidar_protocol.h:36[m[K,
[1.533s]                  from [01m[K/home/johan/mapping_sample_ros2/src/sensors/sllidar_ros2/./sdk/include/rplidar.h:39[m[K,
[1.533s]                  from [01m[K/home/johan/mapping_sample_ros2/src/sensors/sllidar_ros2/sdk/src/sdkcommon.h:49[m[K,
[1.533s]                  from [01m[K/home/johan/mapping_sample_ros2/src/sensors/sllidar_ros2/sdk/src/sl_lidar_driver.cpp:33[m[K:
[1.534s] [01m[K/home/johan/mapping_sample_ros2/src/sensors/sllidar_ros2/./sdk/include/sl_lidar_protocol.h:66:16:[m[K [01;35m[Kwarning: [m[KISO C++ forbids zero-size array ‘[01m[Kdata[m[K’ [[01;35m[K-Wpedantic[m[K]
[1.534s]    66 |     sl_u8 data[[01;35m[K0[m[K];
[1.534s]       |                [01;35m[K^[m[K
[1.534s] In file included from [01m[K/home/johan/mapping_sample_ros2/src/sensors/sllidar_ros2/./sdk/include/rplidar_cmd.h:36[m[K,
[1.534s]                  from [01m[K/home/johan/mapping_sample_ros2/src/sensors/sllidar_ros2/./sdk/include/rplidar.h:40[m[K,
[1.534s]                  from [01m[K/home/johan/mapping_sample_ros2/src/sensors/sllidar_ros2/sdk/src/sdkcommon.h:49[m[K,
[1.534s]                  from [01m[K/home/johan/mapping_sample_ros2/src/sensors/sllidar_ros2/sdk/src/sl_lidar_driver.cpp:33[m[K:
[1.534s] [01m[K/home/johan/mapping_sample_ros2/src/sensors/sllidar_ros2/./sdk/include/sl_lidar_cmd.h:324:20:[m[K [01;35m[Kwarning: [m[KISO C++ forbids zero-size array ‘[01m[Kpayload[m[K’ [[01;35m[K-Wpedantic[m[K]
[1.534s]   324 |     sl_u8  payload[[01;35m[K0[m[K];
[1.534s]       |                    [01;35m[K^[m[K
[1.537s] In file included from [01m[K/home/johan/mapping_sample_ros2/src/sensors/sllidar_ros2/./sdk/include/rplidar_protocol.h:36[m[K,
[1.537s]                  from [01m[K/home/johan/mapping_sample_ros2/src/sensors/sllidar_ros2/./sdk/include/rplidar.h:39[m[K,
[1.537s]                  from [01m[K/home/johan/mapping_sample_ros2/src/sensors/sllidar_ros2/sdk/src/sdkcommon.h:49[m[K,
[1.538s]                  from [01m[K/home/johan/mapping_sample_ros2/src/sensors/sllidar_ros2/sdk/src/sl_lidarprotocol_codec.cpp:35[m[K:
[1.538s] [01m[K/home/johan/mapping_sample_ros2/src/sensors/sllidar_ros2/./sdk/include/sl_lidar_protocol.h:66:16:[m[K [01;35m[Kwarning: [m[KISO C++ forbids zero-size array ‘[01m[Kdata[m[K’ [[01;35m[K-Wpedantic[m[K]
[1.538s]    66 |     sl_u8 data[[01;35m[K0[m[K];
[1.538s]       |                [01;35m[K^[m[K
[1.538s] In file included from [01m[K/home/johan/mapping_sample_ros2/src/sensors/sllidar_ros2/./sdk/include/rplidar_cmd.h:36[m[K,
[1.538s]                  from [01m[K/home/johan/mapping_sample_ros2/src/sensors/sllidar_ros2/./sdk/include/rplidar.h:40[m[K,
[1.538s]                  from [01m[K/home/johan/mapping_sample_ros2/src/sensors/sllidar_ros2/sdk/src/sdkcommon.h:49[m[K,
[1.538s]                  from [01m[K/home/johan/mapping_sample_ros2/src/sensors/sllidar_ros2/sdk/src/sl_lidarprotocol_codec.cpp:35[m[K:
[1.538s] [01m[K/home/johan/mapping_sample_ros2/src/sensors/sllidar_ros2/./sdk/include/sl_lidar_cmd.h:324:20:[m[K [01;35m[Kwarning: [m[KISO C++ forbids zero-size array ‘[01m[Kpayload[m[K’ [[01;35m[K-Wpedantic[m[K]
[1.538s]   324 |     sl_u8  payload[[01;35m[K0[m[K];
[1.538s]       |                    [01;35m[K^[m[K
[1.545s] [ 90%] [32mBuilding CXX object CMakeFiles/sllidar_node.dir/sdk/src/sl_udp_channel.cpp.o[0m
[1.554s] In file included from [01m[K/home/johan/mapping_sample_ros2/src/sensors/sllidar_ros2/./sdk/src/arch/linux/arch_linux.h:42[m[K,
[1.555s]                  from [01m[K/home/johan/mapping_sample_ros2/src/sensors/sllidar_ros2/./sdk/src/sdkcommon.h:41[m[K,
[1.555s]                  from [01m[K/home/johan/mapping_sample_ros2/src/sensors/sllidar_ros2/sdk/src/arch/linux/net_socket.cpp:10[m[K:
[1.555s] [01m[K/home/johan/mapping_sample_ros2/src/sensors/sllidar_ros2/sdk/src/arch/linux/net_socket.cpp:[m[K In member function ‘[01m[Kvirtual u_result rp::arch::net::DGramSocketImpl::sendTo(const rp::net::SocketAddress*, const void*, size_t)[m[K’:
[1.555s] [01m[K/home/johan/mapping_sample_ros2/src/sensors/sllidar_ros2/sdk/src/arch/linux/net_socket.cpp:733:24:[m[K [01;35m[Kwarning: [m[Kcomparison of integer expressions of different signedness: ‘[01m[Kint[m[K’ and ‘[01m[Ksize_t[m[K’ {aka ‘[01m[Klong unsigned int[m[K’} [[01;35m[K-Wsign-compare[m[K]
[1.555s]   733 |             assert([01;35m[Kans == len[m[K);
[1.555s]       |                    [01;35m[K~~~~^~~~~~[m[K
[1.579s] [01m[K/home/johan/mapping_sample_ros2/src/sensors/sllidar_ros2/sdk/src/arch/linux/net_serial.cpp:[m[K In member function ‘[01m[Kbool rp::arch::net::raw_serial::open(const char*, uint32_t, uint32_t)[m[K’:
[1.579s] [01m[K/home/johan/mapping_sample_ros2/src/sensors/sllidar_ros2/sdk/src/arch/linux/net_serial.cpp:97:74:[m[K [01;35m[Kwarning: [m[Kunused parameter ‘[01m[Kflags[m[K’ [[01;35m[K-Wunused-parameter[m[K]
[1.580s]    97 | bool raw_serial::open(const char * portname, uint32_t baudrate, [01;35m[Kuint32_t flags[m[K)
[1.580s]       |                                                                 [01;35m[K~~~~~~~~~^~~~~[m[K
[1.580s] [01m[K/home/johan/mapping_sample_ros2/src/sensors/sllidar_ros2/sdk/src/arch/linux/net_serial.cpp:[m[K In member function ‘[01m[Kvirtual void rp::arch::net::raw_serial::flush(_u32)[m[K’:
[1.580s] [01m[K/home/johan/mapping_sample_ros2/src/sensors/sllidar_ros2/sdk/src/arch/linux/net_serial.cpp:281:30:[m[K [01;35m[Kwarning: [m[Kunused parameter ‘[01m[Kflags[m[K’ [[01;35m[K-Wunused-parameter[m[K]
[1.580s]   281 | void raw_serial::flush( [01;35m[K_u32 flags[m[K)
[1.580s]       |                         [01;35m[K~~~~~^~~~~[m[K
[1.580s] [01m[K/home/johan/mapping_sample_ros2/src/sensors/sllidar_ros2/sdk/src/arch/linux/net_serial.cpp:[m[K In member function ‘[01m[Kvirtual int rp::arch::net::raw_serial::waitforsent(_u32, size_t*)[m[K’:
[1.580s] [01m[K/home/johan/mapping_sample_ros2/src/sensors/sllidar_ros2/sdk/src/arch/linux/net_serial.cpp:286:34:[m[K [01;35m[Kwarning: [m[Kunused parameter ‘[01m[Ktimeout[m[K’ [[01;35m[K-Wunused-parameter[m[K]
[1.580s]   286 | int raw_serial::waitforsent([01;35m[K_u32 timeout[m[K, size_t * returned_size)
[1.581s]       |                             [01;35m[K~~~~~^~~~~~~[m[K
[1.581s] [01m[K/home/johan/mapping_sample_ros2/src/sensors/sllidar_ros2/sdk/src/arch/linux/net_serial.cpp:[m[K In member function ‘[01m[Kvirtual int rp::arch::net::raw_serial::waitforrecv(_u32, size_t*)[m[K’:
[1.581s] [01m[K/home/johan/mapping_sample_ros2/src/sensors/sllidar_ros2/sdk/src/arch/linux/net_serial.cpp:292:34:[m[K [01;35m[Kwarning: [m[Kunused parameter ‘[01m[Ktimeout[m[K’ [[01;35m[K-Wunused-parameter[m[K]
[1.581s]   292 | int raw_serial::waitforrecv([01;35m[K_u32 timeout[m[K, size_t * returned_size)
[1.581s]       |                             [01;35m[K~~~~~^~~~~~~[m[K
[1.582s] In file included from [01m[K/home/johan/mapping_sample_ros2/src/sensors/sllidar_ros2/./sdk/include/rplidar_protocol.h:36[m[K,
[1.582s]                  from [01m[K/home/johan/mapping_sample_ros2/src/sensors/sllidar_ros2/./sdk/include/rplidar.h:39[m[K,
[1.582s]                  from [01m[K/home/johan/mapping_sample_ros2/src/sensors/sllidar_ros2/sdk/src/sdkcommon.h:49[m[K,
[1.582s]                  from [01m[K/home/johan/mapping_sample_ros2/src/sensors/sllidar_ros2/sdk/src/sl_async_transceiver.cpp:35[m[K:
[1.583s] [01m[K/home/johan/mapping_sample_ros2/src/sensors/sllidar_ros2/./sdk/include/sl_lidar_protocol.h:66:16:[m[K [01;35m[Kwarning: [m[KISO C++ forbids zero-size array ‘[01m[Kdata[m[K’ [[01;35m[K-Wpedantic[m[K]
[1.583s]    66 |     sl_u8 data[[01;35m[K0[m[K];
[1.583s]       |                [01;35m[K^[m[K
[1.583s] [01m[K/home/johan/mapping_sample_ros2/src/sensors/sllidar_ros2/sdk/src/arch/linux/net_serial.cpp:[m[K In member function ‘[01m[Kvirtual void rp::arch::net::raw_serial::cancelOperation()[m[K’:
[1.583s] [01m[K/home/johan/mapping_sample_ros2/src/sensors/sllidar_ros2/sdk/src/arch/linux/net_serial.cpp:427:5:[m[K [01;35m[Kwarning: [m[Kvalue computed is not used [[01;35m[K-Wunused-value[m[K]
[1.583s]   427 |     [01;35m[K(int)::write(_selfpipe[1], "x", 1)[m[K;
[1.583s]       |     [01;35m[K^~~~~~~~~~~~~~~~~~~~~~~~~~~~~~~~~~[m[K
[1.583s] In file included from [01m[K/home/johan/mapping_sample_ros2/src/sensors/sllidar_ros2/./sdk/include/rplidar_cmd.h:36[m[K,
[1.583s]                  from [01m[K/home/johan/mapping_sample_ros2/src/sensors/sllidar_ros2/./sdk/include/rplidar.h:40[m[K,
[1.583s]                  from [01m[K/home/johan/mapping_sample_ros2/src/sensors/sllidar_ros2/sdk/src/sdkcommon.h:49[m[K,
[1.583s]                  from [01m[K/home/johan/mapping_sample_ros2/src/sensors/sllidar_ros2/sdk/src/sl_async_transceiver.cpp:35[m[K:
[1.583s] [01m[K/home/johan/mapping_sample_ros2/src/sensors/sllidar_ros2/./sdk/include/sl_lidar_cmd.h:324:20:[m[K [01;35m[Kwarning: [m[KISO C++ forbids zero-size array ‘[01m[Kpayload[m[K’ [[01;35m[K-Wpedantic[m[K]
[1.583s]   324 |     sl_u8  payload[[01;35m[K0[m[K];
[1.584s]       |                    [01;35m[K^[m[K
[1.586s] In file included from [01m[K/home/johan/mapping_sample_ros2/src/sensors/sllidar_ros2/./sdk/include/sl_lidar_cmd.h:41[m[K,
[1.586s]                  from [01m[K/home/johan/mapping_sample_ros2/src/sensors/sllidar_ros2/./sdk/include/sl_lidar_driver.h:54[m[K,
[1.586s]                  from [01m[K/home/johan/mapping_sample_ros2/src/sensors/sllidar_ros2/sdk/src/sl_tcp_channel.cpp:33[m[K:
[1.586s] [01m[K/home/johan/mapping_sample_ros2/src/sensors/sllidar_ros2/./sdk/include/sl_lidar_protocol.h:66:16:[m[K [01;35m[Kwarning: [m[KISO C++ forbids zero-size array ‘[01m[Kdata[m[K’ [[01;35m[K-Wpedantic[m[K]
[1.586s]    66 |     sl_u8 data[[01;35m[K0[m[K];
[1.586s]       |                [01;35m[K^[m[K
[1.586s] In file included from [01m[K/home/johan/mapping_sample_ros2/src/sensors/sllidar_ros2/./sdk/include/sl_lidar_driver.h:54[m[K,
[1.586s]                  from [01m[K/home/johan/mapping_sample_ros2/src/sensors/sllidar_ros2/sdk/src/sl_tcp_channel.cpp:33[m[K:
[1.586s] [01m[K/home/johan/mapping_sample_ros2/src/sensors/sllidar_ros2/./sdk/include/sl_lidar_cmd.h:324:20:[m[K [01;35m[Kwarning: [m[KISO C++ forbids zero-size array ‘[01m[Kpayload[m[K’ [[01;35m[K-Wpedantic[m[K]
[1.586s]   324 |     sl_u8  payload[[01;35m[K0[m[K];
[1.587s]       |                    [01;35m[K^[m[K
[1.587s] In file included from [01m[K/home/johan/mapping_sample_ros2/src/sensors/sllidar_ros2/./sdk/include/rplidar_protocol.h:36[m[K,
[1.587s]                  from [01m[K/home/johan/mapping_sample_ros2/src/sensors/sllidar_ros2/./sdk/include/rplidar.h:39[m[K,
[1.587s]                  from [01m[K/home/johan/mapping_sample_ros2/src/sensors/sllidar_ros2/./sdk/src/sdkcommon.h:49[m[K,
[1.587s]                  from [01m[K/home/johan/mapping_sample_ros2/src/sensors/sllidar_ros2/sdk/src/dataunpacker/dataunnpacker_commondef.h:41[m[K,
[1.587s]                  from [01m[K/home/johan/mapping_sample_ros2/src/sensors/sllidar_ros2/sdk/src/dataunpacker/dataunpacker.cpp:39[m[K:
[1.587s] [01m[K/home/johan/mapping_sample_ros2/src/sensors/sllidar_ros2/./sdk/include/sl_lidar_protocol.h:66:16:[m[K [01;35m[Kwarning: [m[KISO C++ forbids zero-size array ‘[01m[Kdata[m[K’ [[01;35m[K-Wpedantic[m[K]
[1.587s]    66 |     sl_u8 data[[01;35m[K0[m[K];
[1.587s]       |                [01;35m[K^[m[K
[1.587s] In file included from [01m[K/home/johan/mapping_sample_ros2/src/sensors/sllidar_ros2/./sdk/include/rplidar_cmd.h:36[m[K,
[1.588s]                  from [01m[K/home/johan/mapping_sample_ros2/src/sensors/sllidar_ros2/./sdk/include/rplidar.h:40[m[K,
[1.588s]                  from [01m[K/home/johan/mapping_sample_ros2/src/sensors/sllidar_ros2/./sdk/src/sdkcommon.h:49[m[K,
[1.588s]                  from [01m[K/home/johan/mapping_sample_ros2/src/sensors/sllidar_ros2/sdk/src/dataunpacker/dataunnpacker_commondef.h:41[m[K,
[1.588s]                  from [01m[K/home/johan/mapping_sample_ros2/src/sensors/sllidar_ros2/sdk/src/dataunpacker/dataunpacker.cpp:39[m[K:
[1.588s] [01m[K/home/johan/mapping_sample_ros2/src/sensors/sllidar_ros2/./sdk/include/sl_lidar_cmd.h:324:20:[m[K [01;35m[Kwarning: [m[KISO C++ forbids zero-size array ‘[01m[Kpayload[m[K’ [[01;35m[K-Wpedantic[m[K]
[1.588s]   324 |     sl_u8  payload[[01;35m[K0[m[K];
[1.588s]       |                    [01;35m[K^[m[K
[1.588s] In file included from [01m[K/home/johan/mapping_sample_ros2/src/sensors/sllidar_ros2/./sdk/include/rplidar_protocol.h:36[m[K,
[1.588s]                  from [01m[K/home/johan/mapping_sample_ros2/src/sensors/sllidar_ros2/./sdk/include/rplidar.h:39[m[K,
[1.588s]                  from [01m[K/home/johan/mapping_sample_ros2/src/sensors/sllidar_ros2/sdk/src/sdkcommon.h:49[m[K,
[1.588s]                  from [01m[K/home/johan/mapping_sample_ros2/src/sensors/sllidar_ros2/sdk/src/rplidar_driver.cpp:33[m[K:
[1.589s] [01m[K/home/johan/mapping_sample_ros2/src/sensors/sllidar_ros2/./sdk/include/sl_lidar_protocol.h:66:16:[m[K [01;35m[Kwarning: [m[KISO C++ forbids zero-size array ‘[01m[Kdata[m[K’ [[01;35m[K-Wpedantic[m[K]
[1.589s]    66 |     sl_u8 data[[01;35m[K0[m[K];
[1.589s]       |                [01;35m[K^[m[K
[1.589s] In file included from [01m[K/home/johan/mapping_sample_ros2/src/sensors/sllidar_ros2/./sdk/include/rplidar_cmd.h:36[m[K,
[1.589s]                  from [01m[K/home/johan/mapping_sample_ros2/src/sensors/sllidar_ros2/./sdk/include/rplidar.h:40[m[K,
[1.589s]                  from [01m[K/home/johan/mapping_sample_ros2/src/sensors/sllidar_ros2/sdk/src/sdkcommon.h:49[m[K,
[1.589s]                  from [01m[K/home/johan/mapping_sample_ros2/src/sensors/sllidar_ros2/sdk/src/rplidar_driver.cpp:33[m[K:
[1.589s] [01m[K/home/johan/mapping_sample_ros2/src/sensors/sllidar_ros2/./sdk/include/sl_lidar_cmd.h:324:20:[m[K [01;35m[Kwarning: [m[KISO C++ forbids zero-size array ‘[01m[Kpayload[m[K’ [[01;35m[K-Wpedantic[m[K]
[1.589s]   324 |     sl_u8  payload[[01;35m[K0[m[K];
[1.589s]       |                    [01;35m[K^[m[K
[1.590s] [01m[K/home/johan/mapping_sample_ros2/src/sensors/sllidar_ros2/sdk/src/sl_tcp_channel.cpp:[m[K In member function ‘[01m[Kvoid sl::TcpChannel::setStatus(_u32)[m[K’:
[1.590s] [01m[K/home/johan/mapping_sample_ros2/src/sensors/sllidar_ros2/sdk/src/sl_tcp_channel.cpp:109:29:[m[K [01;35m[Kwarning: [m[Kunused parameter ‘[01m[Kflag[m[K’ [[01;35m[K-Wunused-parameter[m[K]
[1.590s]   109 |         void setStatus([01;35m[K_u32 flag[m[K){}
[1.590s]       |                        [01;35m[K~~~~~^~~~[m[K
[1.596s] In file included from [01m[K/home/johan/mapping_sample_ros2/src/sensors/sllidar_ros2/./sdk/include/rplidar_protocol.h:36[m[K,
[1.596s]                  from [01m[K/home/johan/mapping_sample_ros2/src/sensors/sllidar_ros2/./sdk/include/rplidar.h:39[m[K,
[1.597s]                  from [01m[K/home/johan/mapping_sample_ros2/src/sensors/sllidar_ros2/./sdk/src/sdkcommon.h:49[m[K,
[1.597s]                  from [01m[K/home/johan/mapping_sample_ros2/src/sensors/sllidar_ros2/sdk/src/dataunpacker/unpacker/../dataunnpacker_commondef.h:41[m[K,
[1.597s]                  from [01m[K/home/johan/mapping_sample_ros2/src/sensors/sllidar_ros2/sdk/src/dataunpacker/unpacker/handler_normalnode.cpp:39[m[K:
[1.597s] [01m[K/home/johan/mapping_sample_ros2/src/sensors/sllidar_ros2/./sdk/include/sl_lidar_protocol.h:66:16:[m[K [01;35m[Kwarning: [m[KISO C++ forbids zero-size array ‘[01m[Kdata[m[K’ [[01;35m[K-Wpedantic[m[K]
[1.597s]    66 |     sl_u8 data[[01;35m[K0[m[K];
[1.597s]       |                [01;35m[K^[m[K
[1.597s] In file included from [01m[K/home/johan/mapping_sample_ros2/src/sensors/sllidar_ros2/./sdk/include/rplidar_cmd.h:36[m[K,
[1.597s]                  from [01m[K/home/johan/mapping_sample_ros2/src/sensors/sllidar_ros2/./sdk/include/rplidar.h:40[m[K,
[1.597s]                  from [01m[K/home/johan/mapping_sample_ros2/src/sensors/sllidar_ros2/./sdk/src/sdkcommon.h:49[m[K,
[1.597s]                  from [01m[K/home/johan/mapping_sample_ros2/src/sensors/sllidar_ros2/sdk/src/dataunpacker/unpacker/../dataunnpacker_commondef.h:41[m[K,
[1.597s]                  from [01m[K/home/johan/mapping_sample_ros2/src/sensors/sllidar_ros2/sdk/src/dataunpacker/unpacker/handler_normalnode.cpp:39[m[K:
[1.598s] [01m[K/home/johan/mapping_sample_ros2/src/sensors/sllidar_ros2/./sdk/include/sl_lidar_cmd.h:324:20:[m[K [01;35m[Kwarning: [m[KISO C++ forbids zero-size array ‘[01m[Kpayload[m[K’ [[01;35m[K-Wpedantic[m[K]
[1.598s]   324 |     sl_u8  payload[[01;35m[K0[m[K];
[1.598s]       |                    [01;35m[K^[m[K
[1.600s] In file included from [01m[K/home/johan/mapping_sample_ros2/src/sensors/sllidar_ros2/./sdk/include/rplidar_protocol.h:36[m[K,
[1.600s]                  from [01m[K/home/johan/mapping_sample_ros2/src/sensors/sllidar_ros2/./sdk/include/rplidar.h:39[m[K,
[1.600s]                  from [01m[K/home/johan/mapping_sample_ros2/src/sensors/sllidar_ros2/./sdk/src/sdkcommon.h:49[m[K,
[1.600s]                  from [01m[K/home/johan/mapping_sample_ros2/src/sensors/sllidar_ros2/sdk/src/dataunpacker/unpacker/../dataunnpacker_commondef.h:41[m[K,
[1.600s]                  from [01m[K/home/johan/mapping_sample_ros2/src/sensors/sllidar_ros2/sdk/src/dataunpacker/unpacker/handler_hqnode.cpp:39[m[K:
[1.600s] [01m[K/home/johan/mapping_sample_ros2/src/sensors/sllidar_ros2/./sdk/include/sl_lidar_protocol.h:66:16:[m[K [01;35m[Kwarning: [m[KISO C++ forbids zero-size array ‘[01m[Kdata[m[K’ [[01;35m[K-Wpedantic[m[K]
[1.600s]    66 |     sl_u8 data[[01;35m[K0[m[K];
[1.600s]       |                [01;35m[K^[m[K
[1.601s] In file included from [01m[K/home/johan/mapping_sample_ros2/src/sensors/sllidar_ros2/./sdk/include/rplidar_protocol.h:36[m[K,
[1.601s]                  from [01m[K/home/johan/mapping_sample_ros2/src/sensors/sllidar_ros2/./sdk/include/rplidar.h:39[m[K,
[1.601s]                  from [01m[K/home/johan/mapping_sample_ros2/src/sensors/sllidar_ros2/./sdk/src/sdkcommon.h:49[m[K,
[1.601s]                  from [01m[K/home/johan/mapping_sample_ros2/src/sensors/sllidar_ros2/sdk/src/hal/thread.cpp:35[m[K:
[1.601s] [01m[K/home/johan/mapping_sample_ros2/src/sensors/sllidar_ros2/./sdk/include/sl_lidar_protocol.h:66:16:[m[K [01;35m[Kwarning: [m[KISO C++ forbids zero-size array ‘[01m[Kdata[m[K’ [[01;35m[K-Wpedantic[m[K]
[1.601s]    66 |     sl_u8 data[[01;35m[K0[m[K];
[1.601s]       |                [01;35m[K^[m[K
[1.601s] In file included from [01m[K/home/johan/mapping_sample_ros2/src/sensors/sllidar_ros2/./sdk/include/rplidar_cmd.h:36[m[K,
[1.601s]                  from [01m[K/home/johan/mapping_sample_ros2/src/sensors/sllidar_ros2/./sdk/include/rplidar.h:40[m[K,
[1.601s]                  from [01m[K/home/johan/mapping_sample_ros2/src/sensors/sllidar_ros2/./sdk/src/sdkcommon.h:49[m[K,
[1.601s]                  from [01m[K/home/johan/mapping_sample_ros2/src/sensors/sllidar_ros2/sdk/src/hal/thread.cpp:35[m[K:
[1.602s] [01m[K/home/johan/mapping_sample_ros2/src/sensors/sllidar_ros2/./sdk/include/sl_lidar_cmd.h:324:20:[m[K [01;35m[Kwarning: [m[KISO C++ forbids zero-size array ‘[01m[Kpayload[m[K’ [[01;35m[K-Wpedantic[m[K]
[1.602s]   324 |     sl_u8  payload[[01;35m[K0[m[K];
[1.602s]       |                    [01;35m[K^[m[K
[1.603s] In file included from [01m[K/home/johan/mapping_sample_ros2/src/sensors/sllidar_ros2/./sdk/include/rplidar_cmd.h:36[m[K,
[1.603s]                  from [01m[K/home/johan/mapping_sample_ros2/src/sensors/sllidar_ros2/./sdk/include/rplidar.h:40[m[K,
[1.603s]                  from [01m[K/home/johan/mapping_sample_ros2/src/sensors/sllidar_ros2/./sdk/src/sdkcommon.h:49[m[K,
[1.603s]                  from [01m[K/home/johan/mapping_sample_ros2/src/sensors/sllidar_ros2/sdk/src/dataunpacker/unpacker/../dataunnpacker_commondef.h:41[m[K,
[1.603s]                  from [01m[K/home/johan/mapping_sample_ros2/src/sensors/sllidar_ros2/sdk/src/dataunpacker/unpacker/handler_hqnode.cpp:39[m[K:
[1.603s] [01m[K/home/johan/mapping_sample_ros2/src/sensors/sllidar_ros2/./sdk/include/sl_lidar_cmd.h:324:20:[m[K [01;35m[Kwarning: [m[KISO C++ forbids zero-size array ‘[01m[Kpayload[m[K’ [[01;35m[K-Wpedantic[m[K]
[1.603s]   324 |     sl_u8  payload[[01;35m[K0[m[K];
[1.603s]       |                    [01;35m[K^[m[K
[1.604s] In file included from [01m[K/home/johan/mapping_sample_ros2/src/sensors/sllidar_ros2/./sdk/include/rplidar_protocol.h:36[m[K,
[1.604s]                  from [01m[K/home/johan/mapping_sample_ros2/src/sensors/sllidar_ros2/./sdk/include/rplidar.h:39[m[K,
[1.604s]                  from [01m[K/home/johan/mapping_sample_ros2/src/sensors/sllidar_ros2/./sdk/src/sdkcommon.h:49[m[K,
[1.604s]                  from [01m[K/home/johan/mapping_sample_ros2/src/sensors/sllidar_ros2/sdk/src/dataunpacker/unpacker/../dataunnpacker_commondef.h:41[m[K,
[1.604s]                  from [01m[K/home/johan/mapping_sample_ros2/src/sensors/sllidar_ros2/sdk/src/dataunpacker/unpacker/handler_capsules.cpp:39[m[K:
[1.604s] [01m[K/home/johan/mapping_sample_ros2/src/sensors/sllidar_ros2/./sdk/include/sl_lidar_protocol.h:66:16:[m[K [01;35m[Kwarning: [m[KISO C++ forbids zero-size array ‘[01m[Kdata[m[K’ [[01;35m[K-Wpedantic[m[K]
[1.604s]    66 |     sl_u8 data[[01;35m[K0[m[K];
[1.604s]       |                [01;35m[K^[m[K
[1.604s] In file included from [01m[K/home/johan/mapping_sample_ros2/src/sensors/sllidar_ros2/./sdk/include/rplidar_cmd.h:36[m[K,
[1.604s]                  from [01m[K/home/johan/mapping_sample_ros2/src/sensors/sllidar_ros2/./sdk/include/rplidar.h:40[m[K,
[1.605s]                  from [01m[K/home/johan/mapping_sample_ros2/src/sensors/sllidar_ros2/./sdk/src/sdkcommon.h:49[m[K,
[1.605s]                  from [01m[K/home/johan/mapping_sample_ros2/src/sensors/sllidar_ros2/sdk/src/dataunpacker/unpacker/../dataunnpacker_commondef.h:41[m[K,
[1.605s]                  from [01m[K/home/johan/mapping_sample_ros2/src/sensors/sllidar_ros2/sdk/src/dataunpacker/unpacker/handler_capsules.cpp:39[m[K:
[1.605s] [01m[K/home/johan/mapping_sample_ros2/src/sensors/sllidar_ros2/./sdk/include/sl_lidar_cmd.h:324:20:[m[K [01;35m[Kwarning: [m[KISO C++ forbids zero-size array ‘[01m[Kpayload[m[K’ [[01;35m[K-Wpedantic[m[K]
[1.605s]   324 |     sl_u8  payload[[01;35m[K0[m[K];
[1.605s]       |                    [01;35m[K^[m[K
[1.639s] In file included from [01m[K/home/johan/mapping_sample_ros2/src/sensors/sllidar_ros2/sdk/src/sl_lidarprotocol_codec.cpp:49[m[K:
[1.639s] [01m[K/home/johan/mapping_sample_ros2/src/sensors/sllidar_ros2/sdk/src/sl_async_transceiver.h:[m[K In member function ‘[01m[Kvirtual void sl::internal::IAsyncProtocolCodec::onChannelError(u_result)[m[K’:
[1.639s] [01m[K/home/johan/mapping_sample_ros2/src/sensors/sllidar_ros2/sdk/src/sl_async_transceiver.h:90:41:[m[K [01;35m[Kwarning: [m[Kunused parameter ‘[01m[KerrCode[m[K’ [[01;35m[K-Wunused-parameter[m[K]
[1.639s]    90 |  virtual void   onChannelError([01;35m[Ku_result errCode[m[K) {}
[1.639s]       |                                [01;35m[K~~~~~~~~~^~~~~~~[m[K
[1.652s] In file included from [01m[K/home/johan/mapping_sample_ros2/src/sensors/sllidar_ros2/sdk/src/hal/thread.cpp:43[m[K:
[1.653s] [01m[K/home/johan/mapping_sample_ros2/src/sensors/sllidar_ros2/./sdk/src/arch/linux/thread.hpp:[m[K In static member function ‘[01m[Kstatic rp::hal::Thread rp::hal::Thread::create(thread_proc_t, void*)[m[K’:
[1.653s] [01m[K/home/johan/mapping_sample_ros2/src/sensors/sllidar_ros2/./sdk/src/arch/linux/thread.hpp:52:77:[m[K [01;35m[Kwarning: [m[Kcast between incompatible function types from ‘[01m[Kthread_proc_t[m[K’ {aka ‘[01m[Klong unsigned int (*)(void*)[m[K’} to ‘[01m[Kvoid* (*)(void*)[m[K’ [[01;35m[K-Wcast-function-type[m[K]
[1.653s]    52 |     pthread_create((pthread_t *)&newborn._handle, NULL, (void * (*)(void *))[01;35m[Kproc[m[K, data);
[1.653s]       |                                                                             [01;35m[K^~~~[m[K
[1.653s] [01m[K/home/johan/mapping_sample_ros2/src/sensors/sllidar_ros2/./sdk/src/arch/linux/thread.hpp:[m[K In member function ‘[01m[Ku_result rp::hal::Thread::join(long unsigned int)[m[K’:
[1.654s] [01m[K/home/johan/mapping_sample_ros2/src/sensors/sllidar_ros2/./sdk/src/arch/linux/thread.hpp:176:37:[m[K [01;35m[Kwarning: [m[Kunused parameter ‘[01m[Ktimeout[m[K’ [[01;35m[K-Wunused-parameter[m[K]
[1.654s]   176 | u_result Thread::join([01;35m[Kunsigned long timeout[m[K)
[1.654s]       |                       [01;35m[K~~~~~~~~~~~~~~^~~~~~~[m[K
[1.663s] In file included from [01m[K/home/johan/mapping_sample_ros2/src/sensors/sllidar_ros2/sdk/src/sl_lidar_driver.cpp:50[m[K:
[1.663s] [01m[K/home/johan/mapping_sample_ros2/src/sensors/sllidar_ros2/sdk/src/dataunpacker/dataunpacker.h:[m[K In member function ‘[01m[Kvirtual void sl::internal::LIDARSampleDataListener::onCustomSampleDataDecoded(_u8, _u32, const void*, size_t)[m[K’:
[1.663s] [01m[K/home/johan/mapping_sample_ros2/src/sensors/sllidar_ros2/sdk/src/dataunpacker/dataunpacker.h:54:45:[m[K [01;35m[Kwarning: [m[Kunused parameter ‘[01m[KansType[m[K’ [[01;35m[K-Wunused-parameter[m[K]
[1.663s]    54 |  virtual void onCustomSampleDataDecoded([01;35m[K_u8 ansType[m[K, _u32 customCode, const void* data, size_t size) {}
[1.663s]       |                                         [01;35m[K~~~~^~~~~~~[m[K
[1.663s] [01m[K/home/johan/mapping_sample_ros2/src/sensors/sllidar_ros2/sdk/src/dataunpacker/dataunpacker.h:54:59:[m[K [01;35m[Kwarning: [m[Kunused parameter ‘[01m[KcustomCode[m[K’ [[01;35m[K-Wunused-parameter[m[K]
[1.664s]    54 |  virtual void onCustomSampleDataDecoded(_u8 ansType, [01;35m[K_u32 customCode[m[K, const void* data, size_t size) {}
[1.664s]       |                                                      [01;35m[K~~~~~^~~~~~~~~~[m[K
[1.664s] [01m[K/home/johan/mapping_sample_ros2/src/sensors/sllidar_ros2/sdk/src/dataunpacker/dataunpacker.h:54:83:[m[K [01;35m[Kwarning: [m[Kunused parameter ‘[01m[Kdata[m[K’ [[01;35m[K-Wunused-parameter[m[K]
[1.664s]    54 |  virtual void onCustomSampleDataDecoded(_u8 ansType, _u32 customCode, [01;35m[Kconst void* data[m[K, size_t size) {}
[1.664s]       |                                                                       [01;35m[K~~~~~~~~~~~~^~~~[m[K
[1.664s] [01m[K/home/johan/mapping_sample_ros2/src/sensors/sllidar_ros2/sdk/src/dataunpacker/dataunpacker.h:54:96:[m[K [01;35m[Kwarning: [m[Kunused parameter ‘[01m[Ksize[m[K’ [[01;35m[K-Wunused-parameter[m[K]
[1.664s]    54 |  virtual void onCustomSampleDataDecoded(_u8 ansType, _u32 customCode, const void* data, [01;35m[Ksize_t size[m[K) {}
[1.664s]       |                                                                                         [01;35m[K~~~~~~~^~~~[m[K
[1.664s] [01m[K/home/johan/mapping_sample_ros2/src/sensors/sllidar_ros2/sdk/src/dataunpacker/dataunpacker.h:[m[K In member function ‘[01m[Kvirtual void sl::internal::LIDARSampleDataListener::onDecodingError(int, _u8, const void*, size_t)[m[K’:
[1.664s] [01m[K/home/johan/mapping_sample_ros2/src/sensors/sllidar_ros2/sdk/src/dataunpacker/dataunpacker.h:56:35:[m[K [01;35m[Kwarning: [m[Kunused parameter ‘[01m[KerrMsg[m[K’ [[01;35m[K-Wunused-parameter[m[K]
[1.664s]    56 |  virtual void onDecodingError([01;35m[Kint errMsg[m[K, _u8 ansType, const void* payload, size_t size) {}
[1.664s]       |                               [01;35m[K~~~~^~~~~~[m[K
[1.664s] [01m[K/home/johan/mapping_sample_ros2/src/sensors/sllidar_ros2/sdk/src/dataunpacker/dataunpacker.h:56:47:[m[K [01;35m[Kwarning: [m[Kunused parameter ‘[01m[KansType[m[K’ [[01;35m[K-Wunused-parameter[m[K]
[1.664s]    56 |  virtual void onDecodingError(int errMsg, [01;35m[K_u8 ansType[m[K, const void* payload, size_t size) {}
[1.664s]       |                                           [01;35m[K~~~~^~~~~~~[m[K
[1.664s] [01m[K/home/johan/mapping_sample_ros2/src/sensors/sllidar_ros2/sdk/src/dataunpacker/dataunpacker.h:56:68:[m[K [01;35m[Kwarning: [m[Kunused parameter ‘[01m[Kpayload[m[K’ [[01;35m[K-Wunused-parameter[m[K]
[1.664s]    56 |  virtual void onDecodingError(int errMsg, _u8 ansType, [01;35m[Kconst void* payload[m[K, size_t size) {}
[1.664s]       |                                                        [01;35m[K~~~~~~~~~~~~^~~~~~~[m[K
[1.664s] [01m[K/home/johan/mapping_sample_ros2/src/sensors/sllidar_ros2/sdk/src/dataunpacker/dataunpacker.h:56:84:[m[K [01;35m[Kwarning: [m[Kunused parameter ‘[01m[Ksize[m[K’ [[01;35m[K-Wunused-parameter[m[K]
[1.664s]    56 |  virtual void onDecodingError(int errMsg, _u8 ansType, const void* payload, [01;35m[Ksize_t size[m[K) {}
[1.665s]       |                                                                             [01;35m[K~~~~~~~^~~~[m[K
[1.671s] In file included from [01m[K/home/johan/mapping_sample_ros2/src/sensors/sllidar_ros2/sdk/src/sl_async_transceiver.cpp:44[m[K:
[1.671s] [01m[K/home/johan/mapping_sample_ros2/src/sensors/sllidar_ros2/sdk/src/sl_async_transceiver.h:[m[K In member function ‘[01m[Kvirtual void sl::internal::IAsyncProtocolCodec::onChannelError(u_result)[m[K’:
[1.671s] [01m[K/home/johan/mapping_sample_ros2/src/sensors/sllidar_ros2/sdk/src/sl_async_transceiver.h:90:41:[m[K [01;35m[Kwarning: [m[Kunused parameter ‘[01m[KerrCode[m[K’ [[01;35m[K-Wunused-parameter[m[K]
[1.672s]    90 |  virtual void   onChannelError([01;35m[Ku_result errCode[m[K) {}
[1.672s]       |                                [01;35m[K~~~~~~~~~^~~~~~~[m[K
[1.672s] [01m[K/home/johan/mapping_sample_ros2/src/sensors/sllidar_ros2/sdk/src/rplidar_driver.cpp:[m[K In member function ‘[01m[Ku_result rp::standalone::rplidar::RPlidarDriver::connect(const char*, _u32, _u32)[m[K’:
[1.672s] [01m[K/home/johan/mapping_sample_ros2/src/sensors/sllidar_ros2/sdk/src/rplidar_driver.cpp:67:77:[m[K [01;35m[Kwarning: [m[Kunused parameter ‘[01m[Kflag[m[K’ [[01;35m[K-Wunused-parameter[m[K]
[1.672s]    67 |     u_result RPlidarDriver::connect(const char *path, _u32 portOrBaud, [01;35m[K_u32 flag[m[K)
[1.672s]       |                                                                        [01;35m[K~~~~~^~~~[m[K
[1.672s] [01m[K/home/johan/mapping_sample_ros2/src/sensors/sllidar_ros2/sdk/src/rplidar_driver.cpp:[m[K In member function ‘[01m[Ku_result rp::standalone::rplidar::RPlidarDriver::reset(_u32)[m[K’:
[1.672s] [01m[K/home/johan/mapping_sample_ros2/src/sensors/sllidar_ros2/sdk/src/rplidar_driver.cpp:101:40:[m[K [01;35m[Kwarning: [m[Kunused parameter ‘[01m[Ktimeout[m[K’ [[01;35m[K-Wunused-parameter[m[K]
[1.673s]   101 |     u_result RPlidarDriver::reset([01;35m[K_u32 timeout[m[K)
[1.673s]       |                                   [01;35m[K~~~~~^~~~~~~[m[K
[1.674s] [01m[K/home/johan/mapping_sample_ros2/src/sensors/sllidar_ros2/sdk/src/rplidar_driver.cpp:[m[K In member function ‘[01m[Ku_result rp::standalone::rplidar::RPlidarDriver::getScanDataWithInterval(rplidar_response_measurement_node_t*, size_t&)[m[K’:
[1.674s] [01m[K/home/johan/mapping_sample_ros2/src/sensors/sllidar_ros2/sdk/src/rplidar_driver.cpp:180:91:[m[K [01;35m[Kwarning: [m[Kunused parameter ‘[01m[Knodebuffer[m[K’ [[01;35m[K-Wunused-parameter[m[K]
[1.674s]   180 |     u_result RPlidarDriver::getScanDataWithInterval([01;35m[Krplidar_response_measurement_node_t * nodebuffer[m[K, size_t & count)
[1.674s]       |                                                     [01;35m[K~~~~~~~~~~~~~~~~~~~~~~~~~~~~~~~~~~~~~~^~~~~~~~~~[m[K
[1.674s] [01m[K/home/johan/mapping_sample_ros2/src/sensors/sllidar_ros2/sdk/src/rplidar_driver.cpp:180:112:[m[K [01;35m[Kwarning: [m[Kunused parameter ‘[01m[Kcount[m[K’ [[01;35m[K-Wunused-parameter[m[K]
[1.674s]   180 |     u_result RPlidarDriver::getScanDataWithInterval(rplidar_response_measurement_node_t * nodebuffer, [01;35m[Ksize_t & count[m[K)
[1.674s]       |                                                                                                       [01;35m[K~~~~~~~~~^~~~~[m[K
[1.675s] In file included from [01m[K/home/johan/mapping_sample_ros2/src/sensors/sllidar_ros2/sdk/src/sl_lidar_driver.cpp:51[m[K:
[1.675s] [01m[K/home/johan/mapping_sample_ros2/src/sensors/sllidar_ros2/sdk/src/sl_async_transceiver.h:[m[K In member function ‘[01m[Kvirtual void sl::internal::IAsyncProtocolCodec::onChannelError(u_result)[m[K’:
[1.675s] [01m[K/home/johan/mapping_sample_ros2/src/sensors/sllidar_ros2/sdk/src/sl_async_transceiver.h:90:41:[m[K [01;35m[Kwarning: [m[Kunused parameter ‘[01m[KerrCode[m[K’ [[01;35m[K-Wunused-parameter[m[K]
[1.675s]    90 |  virtual void   onChannelError([01;35m[Ku_result errCode[m[K) {}
[1.675s]       |                                [01;35m[K~~~~~~~~~^~~~~~~[m[K
[1.704s] In file included from [01m[K/home/johan/mapping_sample_ros2/src/sensors/sllidar_ros2/./sdk/include/sl_lidar_cmd.h:41[m[K,
[1.704s]                  from [01m[K/home/johan/mapping_sample_ros2/src/sensors/sllidar_ros2/./sdk/include/sl_lidar_driver.h:54[m[K,
[1.704s]                  from [01m[K/home/johan/mapping_sample_ros2/src/sensors/sllidar_ros2/sdk/src/sl_udp_channel.cpp:33[m[K:
[1.705s] [01m[K/home/johan/mapping_sample_ros2/src/sensors/sllidar_ros2/./sdk/include/sl_lidar_protocol.h:66:16:[m[K [01;35m[Kwarning: [m[KISO C++ forbids zero-size array ‘[01m[Kdata[m[K’ [[01;35m[K-Wpedantic[m[K]
[1.705s]    66 |     sl_u8 data[[01;35m[K0[m[K];
[1.705s]       |                [01;35m[K^[m[K
[1.705s] In file included from [01m[K/home/johan/mapping_sample_ros2/src/sensors/sllidar_ros2/./sdk/include/sl_lidar_driver.h:54[m[K,
[1.705s]                  from [01m[K/home/johan/mapping_sample_ros2/src/sensors/sllidar_ros2/sdk/src/sl_udp_channel.cpp:33[m[K:
[1.705s] [01m[K/home/johan/mapping_sample_ros2/src/sensors/sllidar_ros2/./sdk/include/sl_lidar_cmd.h:324:20:[m[K [01;35m[Kwarning: [m[KISO C++ forbids zero-size array ‘[01m[Kpayload[m[K’ [[01;35m[K-Wpedantic[m[K]
[1.705s]   324 |     sl_u8  payload[[01;35m[K0[m[K];
[1.705s]       |                    [01;35m[K^[m[K
[1.706s] In file included from [01m[K/home/johan/mapping_sample_ros2/src/sensors/sllidar_ros2/sdk/src/dataunpacker/unpacker/handler_hqnode.cpp:40[m[K:
[1.706s] [01m[K/home/johan/mapping_sample_ros2/src/sensors/sllidar_ros2/sdk/src/dataunpacker/unpacker/../dataunpacker.h:[m[K In member function ‘[01m[Kvirtual void sl::internal::LIDARSampleDataListener::onCustomSampleDataDecoded(_u8, _u32, const void*, size_t)[m[K’:
[1.706s] [01m[K/home/johan/mapping_sample_ros2/src/sensors/sllidar_ros2/sdk/src/dataunpacker/unpacker/../dataunpacker.h:54:45:[m[K [01;35m[Kwarning: [m[Kunused parameter ‘[01m[KansType[m[K’ [[01;35m[K-Wunused-parameter[m[K]
[1.706s]    54 |  virtual void onCustomSampleDataDecoded([01;35m[K_u8 ansType[m[K, _u32 customCode, const void* data, size_t size) {}
[1.706s]       |                                         [01;35m[K~~~~^~~~~~~[m[K
[1.706s] [01m[K/home/johan/mapping_sample_ros2/src/sensors/sllidar_ros2/sdk/src/dataunpacker/unpacker/../dataunpacker.h:54:59:[m[K [01;35m[Kwarning: [m[Kunused parameter ‘[01m[KcustomCode[m[K’ [[01;35m[K-Wunused-parameter[m[K]
[1.706s]    54 |  virtual void onCustomSampleDataDecoded(_u8 ansType, [01;35m[K_u32 customCode[m[K, const void* data, size_t size) {}
[1.706s]       |                                                      [01;35m[K~~~~~^~~~~~~~~~[m[K
[1.706s] [01m[K/home/johan/mapping_sample_ros2/src/sensors/sllidar_ros2/sdk/src/dataunpacker/unpacker/../dataunpacker.h:54:83:[m[K [01;35m[Kwarning: [m[Kunused parameter ‘[01m[Kdata[m[K’ [[01;35m[K-Wunused-parameter[m[K]
[1.706s]    54 |  virtual void onCustomSampleDataDecoded(_u8 ansType, _u32 customCode, [01;35m[Kconst void* data[m[K, size_t size) {}
[1.706s]       |                                                                       [01;35m[K~~~~~~~~~~~~^~~~[m[K
[1.707s] [01m[K/home/johan/mapping_sample_ros2/src/sensors/sllidar_ros2/sdk/src/dataunpacker/unpacker/../dataunpacker.h:54:96:[m[K [01;35m[Kwarning: [m[Kunused parameter ‘[01m[Ksize[m[K’ [[01;35m[K-Wunused-parameter[m[K]
[1.707s]    54 |  virtual void onCustomSampleDataDecoded(_u8 ansType, _u32 customCode, const void* data, [01;35m[Ksize_t size[m[K) {}
[1.707s]       |                                                                                         [01;35m[K~~~~~~~^~~~[m[K
[1.707s] [01m[K/home/johan/mapping_sample_ros2/src/sensors/sllidar_ros2/sdk/src/dataunpacker/unpacker/../dataunpacker.h:[m[K In member function ‘[01m[Kvirtual void sl::internal::LIDARSampleDataListener::onDecodingError(int, _u8, const void*, size_t)[m[K’:
[1.707s] [01m[K/home/johan/mapping_sample_ros2/src/sensors/sllidar_ros2/sdk/src/dataunpacker/unpacker/../dataunpacker.h:56:35:[m[K [01;35m[Kwarning: [m[Kunused parameter ‘[01m[KerrMsg[m[K’ [[01;35m[K-Wunused-parameter[m[K]
[1.707s]    56 |  virtual void onDecodingError([01;35m[Kint errMsg[m[K, _u8 ansType, const void* payload, size_t size) {}
[1.707s]       |                               [01;35m[K~~~~^~~~~~[m[K
[1.707s] [01m[K/home/johan/mapping_sample_ros2/src/sensors/sllidar_ros2/sdk/src/dataunpacker/unpacker/../dataunpacker.h:56:47:[m[K [01;35m[Kwarning: [m[Kunused parameter ‘[01m[KansType[m[K’ [[01;35m[K-Wunused-parameter[m[K]
[1.707s]    56 |  virtual void onDecodingError(int errMsg, [01;35m[K_u8 ansType[m[K, const void* payload, size_t size) {}
[1.707s]       |                                           [01;35m[K~~~~^~~~~~~[m[K
[1.707s] [01m[K/home/johan/mapping_sample_ros2/src/sensors/sllidar_ros2/sdk/src/dataunpacker/unpacker/../dataunpacker.h:56:68:[m[K [01;35m[Kwarning: [m[Kunused parameter ‘[01m[Kpayload[m[K’ [[01;35m[K-Wunused-parameter[m[K]
[1.707s]    56 |  virtual void onDecodingError(int errMsg, _u8 ansType, [01;35m[Kconst void* payload[m[K, size_t size) {}
[1.707s]       |                                                        [01;35m[K~~~~~~~~~~~~^~~~~~~[m[K
[1.707s] [01m[K/home/johan/mapping_sample_ros2/src/sensors/sllidar_ros2/sdk/src/dataunpacker/unpacker/../dataunpacker.h:56:84:[m[K [01;35m[Kwarning: [m[Kunused parameter ‘[01m[Ksize[m[K’ [[01;35m[K-Wunused-parameter[m[K]
[1.707s]    56 |  virtual void onDecodingError(int errMsg, _u8 ansType, const void* payload, [01;35m[Ksize_t size[m[K) {}
[1.707s]       |                                                                             [01;35m[K~~~~~~~^~~~[m[K
[1.707s] [01m[K/home/johan/mapping_sample_ros2/src/sensors/sllidar_ros2/sdk/src/sl_udp_channel.cpp:[m[K In member function ‘[01m[Kvoid sl::UdpChannel::setStatus(_u32)[m[K’:
[1.707s] [01m[K/home/johan/mapping_sample_ros2/src/sensors/sllidar_ros2/sdk/src/sl_udp_channel.cpp:112:29:[m[K [01;35m[Kwarning: [m[Kunused parameter ‘[01m[Kflag[m[K’ [[01;35m[K-Wunused-parameter[m[K]
[1.708s]   112 |         void setStatus([01;35m[K_u32 flag[m[K){}
[1.708s]       |                        [01;35m[K~~~~~^~~~[m[K
[1.711s] [01m[K/home/johan/mapping_sample_ros2/src/sensors/sllidar_ros2/sdk/src/sl_lidar_driver.cpp:[m[K In member function ‘[01m[Kvirtual sl_result sl::SlamtecLidarDriver::reset(sl_u32)[m[K’:
[1.711s] [01m[K/home/johan/mapping_sample_ros2/src/sensors/sllidar_ros2/sdk/src/sl_lidar_driver.cpp:511:32:[m[K [01;35m[Kwarning: [m[Kunused parameter ‘[01m[KtimeoutInMs[m[K’ [[01;35m[K-Wunused-parameter[m[K]
[1.711s]   511 |         sl_result reset([01;35m[Ksl_u32 timeoutInMs = DEFAULT_TIMEOUT[m[K)
[1.711s]       |                         [01;35m[K~~~~~~~^~~~~~~~~~~~~~~~~~~~~~~~~~~~~[m[K
[1.715s] In file included from [01m[K/home/johan/mapping_sample_ros2/src/sensors/sllidar_ros2/sdk/src/dataunpacker/dataunpacker.cpp:40[m[K:
[1.715s] [01m[K/home/johan/mapping_sample_ros2/src/sensors/sllidar_ros2/sdk/src/dataunpacker/dataunpacker.h:[m[K In member function ‘[01m[Kvirtual void sl::internal::LIDARSampleDataListener::onCustomSampleDataDecoded(_u8, _u32, const void*, size_t)[m[K’:
[1.715s] [01m[K/home/johan/mapping_sample_ros2/src/sensors/sllidar_ros2/sdk/src/dataunpacker/dataunpacker.h:54:45:[m[K [01;35m[Kwarning: [m[Kunused parameter ‘[01m[KansType[m[K’ [[01;35m[K-Wunused-parameter[m[K]
[1.715s]    54 |  virtual void onCustomSampleDataDecoded([01;35m[K_u8 ansType[m[K, _u32 customCode, const void* data, size_t size) {}
[1.715s]       |                                         [01;35m[K~~~~^~~~~~~[m[K
[1.716s] [01m[K/home/johan/mapping_sample_ros2/src/sensors/sllidar_ros2/sdk/src/dataunpacker/dataunpacker.h:54:59:[m[K [01;35m[Kwarning: [m[Kunused parameter ‘[01m[KcustomCode[m[K’ [[01;35m[K-Wunused-parameter[m[K]
[1.716s]    54 |  virtual void onCustomSampleDataDecoded(_u8 ansType, [01;35m[K_u32 customCode[m[K, const void* data, size_t size) {}
[1.716s]       |                                                      [01;35m[K~~~~~^~~~~~~~~~[m[K
[1.716s] [01m[K/home/johan/mapping_sample_ros2/src/sensors/sllidar_ros2/sdk/src/dataunpacker/dataunpacker.h:54:83:[m[K [01;35m[Kwarning: [m[Kunused parameter ‘[01m[Kdata[m[K’ [[01;35m[K-Wunused-parameter[m[K]
[1.716s]    54 |  virtual void onCustomSampleDataDecoded(_u8 ansType, _u32 customCode, [01;35m[Kconst void* data[m[K, size_t size) {}
[1.716s]       |                                                                       [01;35m[K~~~~~~~~~~~~^~~~[m[K
[1.716s] [01m[K/home/johan/mapping_sample_ros2/src/sensors/sllidar_ros2/sdk/src/dataunpacker/dataunpacker.h:54:96:[m[K [01;35m[Kwarning: [m[Kunused parameter ‘[01m[Ksize[m[K’ [[01;35m[K-Wunused-parameter[m[K]
[1.716s]    54 |  virtual void onCustomSampleDataDecoded(_u8 ansType, _u32 customCode, const void* data, [01;35m[Ksize_t size[m[K) {}
[1.716s]       |                                                                                         [01;35m[K~~~~~~~^~~~[m[K
[1.716s] [01m[K/home/johan/mapping_sample_ros2/src/sensors/sllidar_ros2/sdk/src/dataunpacker/dataunpacker.h:[m[K In member function ‘[01m[Kvirtual void sl::internal::LIDARSampleDataListener::onDecodingError(int, _u8, const void*, size_t)[m[K’:
[1.716s] [01m[K/home/johan/mapping_sample_ros2/src/sensors/sllidar_ros2/sdk/src/dataunpacker/dataunpacker.h:56:35:[m[K [01;35m[Kwarning: [m[Kunused parameter ‘[01m[KerrMsg[m[K’ [[01;35m[K-Wunused-parameter[m[K]
[1.716s]    56 |  virtual void onDecodingError([01;35m[Kint errMsg[m[K, _u8 ansType, const void* payload, size_t size) {}
[1.716s]       |                               [01;35m[K~~~~^~~~~~[m[K
[1.716s] [01m[K/home/johan/mapping_sample_ros2/src/sensors/sllidar_ros2/sdk/src/dataunpacker/dataunpacker.h:56:47:[m[K [01;35m[Kwarning: [m[Kunused parameter ‘[01m[KansType[m[K’ [[01;35m[K-Wunused-parameter[m[K]
[1.716s]    56 |  virtual void onDecodingError(int errMsg, [01;35m[K_u8 ansType[m[K, const void* payload, size_t size) {}
[1.716s]       |                                           [01;35m[K~~~~^~~~~~~[m[K
[1.716s] [01m[K/home/johan/mapping_sample_ros2/src/sensors/sllidar_ros2/sdk/src/dataunpacker/dataunpacker.h:56:68:[m[K [01;35m[Kwarning: [m[Kunused parameter ‘[01m[Kpayload[m[K’ [[01;35m[K-Wunused-parameter[m[K]
[1.716s]    56 |  virtual void onDecodingError(int errMsg, _u8 ansType, [01;35m[Kconst void* payload[m[K, size_t size) {}
[1.717s]       |                                                        [01;35m[K~~~~~~~~~~~~^~~~~~~[m[K
[1.717s] [01m[K/home/johan/mapping_sample_ros2/src/sensors/sllidar_ros2/sdk/src/dataunpacker/dataunpacker.h:56:84:[m[K [01;35m[Kwarning: [m[Kunused parameter ‘[01m[Ksize[m[K’ [[01;35m[K-Wunused-parameter[m[K]
[1.717s]    56 |  virtual void onDecodingError(int errMsg, _u8 ansType, const void* payload, [01;35m[Ksize_t size[m[K) {}
[1.717s]       |                                                                             [01;35m[K~~~~~~~^~~~[m[K
[1.717s] [01m[K/home/johan/mapping_sample_ros2/src/sensors/sllidar_ros2/sdk/src/sl_lidar_driver.cpp:[m[K In member function ‘[01m[Kvirtual sl_result sl::SlamtecLidarDriver::startScan(bool, bool, sl_u32, sl::LidarScanMode*)[m[K’:
[1.717s] [01m[K/home/johan/mapping_sample_ros2/src/sensors/sllidar_ros2/sdk/src/sl_lidar_driver.cpp:586:69:[m[K [01;35m[Kwarning: [m[Kunused parameter ‘[01m[Koptions[m[K’ [[01;35m[K-Wunused-parameter[m[K]
[1.717s]   586 |         sl_result startScan(bool force, bool useTypicalScan, [01;35m[Ksl_u32 options = 0[m[K, LidarScanMode* outUsedScanMode = nullptr)
[1.717s]       |                                                              [01;35m[K~~~~~~~^~~~~~~~~~~[m[K
[1.719s] [01m[K/home/johan/mapping_sample_ros2/src/sensors/sllidar_ros2/sdk/src/sl_lidar_driver.cpp:[m[K In member function ‘[01m[Kvirtual sl_result sl::SlamtecLidarDriver::stop(sl_u32)[m[K’:
[1.719s] [01m[K/home/johan/mapping_sample_ros2/src/sensors/sllidar_ros2/sdk/src/sl_lidar_driver.cpp:763:31:[m[K [01;35m[Kwarning: [m[Kunused parameter ‘[01m[Ktimeout[m[K’ [[01;35m[K-Wunused-parameter[m[K]
[1.719s]   763 |         sl_result stop([01;35m[Ksl_u32 timeout = DEFAULT_TIMEOUT[m[K)
[1.719s]       |                        [01;35m[K~~~~~~~^~~~~~~~~~~~~~~~~~~~~~~~~[m[K
[1.722s] [01m[K/home/johan/mapping_sample_ros2/src/sensors/sllidar_ros2/sdk/src/sl_lidar_driver.cpp:[m[K In member function ‘[01m[Kvirtual sl_result sl::SlamtecLidarDriver::getFrequency(const sl::LidarScanMode&, const sl_lidar_response_measurement_node_hq_t*, size_t, float&)[m[K’:
[1.722s] [01m[K/home/johan/mapping_sample_ros2/src/sensors/sllidar_ros2/sdk/src/sl_lidar_driver.cpp:880:110:[m[K [01;35m[Kwarning: [m[Kunused parameter ‘[01m[Knodes[m[K’ [[01;35m[K-Wunused-parameter[m[K]
[1.722s]   880 |         sl_result getFrequency(const LidarScanMode& scanMode, [01;35m[Kconst sl_lidar_response_measurement_node_hq_t* nodes[m[K, size_t count, float& frequency)
[1.722s]       |                                                               [01;35m[K~~~~~~~~~~~~~~~~~~~~~~~~~~~~~~~~~~~~~~~~~~~~~~~^~~~~[m[K
[1.724s] In file included from [01m[K/home/johan/mapping_sample_ros2/src/sensors/sllidar_ros2/sdk/src/dataunpacker/unpacker/handler_normalnode.cpp:40[m[K:
[1.724s] [01m[K/home/johan/mapping_sample_ros2/src/sensors/sllidar_ros2/sdk/src/dataunpacker/unpacker/../dataunpacker.h:[m[K In member function ‘[01m[Kvirtual void sl::internal::LIDARSampleDataListener::onCustomSampleDataDecoded(_u8, _u32, const void*, size_t)[m[K’:
[1.724s] [01m[K/home/johan/mapping_sample_ros2/src/sensors/sllidar_ros2/sdk/src/dataunpacker/unpacker/../dataunpacker.h:54:45:[m[K [01;35m[Kwarning: [m[Kunused parameter ‘[01m[KansType[m[K’ [[01;35m[K-Wunused-parameter[m[K]
[1.725s]    54 |  virtual void onCustomSampleDataDecoded([01;35m[K_u8 ansType[m[K, _u32 customCode, const void* data, size_t size) {}
[1.725s]       |                                         [01;35m[K~~~~^~~~~~~[m[K
[1.725s] [01m[K/home/johan/mapping_sample_ros2/src/sensors/sllidar_ros2/sdk/src/dataunpacker/unpacker/../dataunpacker.h:54:59:[m[K [01;35m[Kwarning: [m[Kunused parameter ‘[01m[KcustomCode[m[K’ [[01;35m[K-Wunused-parameter[m[K]
[1.725s]    54 |  virtual void onCustomSampleDataDecoded(_u8 ansType, [01;35m[K_u32 customCode[m[K, const void* data, size_t size) {}
[1.725s]       |                                                      [01;35m[K~~~~~^~~~~~~~~~[m[K
[1.725s] [01m[K/home/johan/mapping_sample_ros2/src/sensors/sllidar_ros2/sdk/src/dataunpacker/unpacker/../dataunpacker.h:54:83:[m[K [01;35m[Kwarning: [m[Kunused parameter ‘[01m[Kdata[m[K’ [[01;35m[K-Wunused-parameter[m[K]
[1.725s]    54 |  virtual void onCustomSampleDataDecoded(_u8 ansType, _u32 customCode, [01;35m[Kconst void* data[m[K, size_t size) {}
[1.725s]       |                                                                       [01;35m[K~~~~~~~~~~~~^~~~[m[K
[1.725s] [01m[K/home/johan/mapping_sample_ros2/src/sensors/sllidar_ros2/sdk/src/dataunpacker/unpacker/../dataunpacker.h:54:96:[m[K [01;35m[Kwarning: [m[Kunused parameter ‘[01m[Ksize[m[K’ [[01;35m[K-Wunused-parameter[m[K]
[1.725s]    54 |  virtual void onCustomSampleDataDecoded(_u8 ansType, _u32 customCode, const void* data, [01;35m[Ksize_t size[m[K) {}
[1.725s]       |                                                                                         [01;35m[K~~~~~~~^~~~[m[K
[1.725s] [01m[K/home/johan/mapping_sample_ros2/src/sensors/sllidar_ros2/sdk/src/dataunpacker/unpacker/../dataunpacker.h:[m[K In member function ‘[01m[Kvirtual void sl::internal::LIDARSampleDataListener::onDecodingError(int, _u8, const void*, size_t)[m[K’:
[1.725s] [01m[K/home/johan/mapping_sample_ros2/src/sensors/sllidar_ros2/sdk/src/dataunpacker/unpacker/../dataunpacker.h:56:35:[m[K [01;35m[Kwarning: [m[Kunused parameter ‘[01m[KerrMsg[m[K’ [[01;35m[K-Wunused-parameter[m[K]
[1.725s]    56 |  virtual void onDecodingError([01;35m[Kint errMsg[m[K, _u8 ansType, const void* payload, size_t size) {}
[1.725s]       |                               [01;35m[K~~~~^~~~~~[m[K
[1.725s] [01m[K/home/johan/mapping_sample_ros2/src/sensors/sllidar_ros2/sdk/src/dataunpacker/unpacker/../dataunpacker.h:56:47:[m[K [01;35m[Kwarning: [m[Kunused parameter ‘[01m[KansType[m[K’ [[01;35m[K-Wunused-parameter[m[K]
[1.725s]    56 |  virtual void onDecodingError(int errMsg, [01;35m[K_u8 ansType[m[K, const void* payload, size_t size) {}
[1.725s]       |                                           [01;35m[K~~~~^~~~~~~[m[K
[1.726s] [01m[K/home/johan/mapping_sample_ros2/src/sensors/sllidar_ros2/sdk/src/dataunpacker/unpacker/../dataunpacker.h:56:68:[m[K [01;35m[Kwarning: [m[Kunused parameter ‘[01m[Kpayload[m[K’ [[01;35m[K-Wunused-parameter[m[K]
[1.726s]    56 |  virtual void onDecodingError(int errMsg, _u8 ansType, [01;35m[Kconst void* payload[m[K, size_t size) {}
[1.726s]       |                                                        [01;35m[K~~~~~~~~~~~~^~~~~~~[m[K
[1.726s] [01m[K/home/johan/mapping_sample_ros2/src/sensors/sllidar_ros2/sdk/src/dataunpacker/unpacker/../dataunpacker.h:56:84:[m[K [01;35m[Kwarning: [m[Kunused parameter ‘[01m[Ksize[m[K’ [[01;35m[K-Wunused-parameter[m[K]
[1.726s]    56 |  virtual void onDecodingError(int errMsg, _u8 ansType, const void* payload, [01;35m[Ksize_t size[m[K) {}
[1.726s]       |                                                                             [01;35m[K~~~~~~~^~~~[m[K
[1.726s] [01m[K/home/johan/mapping_sample_ros2/src/sensors/sllidar_ros2/sdk/src/sl_lidar_driver.cpp:[m[K In member function ‘[01m[Kvirtual sl_result sl::SlamtecLidarDriver::getMotorInfo(sl::LidarMotorInfo&, sl_u32)[m[K’:
[1.726s] [01m[K/home/johan/mapping_sample_ros2/src/sensors/sllidar_ros2/sdk/src/sl_lidar_driver.cpp:1023:66:[m[K [01;35m[Kwarning: [m[Kunused parameter ‘[01m[KtimeoutInMs[m[K’ [[01;35m[K-Wunused-parameter[m[K]
[1.726s]  1023 |         sl_result getMotorInfo(LidarMotorInfo &motorInfo, [01;35m[Ksl_u32 timeoutInMs[m[K)
[1.726s]       |                                                           [01;35m[K~~~~~~~^~~~~~~~~~~[m[K
[1.727s] [01m[K/home/johan/mapping_sample_ros2/src/sensors/sllidar_ros2/sdk/src/sl_lidar_driver.cpp:[m[K In member function ‘[01m[Ku_result sl::SlamtecLidarDriver::getScanModeCount(sl_u16&, sl_u32)[m[K’:
[1.727s] [01m[K/home/johan/mapping_sample_ros2/src/sensors/sllidar_ros2/sdk/src/sl_lidar_driver.cpp:1199:61:[m[K [01;35m[Kwarning: [m[Kunused parameter ‘[01m[KtimeoutInMs[m[K’ [[01;35m[K-Wunused-parameter[m[K]
[1.727s]  1199 |         u_result getScanModeCount(sl_u16& modeCount, [01;35m[Ksl_u32 timeoutInMs = DEFAULT_TIMEOUT[m[K)
[1.727s]       |                                                      [01;35m[K~~~~~~~^~~~~~~~~~~~~~~~~~~~~~~~~~~~~[m[K
[1.733s] In file included from [01m[K/home/johan/mapping_sample_ros2/src/sensors/sllidar_ros2/sdk/src/dataunpacker/unpacker/handler_capsules.cpp:40[m[K:
[1.733s] [01m[K/home/johan/mapping_sample_ros2/src/sensors/sllidar_ros2/sdk/src/dataunpacker/unpacker/../dataunpacker.h:[m[K In member function ‘[01m[Kvirtual void sl::internal::LIDARSampleDataListener::onCustomSampleDataDecoded(_u8, _u32, const void*, size_t)[m[K’:
[1.733s] [01m[K/home/johan/mapping_sample_ros2/src/sensors/sllidar_ros2/sdk/src/dataunpacker/unpacker/../dataunpacker.h:54:45:[m[K [01;35m[Kwarning: [m[Kunused parameter ‘[01m[KansType[m[K’ [[01;35m[K-Wunused-parameter[m[K]
[1.733s]    54 |  virtual void onCustomSampleDataDecoded([01;35m[K_u8 ansType[m[K, _u32 customCode, const void* data, size_t size) {}
[1.733s]       |                                         [01;35m[K~~~~^~~~~~~[m[K
[1.733s] [01m[K/home/johan/mapping_sample_ros2/src/sensors/sllidar_ros2/sdk/src/dataunpacker/unpacker/../dataunpacker.h:54:59:[m[K [01;35m[Kwarning: [m[Kunused parameter ‘[01m[KcustomCode[m[K’ [[01;35m[K-Wunused-parameter[m[K]
[1.733s]    54 |  virtual void onCustomSampleDataDecoded(_u8 ansType, [01;35m[K_u32 customCode[m[K, const void* data, size_t size) {}
[1.733s]       |                                                      [01;35m[K~~~~~^~~~~~~~~~[m[K
[1.734s] [01m[K/home/johan/mapping_sample_ros2/src/sensors/sllidar_ros2/sdk/src/dataunpacker/unpacker/../dataunpacker.h:54:83:[m[K [01;35m[Kwarning: [m[Kunused parameter ‘[01m[Kdata[m[K’ [[01;35m[K-Wunused-parameter[m[K]
[1.734s]    54 |  virtual void onCustomSampleDataDecoded(_u8 ansType, _u32 customCode, [01;35m[Kconst void* data[m[K, size_t size) {}
[1.734s]       |                                                                       [01;35m[K~~~~~~~~~~~~^~~~[m[K
[1.734s] [01m[K/home/johan/mapping_sample_ros2/src/sensors/sllidar_ros2/sdk/src/dataunpacker/unpacker/../dataunpacker.h:54:96:[m[K [01;35m[Kwarning: [m[Kunused parameter ‘[01m[Ksize[m[K’ [[01;35m[K-Wunused-parameter[m[K]
[1.734s]    54 |  virtual void onCustomSampleDataDecoded(_u8 ansType, _u32 customCode, const void* data, [01;35m[Ksize_t size[m[K) {}
[1.734s]       |                                                                                         [01;35m[K~~~~~~~^~~~[m[K
[1.734s] [01m[K/home/johan/mapping_sample_ros2/src/sensors/sllidar_ros2/sdk/src/dataunpacker/unpacker/../dataunpacker.h:[m[K In member function ‘[01m[Kvirtual void sl::internal::LIDARSampleDataListener::onDecodingError(int, _u8, const void*, size_t)[m[K’:
[1.734s] [01m[K/home/johan/mapping_sample_ros2/src/sensors/sllidar_ros2/sdk/src/dataunpacker/unpacker/../dataunpacker.h:56:35:[m[K [01;35m[Kwarning: [m[Kunused parameter ‘[01m[KerrMsg[m[K’ [[01;35m[K-Wunused-parameter[m[K]
[1.734s]    56 |  virtual void onDecodingError([01;35m[Kint errMsg[m[K, _u8 ansType, const void* payload, size_t size) {}
[1.734s]       |                               [01;35m[K~~~~^~~~~~[m[K
[1.734s] [01m[K/home/johan/mapping_sample_ros2/src/sensors/sllidar_ros2/sdk/src/dataunpacker/unpacker/../dataunpacker.h:56:47:[m[K [01;35m[Kwarning: [m[Kunused parameter ‘[01m[KansType[m[K’ [[01;35m[K-Wunused-parameter[m[K]
[1.734s]    56 |  virtual void onDecodingError(int errMsg, [01;35m[K_u8 ansType[m[K, const void* payload, size_t size) {}
[1.734s]       |                                           [01;35m[K~~~~^~~~~~~[m[K
[1.734s] [01m[K/home/johan/mapping_sample_ros2/src/sensors/sllidar_ros2/sdk/src/dataunpacker/unpacker/../dataunpacker.h:56:68:[m[K [01;35m[Kwarning: [m[Kunused parameter ‘[01m[Kpayload[m[K’ [[01;35m[K-Wunused-parameter[m[K]
[1.734s]    56 |  virtual void onDecodingError(int errMsg, _u8 ansType, [01;35m[Kconst void* payload[m[K, size_t size) {}
[1.734s]       |                                                        [01;35m[K~~~~~~~~~~~~^~~~~~~[m[K
[1.734s] [01m[K/home/johan/mapping_sample_ros2/src/sensors/sllidar_ros2/sdk/src/dataunpacker/unpacker/../dataunpacker.h:56:84:[m[K [01;35m[Kwarning: [m[Kunused parameter ‘[01m[Ksize[m[K’ [[01;35m[K-Wunused-parameter[m[K]
[1.734s]    56 |  virtual void onDecodingError(int errMsg, _u8 ansType, const void* payload, [01;35m[Ksize_t size[m[K) {}
[1.734s]       |                                                                             [01;35m[K~~~~~~~^~~~[m[K
[1.747s] [01m[K/home/johan/mapping_sample_ros2/src/sensors/sllidar_ros2/sdk/src/dataunpacker/unpacker/handler_capsules.cpp:[m[K In member function ‘[01m[Kvoid sl::internal::unpacker::UnpackerHandler_DenseCapsuleNode::_onScanNodeDenseCapsuleData(rplidar_response_dense_capsule_measurement_nodes_t&, sl::internal::LIDARSampleDataUnpackerInner*)[m[K’:
[1.747s] [01m[K/home/johan/mapping_sample_ros2/src/sensors/sllidar_ros2/sdk/src/dataunpacker/unpacker/handler_capsules.cpp:763:108:[m[K [01;35m[Kwarning: [m[Ktype qualifiers ignored on cast result type [[01;35m[K-Wignored-qualifiers[m[K]
[1.747s]   763 |             const int dist = static_cast<const int>(_cached_previous_dense_capsuledata.cabins[pos].distance[01;35m[K)[m[K;
[1.747s]       |                                                                                                            [01;35m[K^[m[K
[1.762s] /home/johan/mapping_sample_ros2/src/sensors/sllidar_ros2/sdk/src/sl_lidar_driver.cpp: In instantiation of ‘[01m[Kvoid sl::RawSampleNodeHolder<T>::pushNode(_u64, const T*) [with T = sl_lidar_response_measurement_node_hq_t; _u64 = long unsigned int][m[K’:
[1.762s] [01m[K/home/johan/mapping_sample_ros2/src/sensors/sllidar_ros2/sdk/src/sl_lidar_driver.cpp:1648:61:[m[K   required from here
[1.762s] [01m[K/home/johan/mapping_sample_ros2/src/sensors/sllidar_ros2/sdk/src/sl_lidar_driver.cpp:202:28:[m[K [01;35m[Kwarning: [m[Kunused parameter ‘[01m[Ktimestamp_uS[m[K’ [[01;35m[K-Wunused-parameter[m[K]
[1.762s]   202 |         void pushNode([01;35m[K_u64 timestamp_uS[m[K, const T* node)
[1.762s]       |                       [01;35m[K~~~~~^~~~~~~~~~~~[m[K
[1.841s] [01m[K/home/johan/mapping_sample_ros2/src/sensors/sllidar_ros2/sdk/src/sl_lidar_driver.cpp:[m[K At global scope:
[1.841s] [01m[K/home/johan/mapping_sample_ros2/src/sensors/sllidar_ros2/sdk/src/sl_lidar_driver.cpp:83:17:[m[K [01;35m[Kwarning: [m[K‘[01m[Kvoid sl::convert(const sl_lidar_response_measurement_node_hq_t&, sl_lidar_response_measurement_node_t&)[m[K’ defined but not used [[01;35m[K-Wunused-function[m[K]
[1.841s]    83 |     static void [01;35m[Kconvert[m[K(const sl_lidar_response_measurement_node_hq_t& from, sl_lidar_response_measurement_node_t& to)
[1.841s]       |                 [01;35m[K^~~~~~~[m[K
[1.841s] [01m[K/home/johan/mapping_sample_ros2/src/sensors/sllidar_ros2/sdk/src/sl_lidar_driver.cpp:75:17:[m[K [01;35m[Kwarning: [m[K‘[01m[Kvoid sl::convert(const sl_lidar_response_measurement_node_t&, sl_lidar_response_measurement_node_hq_t&)[m[K’ defined but not used [[01;35m[K-Wunused-function[m[K]
[1.841s]    75 |     static void [01;35m[Kconvert[m[K(const sl_lidar_response_measurement_node_t& from, sl_lidar_response_measurement_node_hq_t& to)
[1.841s]       |                 [01;35m[K^~~~~~~[m[K
[1.841s] [01m[K/home/johan/mapping_sample_ros2/src/sensors/sllidar_ros2/sdk/src/sl_lidar_driver.cpp:70:17:[m[K [01;35m[Kwarning: [m[K‘[01m[Kvoid sl::printDeprecationWarn(const char*, const char*)[m[K’ defined but not used [[01;35m[K-Wunused-function[m[K]
[1.841s]    70 |     static void [01;35m[KprintDeprecationWarn[m[K(const char* fn, const char* replacement)
[1.842s]       |                 [01;35m[K^~~~~~~~~~~~~~~~~~~~[m[K
[2.191s] In file included from [01m[K/home/johan/mapping_sample_ros2/src/sensors/sllidar_ros2/./sdk/include/sl_lidar_cmd.h:41[m[K,
[2.191s]                  from [01m[K/home/johan/mapping_sample_ros2/src/sensors/sllidar_ros2/./sdk/include/sl_lidar_driver.h:54[m[K,
[2.191s]                  from [01m[K/home/johan/mapping_sample_ros2/src/sensors/sllidar_ros2/./sdk/include/sl_lidar.h:36[m[K,
[2.191s]                  from [01m[K/home/johan/mapping_sample_ros2/src/sensors/sllidar_ros2/src/sllidar_node.cpp:38[m[K:
[2.192s] [01m[K/home/johan/mapping_sample_ros2/src/sensors/sllidar_ros2/./sdk/include/sl_lidar_protocol.h:66:16:[m[K [01;35m[Kwarning: [m[KISO C++ forbids zero-size array ‘[01m[Kdata[m[K’ [[01;35m[K-Wpedantic[m[K]
[2.192s]    66 |     sl_u8 data[[01;35m[K0[m[K];
[2.192s]       |                [01;35m[K^[m[K
[2.192s] In file included from [01m[K/home/johan/mapping_sample_ros2/src/sensors/sllidar_ros2/./sdk/include/sl_lidar_driver.h:54[m[K,
[2.192s]                  from [01m[K/home/johan/mapping_sample_ros2/src/sensors/sllidar_ros2/./sdk/include/sl_lidar.h:36[m[K,
[2.192s]                  from [01m[K/home/johan/mapping_sample_ros2/src/sensors/sllidar_ros2/src/sllidar_node.cpp:38[m[K:
[2.192s] [01m[K/home/johan/mapping_sample_ros2/src/sensors/sllidar_ros2/./sdk/include/sl_lidar_cmd.h:324:20:[m[K [01;35m[Kwarning: [m[KISO C++ forbids zero-size array ‘[01m[Kpayload[m[K’ [[01;35m[K-Wpedantic[m[K]
[2.192s]   324 |     sl_u8  payload[[01;35m[K0[m[K];
[2.192s]       |                    [01;35m[K^[m[K
[3.598s] [ 95%] [32m[1mLinking CXX executable sllidar_node[0m
[3.742s] [ 95%] Built target sllidar_node
[4.301s] [100%] [32m[1mLinking CXX executable sllidar_client[0m
[4.447s] [100%] Built target sllidar_client
[4.477s] Invoked command in '/home/johan/mapping_sample_ros2/build/sllidar_ros2' returned '0': CMAKE_PREFIX_PATH=${CMAKE_PREFIX_PATH}:/opt/ros/foxy /usr/bin/cmake --build /home/johan/mapping_sample_ros2/build/sllidar_ros2 -- -j16 -l16
[4.577s] Invoking command in '/home/johan/mapping_sample_ros2/build/sllidar_ros2': CMAKE_PREFIX_PATH=${CMAKE_PREFIX_PATH}:/opt/ros/foxy /usr/bin/cmake --install /home/johan/mapping_sample_ros2/build/sllidar_ros2
[4.584s] -- Install configuration: ""
[4.584s] -- Installing: /home/johan/mapping_sample_ros2/install/sllidar_ros2/share/sllidar_ros2/launch
[4.584s] -- Installing: /home/johan/mapping_sample_ros2/install/sllidar_ros2/share/sllidar_ros2/launch/sllidar_s2_launch.py
[4.584s] -- Installing: /home/johan/mapping_sample_ros2/install/sllidar_ros2/share/sllidar_ros2/launch/view_sllidar_s2_launch.py
[4.584s] -- Installing: /home/johan/mapping_sample_ros2/install/sllidar_ros2/share/sllidar_ros2/rviz
[4.584s] -- Installing: /home/johan/mapping_sample_ros2/install/sllidar_ros2/share/sllidar_ros2/rviz/sllidar_ros2.rviz
[4.584s] -- Installing: /home/johan/mapping_sample_ros2/install/sllidar_ros2/lib/sllidar_ros2/sllidar_node
[4.585s] -- Set runtime path of "/home/johan/mapping_sample_ros2/install/sllidar_ros2/lib/sllidar_ros2/sllidar_node" to ""
[4.585s] -- Installing: /home/johan/mapping_sample_ros2/install/sllidar_ros2/lib/sllidar_ros2/sllidar_client
[4.586s] -- Set runtime path of "/home/johan/mapping_sample_ros2/install/sllidar_ros2/lib/sllidar_ros2/sllidar_client" to ""
[4.586s] -- Installing: /home/johan/mapping_sample_ros2/install/sllidar_ros2/share/ament_index/resource_index/package_run_dependencies/sllidar_ros2
[4.586s] -- Installing: /home/johan/mapping_sample_ros2/install/sllidar_ros2/share/ament_index/resource_index/parent_prefix_path/sllidar_ros2
[4.586s] -- Installing: /home/johan/mapping_sample_ros2/install/sllidar_ros2/share/sllidar_ros2/environment/ament_prefix_path.sh
[4.586s] -- Installing: /home/johan/mapping_sample_ros2/install/sllidar_ros2/share/sllidar_ros2/environment/ament_prefix_path.dsv
[4.586s] -- Installing: /home/johan/mapping_sample_ros2/install/sllidar_ros2/share/sllidar_ros2/environment/path.sh
[4.586s] -- Installing: /home/johan/mapping_sample_ros2/install/sllidar_ros2/share/sllidar_ros2/environment/path.dsv
[4.586s] -- Installing: /home/johan/mapping_sample_ros2/install/sllidar_ros2/share/sllidar_ros2/local_setup.bash
[4.586s] -- Installing: /home/johan/mapping_sample_ros2/install/sllidar_ros2/share/sllidar_ros2/local_setup.sh
[4.586s] -- Installing: /home/johan/mapping_sample_ros2/install/sllidar_ros2/share/sllidar_ros2/local_setup.zsh
[4.586s] -- Installing: /home/johan/mapping_sample_ros2/install/sllidar_ros2/share/sllidar_ros2/local_setup.dsv
[4.586s] -- Installing: /home/johan/mapping_sample_ros2/install/sllidar_ros2/share/sllidar_ros2/package.dsv
[4.586s] -- Installing: /home/johan/mapping_sample_ros2/install/sllidar_ros2/share/ament_index/resource_index/packages/sllidar_ros2
[4.586s] -- Installing: /home/johan/mapping_sample_ros2/install/sllidar_ros2/share/sllidar_ros2/cmake/ament_cmake_export_dependencies-extras.cmake
[4.586s] -- Installing: /home/johan/mapping_sample_ros2/install/sllidar_ros2/share/sllidar_ros2/cmake/ament_cmake_export_include_directories-extras.cmake
[4.586s] -- Installing: /home/johan/mapping_sample_ros2/install/sllidar_ros2/share/sllidar_ros2/cmake/sllidar_ros2Config.cmake
[4.586s] -- Installing: /home/johan/mapping_sample_ros2/install/sllidar_ros2/share/sllidar_ros2/cmake/sllidar_ros2Config-version.cmake
[4.586s] -- Installing: /home/johan/mapping_sample_ros2/install/sllidar_ros2/share/sllidar_ros2/package.xml
[4.588s] Invoked command in '/home/johan/mapping_sample_ros2/build/sllidar_ros2' returned '0': CMAKE_PREFIX_PATH=${CMAKE_PREFIX_PATH}:/opt/ros/foxy /usr/bin/cmake --install /home/johan/mapping_sample_ros2/build/sllidar_ros2
