[01m[K/home/johan/mapping_sample_ros2/src/sensors/fdilink_ahrs_ROS2/src/ahrs_driver.cpp:[m[K In member function ‘[01m[Kvoid FDILink::ahrsBringup::processLoop()[m[K’:
[01m[K/home/johan/mapping_sample_ros2/src/sensors/fdilink_ahrs_ROS2/src/ahrs_driver.cpp:164:14:[m[K [01;35m[Kwarning: [m[Kunused variable ‘[01m[Kground_sn_s[m[K’ [[01;35m[K-Wunused-variable[m[K]
  164 |       size_t [01;35m[Kground_sn_s[m[K = serial_.read(ground_sn, 1);
      |              [01;35m[K^~~~~~~~~~~[m[K
[01m[K/home/johan/mapping_sample_ros2/src/sensors/fdilink_ahrs_ROS2/src/ahrs_driver.cpp:189:14:[m[K [01;35m[Kwarning: [m[Kunused variable ‘[01m[Kground_ignore_s[m[K’ [[01;35m[K-Wunused-variable[m[K]
  189 |       size_t [01;35m[Kground_ignore_s[m[K = serial_.read(ground_ignore, (check_len[0] + 4));
      |              [01;35m[K^~~~~~~~~~~~~~~[m[K
[01m[K/home/johan/mapping_sample_ros2/src/sensors/fdilink_ahrs_ROS2/src/ahrs_driver.cpp:307:14:[m[K [01;35m[Kwarning: [m[Kunused variable ‘[01m[Kdata_s[m[K’ [[01;35m[K-Wunused-variable[m[K]
  307 |       size_t [01;35m[Kdata_s[m[K = serial_.read(imu_frame_.read_buf.read_msg, (IMU_LEN + 1));  // 48+1
      |              [01;35m[K^~~~~~[m[K
[01m[K/home/johan/mapping_sample_ros2/src/sensors/fdilink_ahrs_ROS2/src/ahrs_driver.cpp:342:14:[m[K [01;35m[Kwarning: [m[Kunused variable ‘[01m[Kdata_s[m[K’ [[01;35m[K-Wunused-variable[m[K]
  342 |       size_t [01;35m[Kdata_s[m[K = serial_.read(ahrs_frame_.read_buf.read_msg, (AHRS_LEN + 1));  // 48+1
      |              [01;35m[K^~~~~~[m[K
[01m[K/home/johan/mapping_sample_ros2/src/sensors/fdilink_ahrs_ROS2/src/ahrs_driver.cpp:377:14:[m[K [01;35m[Kwarning: [m[Kunused variable ‘[01m[Kdata_s[m[K’ [[01;35m[K-Wunused-variable[m[K]
  377 |       size_t [01;35m[Kdata_s[m[K = serial_.read(insgps_frame_.read_buf.read_msg, (INSGPS_LEN + 1));  // 48+1
      |              [01;35m[K^~~~~~[m[K
[01m[K/home/johan/mapping_sample_ros2/src/sensors/fdilink_ahrs_ROS2/src/ahrs_driver.cpp:412:14:[m[K [01;35m[Kwarning: [m[Kunused variable ‘[01m[Kdata_s[m[K’ [[01;35m[K-Wunused-variable[m[K]
  412 |       size_t [01;35m[Kdata_s[m[K = serial_.read(Geodetic_Position_frame_.read_buf.read_msg, (GEODETIC_POS_LEN + 1));  // 24+1
      |              [01;35m[K^~~~~~[m[K
[01m[K/home/johan/mapping_sample_ros2/src/sensors/fdilink_ahrs_ROS2/src/ahrs_driver.cpp:459:26:[m[K [01;35m[Kwarning: [m[Kvariable ‘[01m[Kq_xiao_rr[m[K’ set but not used [[01;35m[K-Wunused-but-set-variable[m[K]
  459 |       Eigen::Quaterniond [01;35m[Kq_xiao_rr[m[K = Eigen::AngleAxisd(PI / 2, Eigen::Vector3d::UnitZ()) *
      |                          [01;35m[K^~~~~~~~~[m[K
[01m[K/home/johan/mapping_sample_ros2/src/sensors/fdilink_ahrs_ROS2/src/ahrs_driver.cpp:122:12:[m[K [01;35m[Kwarning: [m[Kunused variable ‘[01m[Ktype_s[m[K’ [[01;35m[K-Wunused-variable[m[K]
  122 |     size_t [01;35m[Ktype_s[m[K = serial_.read(head_type, 1);
      |            [01;35m[K^~~~~~[m[K
[01m[K/home/johan/mapping_sample_ros2/src/sensors/fdilink_ahrs_ROS2/src/ahrs_driver.cpp:136:12:[m[K [01;35m[Kwarning: [m[Kunused variable ‘[01m[Klen_s[m[K’ [[01;35m[K-Wunused-variable[m[K]
  136 |     size_t [01;35m[Klen_s[m[K = serial_.read(check_len, 1);
      |            [01;35m[K^~~~~[m[K
[01m[K/home/johan/mapping_sample_ros2/src/sensors/fdilink_ahrs_ROS2/src/ahrs_driver.cpp:194:12:[m[K [01;35m[Kwarning: [m[Kunused variable ‘[01m[Ksn_s[m[K’ [[01;35m[K-Wunused-variable[m[K]
  194 |     size_t [01;35m[Ksn_s[m[K = serial_.read(check_sn, 1);
      |            [01;35m[K^~~~[m[K
[01m[K/home/johan/mapping_sample_ros2/src/sensors/fdilink_ahrs_ROS2/src/ahrs_driver.cpp:196:12:[m[K [01;35m[Kwarning: [m[Kunused variable ‘[01m[Kcrc8_s[m[K’ [[01;35m[K-Wunused-variable[m[K]
  196 |     size_t [01;35m[Kcrc8_s[m[K = serial_.read(head_crc8, 1);
      |            [01;35m[K^~~~~~[m[K
[01m[K/home/johan/mapping_sample_ros2/src/sensors/fdilink_ahrs_ROS2/src/ahrs_driver.cpp:199:12:[m[K [01;35m[Kwarning: [m[Kunused variable ‘[01m[Kcrc16_H_s[m[K’ [[01;35m[K-Wunused-variable[m[K]
  199 |     size_t [01;35m[Kcrc16_H_s[m[K = serial_.read(head_crc16_H, 1);
      |            [01;35m[K^~~~~~~~~[m[K
[01m[K/home/johan/mapping_sample_ros2/src/sensors/fdilink_ahrs_ROS2/src/ahrs_driver.cpp:200:12:[m[K [01;35m[Kwarning: [m[Kunused variable ‘[01m[Kcrc16_L_s[m[K’ [[01;35m[K-Wunused-variable[m[K]
  200 |     size_t [01;35m[Kcrc16_L_s[m[K = serial_.read(head_crc16_L, 1);
      |            [01;35m[K^~~~~~~~~[m[K
