[0.200s] Invoking command in '/home/johan/mapping_sample_ros2/build/fdilink_ahrs': CMAKE_PREFIX_PATH=/opt/ros/foxy /usr/bin/cmake /home/johan/mapping_sample_ros2/src/sensors/fdilink_ahrs_ROS2 -DCMAKE_INSTALL_PREFIX=/home/johan/mapping_sample_ros2/install/fdilink_ahrs
[0.259s] -- The C compiler identification is GNU 9.4.0
[0.302s] -- The CXX compiler identification is GNU 9.4.0
[0.314s] -- Check for working C compiler: /usr/bin/cc
[0.360s] -- Check for working C compiler: /usr/bin/cc -- works
[0.361s] -- Detecting C compiler ABI info
[0.406s] -- Detecting C compiler ABI info - done
[0.418s] -- Detecting C compile features
[0.418s] -- Detecting C compile features - done
[0.420s] -- Check for working CXX compiler: /usr/bin/c++
[0.472s] -- Check for working CXX compiler: /usr/bin/c++ -- works
[0.473s] -- Detecting CXX compiler ABI info
[0.526s] -- Detecting CXX compiler ABI info - done
[0.536s] -- Detecting CXX compile features
[0.536s] -- Detecting CXX compile features - done
[0.547s] -- Found ament_cmake: 0.9.12 (/opt/ros/foxy/share/ament_cmake/cmake)
[0.565s] -- Found PythonInterp: /usr/bin/python3 (found suitable version "3.8.10", minimum required is "3") 
[0.565s] -- Using PYTHON_EXECUTABLE: /usr/bin/python3
[0.691s] -- Found rclcpp: 2.4.3 (/opt/ros/foxy/share/rclcpp/cmake)
[0.728s] -- Using all available rosidl_typesupport_c: rosidl_typesupport_fastrtps_c;rosidl_typesupport_introspection_c
[0.733s] -- Found rosidl_adapter: 1.3.1 (/opt/ros/foxy/share/rosidl_adapter/cmake)
[0.800s] -- Found OpenSSL: /usr/lib/x86_64-linux-gnu/libcrypto.so (found version "1.1.1f")  
[0.821s] -- Found FastRTPS: /opt/ros/foxy/include  
[0.881s] -- Using all available rosidl_typesupport_cpp: rosidl_typesupport_fastrtps_cpp;rosidl_typesupport_introspection_cpp
[0.923s] -- Found rmw_implementation_cmake: 1.0.4 (/opt/ros/foxy/share/rmw_implementation_cmake/cmake)
[0.924s] -- Using RMW implementation 'rmw_fastrtps_cpp' as default
[0.924s] -- Looking for pthread.h
[0.971s] -- Looking for pthread.h - found
[0.971s] -- Performing Test CMAKE_HAVE_LIBC_PTHREAD
[1.023s] -- Performing Test CMAKE_HAVE_LIBC_PTHREAD - Failed
[1.024s] -- Looking for pthread_create in pthreads
[1.063s] -- Looking for pthread_create in pthreads - not found
[1.063s] -- Looking for pthread_create in pthread
[1.108s] -- Looking for pthread_create in pthread - found
[1.109s] -- Found Threads: TRUE  
[1.222s] -- Found rclpy: 1.0.13 (/opt/ros/foxy/share/rclpy/cmake)
[1.223s] -- Found sensor_msgs: 2.0.5 (/opt/ros/foxy/share/sensor_msgs/cmake)
[1.313s] -- Found tf2: 0.13.14 (/opt/ros/foxy/share/tf2/cmake)
[1.321s] -- Found tf2_ros: 0.13.14 (/opt/ros/foxy/share/tf2_ros/cmake)
[1.637s] -- Found nav_msgs: 2.0.5 (/opt/ros/foxy/share/nav_msgs/cmake)
[1.733s] -- Found tf2_geometry_msgs: 0.13.14 (/opt/ros/foxy/share/tf2_geometry_msgs/cmake)
[1.744s] -- Found eigen3_cmake_module: 0.1.1 (/opt/ros/foxy/share/eigen3_cmake_module/cmake)
[1.746s] -- Found Eigen3: TRUE (found version "3.3.7") 
[1.776s] -- Found ament_lint_auto: 0.9.8 (/opt/ros/foxy/share/ament_lint_auto/cmake)
[1.832s] -- Added test 'copyright' to check source files copyright and LICENSE
[1.834s] -- Added test 'cppcheck' to perform static code analysis on C / C++ code
[1.835s] -- Configured cppcheck include dirs: /home/johan/mapping_sample_ros2/src/sensors/fdilink_ahrs_ROS2/include;/home/johan/mapping_sample_ros2/src/sensors/fdilink_ahrs_ROS2/src
[1.835s] -- Configured cppcheck exclude dirs and/or files: 
[1.836s] -- Added test 'cpplint' to check C / C++ code against the Google style
[1.836s] -- Configured cpplint exclude dirs and/or files: 
[1.837s] -- Added test 'flake8' to check Python code syntax and style conventions
[1.837s] -- Added test 'lint_cmake' to check CMake code style
[1.838s] -- Added test 'pep257' to check Python code against some of the style conventions in PEP 257
[1.839s] -- Added test 'uncrustify' to check C / C++ code style
[1.839s] -- Configured uncrustify additional arguments: 
[1.839s] -- Added test 'xmllint' to check XML markup files
[1.842s] -- Configuring done
[1.863s] -- Generating done
[1.865s] -- Build files have been written to: /home/johan/mapping_sample_ros2/build/fdilink_ahrs
[1.873s] Invoked command in '/home/johan/mapping_sample_ros2/build/fdilink_ahrs' returned '0': CMAKE_PREFIX_PATH=/opt/ros/foxy /usr/bin/cmake /home/johan/mapping_sample_ros2/src/sensors/fdilink_ahrs_ROS2 -DCMAKE_INSTALL_PREFIX=/home/johan/mapping_sample_ros2/install/fdilink_ahrs
[1.875s] Invoking command in '/home/johan/mapping_sample_ros2/build/fdilink_ahrs': CMAKE_PREFIX_PATH=/opt/ros/foxy /usr/bin/cmake --build /home/johan/mapping_sample_ros2/build/fdilink_ahrs -- -j16 -l16
[1.906s] [35m[1mScanning dependencies of target odom_node[0m
[1.909s] [35m[1mScanning dependencies of target imu_tf_node[0m
[1.923s] [35m[1mScanning dependencies of target ahrs_driver_node[0m
[1.933s] [ 14%] [32mBuilding CXX object CMakeFiles/odom_node.dir/src/odom_tf.cpp.o[0m
[1.952s] [ 28%] [32mBuilding CXX object CMakeFiles/imu_tf_node.dir/src/imu_tf.cpp.o[0m
[2.005s] [ 42%] [32mBuilding CXX object CMakeFiles/ahrs_driver_node.dir/src/ahrs_driver.cpp.o[0m
[2.005s] [ 57%] [32mBuilding CXX object CMakeFiles/ahrs_driver_node.dir/src/crc_table.cpp.o[0m
[3.365s] [01m[K/home/johan/mapping_sample_ros2/src/sensors/fdilink_ahrs_ROS2/src/ahrs_driver.cpp:[m[K In member function ‘[01m[Kvoid FDILink::ahrsBringup::processLoop()[m[K’:
[3.366s] [01m[K/home/johan/mapping_sample_ros2/src/sensors/fdilink_ahrs_ROS2/src/ahrs_driver.cpp:164:14:[m[K [01;35m[Kwarning: [m[Kunused variable ‘[01m[Kground_sn_s[m[K’ [[01;35m[K-Wunused-variable[m[K]
[3.366s]   164 |       size_t [01;35m[Kground_sn_s[m[K = serial_.read(ground_sn, 1);
[3.366s]       |              [01;35m[K^~~~~~~~~~~[m[K
[3.366s] [01m[K/home/johan/mapping_sample_ros2/src/sensors/fdilink_ahrs_ROS2/src/ahrs_driver.cpp:189:14:[m[K [01;35m[Kwarning: [m[Kunused variable ‘[01m[Kground_ignore_s[m[K’ [[01;35m[K-Wunused-variable[m[K]
[3.366s]   189 |       size_t [01;35m[Kground_ignore_s[m[K = serial_.read(ground_ignore, (check_len[0] + 4));
[3.366s]       |              [01;35m[K^~~~~~~~~~~~~~~[m[K
[3.369s] [01m[K/home/johan/mapping_sample_ros2/src/sensors/fdilink_ahrs_ROS2/src/ahrs_driver.cpp:307:14:[m[K [01;35m[Kwarning: [m[Kunused variable ‘[01m[Kdata_s[m[K’ [[01;35m[K-Wunused-variable[m[K]
[3.369s]   307 |       size_t [01;35m[Kdata_s[m[K = serial_.read(imu_frame_.read_buf.read_msg, (IMU_LEN + 1));  // 48+1
[3.369s]       |              [01;35m[K^~~~~~[m[K
[3.370s] [01m[K/home/johan/mapping_sample_ros2/src/sensors/fdilink_ahrs_ROS2/src/ahrs_driver.cpp:342:14:[m[K [01;35m[Kwarning: [m[Kunused variable ‘[01m[Kdata_s[m[K’ [[01;35m[K-Wunused-variable[m[K]
[3.370s]   342 |       size_t [01;35m[Kdata_s[m[K = serial_.read(ahrs_frame_.read_buf.read_msg, (AHRS_LEN + 1));  // 48+1
[3.370s]       |              [01;35m[K^~~~~~[m[K
[3.371s] [01m[K/home/johan/mapping_sample_ros2/src/sensors/fdilink_ahrs_ROS2/src/ahrs_driver.cpp:377:14:[m[K [01;35m[Kwarning: [m[Kunused variable ‘[01m[Kdata_s[m[K’ [[01;35m[K-Wunused-variable[m[K]
[3.371s]   377 |       size_t [01;35m[Kdata_s[m[K = serial_.read(insgps_frame_.read_buf.read_msg, (INSGPS_LEN + 1));  // 48+1
[3.371s]       |              [01;35m[K^~~~~~[m[K
[3.372s] [01m[K/home/johan/mapping_sample_ros2/src/sensors/fdilink_ahrs_ROS2/src/ahrs_driver.cpp:412:14:[m[K [01;35m[Kwarning: [m[Kunused variable ‘[01m[Kdata_s[m[K’ [[01;35m[K-Wunused-variable[m[K]
[3.372s]   412 |       size_t [01;35m[Kdata_s[m[K = serial_.read(Geodetic_Position_frame_.read_buf.read_msg, (GEODETIC_POS_LEN + 1));  // 24+1
[3.372s]       |              [01;35m[K^~~~~~[m[K
[3.399s] [01m[K/home/johan/mapping_sample_ros2/src/sensors/fdilink_ahrs_ROS2/src/ahrs_driver.cpp:459:26:[m[K [01;35m[Kwarning: [m[Kvariable ‘[01m[Kq_xiao_rr[m[K’ set but not used [[01;35m[K-Wunused-but-set-variable[m[K]
[3.399s]   459 |       Eigen::Quaterniond [01;35m[Kq_xiao_rr[m[K = Eigen::AngleAxisd(PI / 2, Eigen::Vector3d::UnitZ()) *
[3.399s]       |                          [01;35m[K^~~~~~~~~[m[K
[3.419s] [01m[K/home/johan/mapping_sample_ros2/src/sensors/fdilink_ahrs_ROS2/src/ahrs_driver.cpp:122:12:[m[K [01;35m[Kwarning: [m[Kunused variable ‘[01m[Ktype_s[m[K’ [[01;35m[K-Wunused-variable[m[K]
[3.419s]   122 |     size_t [01;35m[Ktype_s[m[K = serial_.read(head_type, 1);
[3.419s]       |            [01;35m[K^~~~~~[m[K
[3.419s] [01m[K/home/johan/mapping_sample_ros2/src/sensors/fdilink_ahrs_ROS2/src/ahrs_driver.cpp:136:12:[m[K [01;35m[Kwarning: [m[Kunused variable ‘[01m[Klen_s[m[K’ [[01;35m[K-Wunused-variable[m[K]
[3.419s]   136 |     size_t [01;35m[Klen_s[m[K = serial_.read(check_len, 1);
[3.419s]       |            [01;35m[K^~~~~[m[K
[3.420s] [01m[K/home/johan/mapping_sample_ros2/src/sensors/fdilink_ahrs_ROS2/src/ahrs_driver.cpp:194:12:[m[K [01;35m[Kwarning: [m[Kunused variable ‘[01m[Ksn_s[m[K’ [[01;35m[K-Wunused-variable[m[K]
[3.420s]   194 |     size_t [01;35m[Ksn_s[m[K = serial_.read(check_sn, 1);
[3.420s]       |            [01;35m[K^~~~[m[K
[3.420s] [01m[K/home/johan/mapping_sample_ros2/src/sensors/fdilink_ahrs_ROS2/src/ahrs_driver.cpp:196:12:[m[K [01;35m[Kwarning: [m[Kunused variable ‘[01m[Kcrc8_s[m[K’ [[01;35m[K-Wunused-variable[m[K]
[3.420s]   196 |     size_t [01;35m[Kcrc8_s[m[K = serial_.read(head_crc8, 1);
[3.420s]       |            [01;35m[K^~~~~~[m[K
[3.420s] [01m[K/home/johan/mapping_sample_ros2/src/sensors/fdilink_ahrs_ROS2/src/ahrs_driver.cpp:199:12:[m[K [01;35m[Kwarning: [m[Kunused variable ‘[01m[Kcrc16_H_s[m[K’ [[01;35m[K-Wunused-variable[m[K]
[3.420s]   199 |     size_t [01;35m[Kcrc16_H_s[m[K = serial_.read(head_crc16_H, 1);
[3.420s]       |            [01;35m[K^~~~~~~~~[m[K
[3.420s] [01m[K/home/johan/mapping_sample_ros2/src/sensors/fdilink_ahrs_ROS2/src/ahrs_driver.cpp:200:12:[m[K [01;35m[Kwarning: [m[Kunused variable ‘[01m[Kcrc16_L_s[m[K’ [[01;35m[K-Wunused-variable[m[K]
[3.420s]   200 |     size_t [01;35m[Kcrc16_L_s[m[K = serial_.read(head_crc16_L, 1);
[3.420s]       |            [01;35m[K^~~~~~~~~[m[K
[5.285s] [ 71%] [32m[1mLinking CXX executable imu_tf_node[0m
[5.471s] [ 71%] Built target imu_tf_node
[5.760s] [ 85%] [32m[1mLinking CXX executable ahrs_driver_node[0m
[5.922s] [ 85%] Built target ahrs_driver_node
[6.073s] [100%] [32m[1mLinking CXX executable odom_node[0m
[6.240s] [100%] Built target odom_node
[6.249s] Invoked command in '/home/johan/mapping_sample_ros2/build/fdilink_ahrs' returned '0': CMAKE_PREFIX_PATH=/opt/ros/foxy /usr/bin/cmake --build /home/johan/mapping_sample_ros2/build/fdilink_ahrs -- -j16 -l16
[6.277s] Invoking command in '/home/johan/mapping_sample_ros2/build/fdilink_ahrs': CMAKE_PREFIX_PATH=/opt/ros/foxy /usr/bin/cmake --install /home/johan/mapping_sample_ros2/build/fdilink_ahrs
[6.287s] -- Install configuration: ""
[6.287s] -- Installing: /home/johan/mapping_sample_ros2/install/fdilink_ahrs/lib/fdilink_ahrs/ahrs_driver_node
[6.289s] -- Set runtime path of "/home/johan/mapping_sample_ros2/install/fdilink_ahrs/lib/fdilink_ahrs/ahrs_driver_node" to ""
[6.289s] -- Installing: /home/johan/mapping_sample_ros2/install/fdilink_ahrs/lib/fdilink_ahrs/imu_tf_node
[6.291s] -- Set runtime path of "/home/johan/mapping_sample_ros2/install/fdilink_ahrs/lib/fdilink_ahrs/imu_tf_node" to ""
[6.291s] -- Installing: /home/johan/mapping_sample_ros2/install/fdilink_ahrs/lib/fdilink_ahrs/odom_node
[6.293s] -- Set runtime path of "/home/johan/mapping_sample_ros2/install/fdilink_ahrs/lib/fdilink_ahrs/odom_node" to ""
[6.293s] -- Installing: /home/johan/mapping_sample_ros2/install/fdilink_ahrs/share/fdilink_ahrs/launch
[6.293s] -- Installing: /home/johan/mapping_sample_ros2/install/fdilink_ahrs/share/fdilink_ahrs/launch/online_async_launch.py
[6.294s] -- Installing: /home/johan/mapping_sample_ros2/install/fdilink_ahrs/share/fdilink_ahrs/launch/robot_localization.launch.py
[6.294s] -- Installing: /home/johan/mapping_sample_ros2/install/fdilink_ahrs/share/fdilink_ahrs/launch/ahrs_driver.launch.py
[6.294s] -- Installing: /home/johan/mapping_sample_ros2/install/fdilink_ahrs/share/fdilink_ahrs/launch/imu_tf.launch.py
[6.294s] -- Installing: /home/johan/mapping_sample_ros2/install/fdilink_ahrs/share/fdilink_ahrs/config
[6.294s] -- Installing: /home/johan/mapping_sample_ros2/install/fdilink_ahrs/share/fdilink_ahrs/config/ekf.yaml
[6.294s] -- Installing: /home/johan/mapping_sample_ros2/install/fdilink_ahrs/share/fdilink_ahrs/config/mapper_params_online_async.yaml
[6.294s] -- Installing: /home/johan/mapping_sample_ros2/install/fdilink_ahrs/share/ament_index/resource_index/package_run_dependencies/fdilink_ahrs
[6.295s] -- Installing: /home/johan/mapping_sample_ros2/install/fdilink_ahrs/share/ament_index/resource_index/parent_prefix_path/fdilink_ahrs
[6.295s] -- Installing: /home/johan/mapping_sample_ros2/install/fdilink_ahrs/share/fdilink_ahrs/environment/ament_prefix_path.sh
[6.295s] -- Installing: /home/johan/mapping_sample_ros2/install/fdilink_ahrs/share/fdilink_ahrs/environment/ament_prefix_path.dsv
[6.295s] -- Installing: /home/johan/mapping_sample_ros2/install/fdilink_ahrs/share/fdilink_ahrs/environment/path.sh
[6.295s] -- Installing: /home/johan/mapping_sample_ros2/install/fdilink_ahrs/share/fdilink_ahrs/environment/path.dsv
[6.295s] -- Installing: /home/johan/mapping_sample_ros2/install/fdilink_ahrs/share/fdilink_ahrs/local_setup.bash
[6.295s] -- Installing: /home/johan/mapping_sample_ros2/install/fdilink_ahrs/share/fdilink_ahrs/local_setup.sh
[6.295s] -- Installing: /home/johan/mapping_sample_ros2/install/fdilink_ahrs/share/fdilink_ahrs/local_setup.zsh
[6.296s] -- Installing: /home/johan/mapping_sample_ros2/install/fdilink_ahrs/share/fdilink_ahrs/local_setup.dsv
[6.296s] -- Installing: /home/johan/mapping_sample_ros2/install/fdilink_ahrs/share/fdilink_ahrs/package.dsv
[6.296s] -- Installing: /home/johan/mapping_sample_ros2/install/fdilink_ahrs/share/ament_index/resource_index/packages/fdilink_ahrs
[6.296s] -- Installing: /home/johan/mapping_sample_ros2/install/fdilink_ahrs/share/fdilink_ahrs/cmake/fdilink_ahrsConfig.cmake
[6.297s] -- Installing: /home/johan/mapping_sample_ros2/install/fdilink_ahrs/share/fdilink_ahrs/cmake/fdilink_ahrsConfig-version.cmake
[6.297s] -- Installing: /home/johan/mapping_sample_ros2/install/fdilink_ahrs/share/fdilink_ahrs/package.xml
[6.297s] Invoked command in '/home/johan/mapping_sample_ros2/build/fdilink_ahrs' returned '0': CMAKE_PREFIX_PATH=/opt/ros/foxy /usr/bin/cmake --install /home/johan/mapping_sample_ros2/build/fdilink_ahrs
